0    INFO  (main) [   ] o.e.j.u.log Logging initialized @346ms
159  INFO  (main) [   ] o.e.j.s.Server jetty-9.3.8.v20160314
173  INFO  (main) [   ] o.e.j.d.p.ScanningAppProvider Deployment monitor [file:///Users/mmarzougui/Documents/tools/solr-6.2.1/server/contexts/] at interval 0
455  INFO  (main) [   ] o.e.j.w.StandardDescriptorProcessor NO JSP Support for /solr, did not find org.apache.jasper.servlet.JspServlet
464  WARN  (main) [   ] o.e.j.s.SecurityHandler ServletContext@o.e.j.w.WebAppContext@6fc6f14e{/solr,file:///Users/mmarzougui/Documents/tools/solr-6.2.1/server/solr-webapp/webapp/,STARTING}{/Users/mmarzougui/Documents/tools/solr-6.2.1/server/solr-webapp/webapp} has uncovered http methods for path: /
473  INFO  (main) [   ] o.a.s.s.SolrDispatchFilter SolrDispatchFilter.init(): WebAppClassLoader=120694604@731a74c
487  INFO  (main) [   ] o.a.s.c.SolrResourceLoader JNDI not configured for solr (NoInitialContextEx)
487  INFO  (main) [   ] o.a.s.c.SolrResourceLoader using system property solr.solr.home: /Users/mmarzougui/Documents/tools/solr-6.2.1/server/solr3
487  INFO  (main) [   ] o.a.s.c.SolrResourceLoader new SolrResourceLoader for directory: '/Users/mmarzougui/Documents/tools/solr-6.2.1/server/solr3'
487  INFO  (main) [   ] o.a.s.c.SolrResourceLoader JNDI not configured for solr (NoInitialContextEx)
487  INFO  (main) [   ] o.a.s.c.SolrResourceLoader using system property solr.solr.home: /Users/mmarzougui/Documents/tools/solr-6.2.1/server/solr3
499  INFO  (main) [   ] o.a.s.c.c.SolrZkClient Using default ZkCredentialsProvider
525  INFO  (main) [   ] o.a.s.c.c.ConnectionManager Waiting for client to connect to ZooKeeper
652  INFO  (zkCallback-1-thread-1) [   ] o.a.s.c.c.ConnectionManager Watcher org.apache.solr.common.cloud.ConnectionManager@59dbf726 name:ZooKeeperConnection Watcher:localhost:2181,localhost:2182,localhost:2183 got event WatchedEvent state:SyncConnected type:None path:null path:null type:None
653  INFO  (main) [   ] o.a.s.c.c.ConnectionManager Client is connected to ZooKeeper
653  INFO  (main) [   ] o.a.s.c.c.SolrZkClient Using default ZkACLProvider
679  INFO  (main) [   ] o.a.s.s.SolrDispatchFilter Loading solr.xml from SolrHome (not found in ZooKeeper)
682  INFO  (main) [   ] o.a.s.c.SolrXmlConfig Loading container configuration from /Users/mmarzougui/Documents/tools/solr-6.2.1/server/solr3/solr.xml
745  INFO  (main) [   ] o.a.s.c.CorePropertiesLocator Config-defined core root directory: /Users/mmarzougui/Documents/tools/solr-6.2.1/server/solr3
766  INFO  (main) [   ] o.a.s.c.CoreContainer New CoreContainer 688726285
766  INFO  (main) [   ] o.a.s.c.CoreContainer Loading cores into CoreContainer [instanceDir=/Users/mmarzougui/Documents/tools/solr-6.2.1/server/solr3]
767  WARN  (main) [   ] o.a.s.c.CoreContainer Couldn't add files from /Users/mmarzougui/Documents/tools/solr-6.2.1/server/solr3/lib to classpath: /Users/mmarzougui/Documents/tools/solr-6.2.1/server/solr3/lib
778  INFO  (main) [   ] o.a.s.h.c.HttpShardHandlerFactory created with socketTimeout : 600000,connTimeout : 60000,maxConnectionsPerHost : 20,maxConnections : 10000,corePoolSize : 0,maximumPoolSize : 2147483647,maxThreadIdleTime : 5,sizeOfQueue : -1,fairnessPolicy : false,useRetries : false,connectionsEvictorSleepDelay : 5000,maxConnectionIdleTime : 40000,
966  INFO  (main) [   ] o.a.s.u.UpdateShardHandler Creating UpdateShardHandler HTTP client with params: socketTimeout=600000&connTimeout=60000&retry=true
969  INFO  (main) [   ] o.a.s.l.LogWatcher SLF4J impl is org.slf4j.impl.Log4jLoggerFactory
970  INFO  (main) [   ] o.a.s.l.LogWatcher Registering Log Listener [Log4j (org.slf4j.impl.Log4jLoggerFactory)]
972  INFO  (main) [   ] o.a.s.c.ZkContainer Zookeeper client=localhost:2181,localhost:2182,localhost:2183
987  INFO  (main) [   ] o.a.s.c.ZkController Added new OnReconnect listener org.apache.solr.cloud.ZkController$$Lambda$4/306612792@59309333
989  INFO  (main) [   ] o.a.s.c.c.ConnectionManager Waiting for client to connect to ZooKeeper
1019 INFO  (zkCallback-4-thread-1-processing-n:192.168.1.27:8985_solr) [   ] o.a.s.c.c.ConnectionManager Watcher org.apache.solr.common.cloud.ConnectionManager@4c5ab1b7 name:ZooKeeperConnection Watcher:localhost:2181,localhost:2182,localhost:2183 got event WatchedEvent state:SyncConnected type:None path:null path:null type:None
1020 INFO  (main) [   ] o.a.s.c.c.ConnectionManager Client is connected to ZooKeeper
1272 INFO  (main) [   ] o.a.s.c.c.ZkStateReader Updating cluster state from ZooKeeper... 
1276 INFO  (main) [   ] o.a.s.c.c.ZkStateReader Loaded empty cluster properties
1281 INFO  (main) [   ] o.a.s.c.c.ZkStateReader Updated live nodes from ZooKeeper... (0) -> (2)
1310 INFO  (main) [   ] o.a.s.c.Overseer Overseer (id=null) closing
1335 INFO  (main) [   ] o.a.s.c.LeaderElector Joined leadership election with path: /overseer_elect/election/97287649486372891-192.168.1.27:8985_solr-n_0000000049
1342 INFO  (main) [   ] o.a.s.c.LeaderElector Watching path /overseer_elect/election/169345243585708041-192.168.1.27:8984_solr-n_0000000048 to know if I could be the leader
1344 INFO  (main) [   ] o.a.s.c.ZkController Publish node=192.168.1.27:8985_solr as DOWN
1407 INFO  (main) [   ] o.a.s.c.ZkController Register node as live in ZooKeeper:/live_nodes/192.168.1.27:8985_solr
1407 INFO  (main) [   ] o.a.s.c.c.SolrZkClient makePath: /live_nodes/192.168.1.27:8985_solr
1440 INFO  (zkCallback-4-thread-1-processing-n:192.168.1.27:8985_solr) [   ] o.a.s.c.c.ZkStateReader A live node change: [WatchedEvent state:SyncConnected type:NodeChildrenChanged path:/live_nodes], has occurred - updating... (live nodes size: [2])
1443 INFO  (zkCallback-4-thread-1-processing-n:192.168.1.27:8985_solr) [   ] o.a.s.c.c.ZkStateReader Updated live nodes from ZooKeeper... (2) -> (3)
1559 INFO  (main) [   ] o.a.s.c.CoreContainer Security conf doesn't exist. Skipping setup for authorization module.
1559 INFO  (main) [   ] o.a.s.c.CoreContainer No authentication plugin used.
1618 INFO  (main) [   ] o.a.s.c.CorePropertiesLocator Looking for core definitions underneath /Users/mmarzougui/Documents/tools/solr-6.2.1/server/solr3
1619 INFO  (main) [   ] o.a.s.c.CorePropertiesLocator Found 0 core definitions
1639 INFO  (main) [   ] o.a.s.s.SolrDispatchFilter user.dir=/Users/mmarzougui/Documents/tools/solr-6.2.1/server
1639 INFO  (main) [   ] o.a.s.s.SolrDispatchFilter SolrDispatchFilter.init() done
1683 INFO  (main) [   ] o.e.j.s.h.ContextHandler Started o.e.j.w.WebAppContext@6fc6f14e{/solr,file:///Users/mmarzougui/Documents/tools/solr-6.2.1/server/solr-webapp/webapp/,AVAILABLE}{/Users/mmarzougui/Documents/tools/solr-6.2.1/server/solr-webapp/webapp}
1693 INFO  (main) [   ] o.e.j.s.ServerConnector Started ServerConnector@45ca843{HTTP/1.1,[http/1.1]}{0.0.0.0:8985}
1693 INFO  (main) [   ] o.e.j.s.Server Started @2041ms
7270 INFO  (zkCallback-4-thread-1-processing-n:192.168.1.27:8985_solr) [   ] o.a.s.c.c.ZkStateReader A live node change: [WatchedEvent state:SyncConnected type:NodeChildrenChanged path:/live_nodes], has occurred - updating... (live nodes size: [3])
7276 INFO  (zkCallback-4-thread-1-processing-n:192.168.1.27:8985_solr) [   ] o.a.s.c.c.ZkStateReader Updated live nodes from ZooKeeper... (3) -> (4)
56382 INFO  (qtp12209492-21) [   ] o.a.s.s.HttpSolrCall [admin] webapp=null path=/admin/cores params={indexInfo=false&wt=json&_=1484521175870} status=0 QTime=51
56455 INFO  (qtp12209492-14) [   ] o.a.s.s.HttpSolrCall [admin] webapp=null path=/admin/info/system params={wt=json&_=1484521175957} status=0 QTime=41
56503 INFO  (qtp12209492-18) [   ] o.a.s.c.ZkController Added new OnReconnect listener org.apache.solr.handler.admin.ZookeeperInfoHandler$PagedCollectionSupport@1b9261d3
56700 INFO  (qtp12209492-18) [   ] o.a.s.s.HttpSolrCall [admin] webapp=null path=/admin/zookeeper params={wt=json&_=1484521176046} status=0 QTime=197
56713 INFO  (qtp12209492-20) [   ] o.a.s.s.HttpSolrCall [admin] webapp=null path=/admin/zookeeper params={path=/live_nodes&wt=json&_=1484521176250} status=0 QTime=7
56741 INFO  (qtp12209492-17) [   ] o.a.s.s.HttpSolrCall [admin] webapp=null path=/admin/zookeeper params={path=/clusterstate.json&view=graph&detail=true&wt=json&_=1484521176261} status=0 QTime=23
56979 INFO  (zkCallback-4-thread-1-processing-n:192.168.1.27:8985_solr) [   ] o.a.s.c.c.ZkStateReader A live node change: [WatchedEvent state:SyncConnected type:NodeChildrenChanged path:/live_nodes], has occurred - updating... (live nodes size: [4])
57097 WARN  (zkCallback-4-thread-3-processing-n:192.168.1.27:8985_solr) [   ] o.a.s.c.c.ConnectionManager Watcher org.apache.solr.common.cloud.ConnectionManager@4c5ab1b7 name:ZooKeeperConnection Watcher:localhost:2181,localhost:2182,localhost:2183 got event WatchedEvent state:Disconnected type:None path:null path:null type:None
57102 WARN  (zkCallback-4-thread-3-processing-n:192.168.1.27:8985_solr) [   ] o.a.s.c.c.ConnectionManager zkClient has disconnected
57370 WARN  (zkCallback-4-thread-9-processing-n:192.168.1.27:8985_solr) [   ] o.a.s.c.c.ConnectionManager Watcher org.apache.solr.common.cloud.ConnectionManager@4c5ab1b7 name:ZooKeeperConnection Watcher:localhost:2181,localhost:2182,localhost:2183 got event WatchedEvent state:Expired type:None path:null path:null type:None
57371 WARN  (zkCallback-4-thread-9-processing-n:192.168.1.27:8985_solr) [   ] o.a.s.c.c.ConnectionManager Our previous ZooKeeper session was expired. Attempting to reconnect to recover relationship with ZooKeeper...
57371 WARN  (zkCallback-4-thread-9-processing-n:192.168.1.27:8985_solr) [   ] o.a.s.c.c.DefaultConnectionStrategy Connection expired - starting a new one...
57372 INFO  (zkCallback-4-thread-9-processing-n:192.168.1.27:8985_solr) [   ] o.a.s.c.c.ConnectionManager Waiting for client to connect to ZooKeeper
57407 INFO  (zkCallback-4-thread-9-processing-n:192.168.1.27:8985_solr-EventThread) [   ] o.a.s.c.c.ConnectionManager Watcher org.apache.solr.common.cloud.ConnectionManager@4c5ab1b7 name:ZooKeeperConnection Watcher:localhost:2181,localhost:2182,localhost:2183 got event WatchedEvent state:SyncConnected type:None path:null path:null type:None
57407 INFO  (zkCallback-4-thread-9-processing-n:192.168.1.27:8985_solr) [   ] o.a.s.c.c.ConnectionManager Client is connected to ZooKeeper
57407 INFO  (zkCallback-4-thread-9-processing-n:192.168.1.27:8985_solr) [   ] o.a.s.c.c.ConnectionManager Connection with ZooKeeper reestablished.
57408 INFO  (zkCallback-4-thread-9-processing-n:192.168.1.27:8985_solr) [   ] o.a.s.c.ZkController ZooKeeper session re-connected ... refreshing core states after session expiration.
57408 INFO  (zkCallback-4-thread-9-processing-n:192.168.1.27:8985_solr) [   ] o.a.s.c.c.ZkStateReader Updating cluster state from ZooKeeper... 
57411 INFO  (zkCallback-4-thread-9-processing-n:192.168.1.27:8985_solr) [   ] o.a.s.c.c.ZkStateReader Loaded empty cluster properties
58599 INFO  (zkCallback-4-thread-9-processing-n:192.168.1.27:8985_solr) [   ] o.a.s.c.c.ZkStateReader Updated live nodes from ZooKeeper... (4) -> (0)
58683 INFO  (zkCallback-4-thread-9-processing-n:192.168.1.27:8985_solr) [   ] o.a.s.c.ElectionContext Canceling election /overseer_elect/election/97287649486372891-192.168.1.27:8985_solr-n_0000000049
58741 INFO  (zkCallback-4-thread-9-processing-n:192.168.1.27:8985_solr) [   ] o.a.s.c.ElectionContext cancelElection did not find election node to remove /overseer_elect/election/97287649486372891-192.168.1.27:8985_solr-n_0000000049
58818 INFO  (zkCallback-4-thread-9-processing-n:192.168.1.27:8985_solr) [   ] o.a.s.c.LeaderElector Joined leadership election with path: /overseer_elect/election/241402837565112335-192.168.1.27:8985_solr-n_0000000054
58874 INFO  (zkCallback-4-thread-9-processing-n:192.168.1.27:8985_solr) [   ] o.a.s.c.LeaderElector Watching path /overseer_elect/election/241402837565112337-192.168.1.27:8984_solr-n_0000000053 to know if I could be the leader
58874 INFO  (zkCallback-4-thread-9-processing-n:192.168.1.27:8985_solr) [   ] o.a.s.c.ZkController Publish node=192.168.1.27:8985_solr as DOWN
58982 INFO  (zkCallback-4-thread-9-processing-n:192.168.1.27:8985_solr) [   ] o.a.s.c.ZkController Register node as live in ZooKeeper:/live_nodes/192.168.1.27:8985_solr
58982 INFO  (zkCallback-4-thread-9-processing-n:192.168.1.27:8985_solr) [   ] o.a.s.c.c.SolrZkClient makePath: /live_nodes/192.168.1.27:8985_solr
58992 INFO  (zkCallback-4-thread-1-processing-n:192.168.1.27:8985_solr) [   ] o.a.s.c.c.ZkStateReader A live node change: [WatchedEvent state:SyncConnected type:NodeChildrenChanged path:/live_nodes], has occurred - updating... (live nodes size: [0])
58992 INFO  (zkCallback-4-thread-8-processing-n:192.168.1.27:8985_solr) [   ] o.a.s.c.c.ZkStateReader A live node change: [WatchedEvent state:SyncConnected type:NodeChildrenChanged path:/live_nodes], has occurred - updating... (live nodes size: [0])
59013 INFO  (zkCallback-4-thread-1-processing-n:192.168.1.27:8985_solr) [   ] o.a.s.c.c.ZkStateReader Updated live nodes from ZooKeeper... (0) -> (1)
59044 INFO  (zkCallback-4-thread-1-processing-n:192.168.1.27:8985_solr) [   ] o.a.s.c.c.ZkStateReader A live node change: [WatchedEvent state:SyncConnected type:NodeChildrenChanged path:/live_nodes], has occurred - updating... (live nodes size: [1])
59044 INFO  (zkCallback-4-thread-8-processing-n:192.168.1.27:8985_solr) [   ] o.a.s.c.c.ZkStateReader Updated live nodes from ZooKeeper... (1) -> (2)
59093 INFO  (zkCallback-4-thread-8-processing-n:192.168.1.27:8985_solr) [   ] o.a.s.c.c.ZkStateReader A live node change: [WatchedEvent state:SyncConnected type:NodeChildrenChanged path:/live_nodes], has occurred - updating... (live nodes size: [2])
59094 INFO  (zkCallback-4-thread-1-processing-n:192.168.1.27:8985_solr) [   ] o.a.s.c.c.ZkStateReader Updated live nodes from ZooKeeper... (2) -> (3)
59100 INFO  (zkCallback-4-thread-8-processing-n:192.168.1.27:8985_solr) [   ] o.a.s.c.c.ZkStateReader Updated live nodes from ZooKeeper... (3) -> (3)
59101 INFO  (zkCallback-4-thread-9-processing-n:192.168.1.27:8985_solr) [   ] o.a.s.c.c.DefaultConnectionStrategy Reconnected to ZooKeeper
59101 INFO  (zkCallback-4-thread-9-processing-n:192.168.1.27:8985_solr) [   ] o.a.s.c.c.ConnectionManager Connected:true
59396 INFO  (zkCallback-4-thread-9-processing-n:192.168.1.27:8985_solr) [   ] o.a.s.c.c.ZkStateReader A live node change: [WatchedEvent state:SyncConnected type:NodeChildrenChanged path:/live_nodes], has occurred - updating... (live nodes size: [3])
59396 INFO  (zkCallback-4-thread-8-processing-n:192.168.1.27:8985_solr) [   ] o.a.s.c.c.ZkStateReader A live node change: [WatchedEvent state:SyncConnected type:NodeChildrenChanged path:/live_nodes], has occurred - updating... (live nodes size: [3])
59400 INFO  (zkCallback-4-thread-9-processing-n:192.168.1.27:8985_solr) [   ] o.a.s.c.c.ZkStateReader Updated live nodes from ZooKeeper... (3) -> (4)
59406 INFO  (zkCallback-4-thread-8-processing-n:192.168.1.27:8985_solr) [   ] o.a.s.c.c.ZkStateReader Updated live nodes from ZooKeeper... (4) -> (4)
133123 ERROR (qtp12209492-20) [   ] o.a.s.h.RequestHandlerBase org.apache.solr.common.SolrException: Cannot unload non-existent core [flash22_shard2_replica1]
	at org.apache.solr.core.CoreContainer.unload(CoreContainer.java:1000)
	at org.apache.solr.handler.admin.CoreAdminOperation.lambda$static$1(CoreAdminOperation.java:136)
	at org.apache.solr.handler.admin.CoreAdminOperation.execute(CoreAdminOperation.java:1056)
	at org.apache.solr.handler.admin.CoreAdminHandler$CallInfo.call(CoreAdminHandler.java:365)
	at org.apache.solr.handler.admin.CoreAdminHandler.handleRequestBody(CoreAdminHandler.java:156)
	at org.apache.solr.handler.RequestHandlerBase.handleRequest(RequestHandlerBase.java:154)
	at org.apache.solr.servlet.HttpSolrCall.handleAdminRequest(HttpSolrCall.java:658)
	at org.apache.solr.servlet.HttpSolrCall.call(HttpSolrCall.java:440)
	at org.apache.solr.servlet.SolrDispatchFilter.doFilter(SolrDispatchFilter.java:257)
	at org.apache.solr.servlet.SolrDispatchFilter.doFilter(SolrDispatchFilter.java:208)
	at org.eclipse.jetty.servlet.ServletHandler$CachedChain.doFilter(ServletHandler.java:1668)
	at org.eclipse.jetty.servlet.ServletHandler.doHandle(ServletHandler.java:581)
	at org.eclipse.jetty.server.handler.ScopedHandler.handle(ScopedHandler.java:143)
	at org.eclipse.jetty.security.SecurityHandler.handle(SecurityHandler.java:548)
	at org.eclipse.jetty.server.session.SessionHandler.doHandle(SessionHandler.java:226)
	at org.eclipse.jetty.server.handler.ContextHandler.doHandle(ContextHandler.java:1160)
	at org.eclipse.jetty.servlet.ServletHandler.doScope(ServletHandler.java:511)
	at org.eclipse.jetty.server.session.SessionHandler.doScope(SessionHandler.java:185)
	at org.eclipse.jetty.server.handler.ContextHandler.doScope(ContextHandler.java:1092)
	at org.eclipse.jetty.server.handler.ScopedHandler.handle(ScopedHandler.java:141)
	at org.eclipse.jetty.server.handler.ContextHandlerCollection.handle(ContextHandlerCollection.java:213)
	at org.eclipse.jetty.server.handler.HandlerCollection.handle(HandlerCollection.java:119)
	at org.eclipse.jetty.server.handler.HandlerWrapper.handle(HandlerWrapper.java:134)
	at org.eclipse.jetty.server.Server.handle(Server.java:518)
	at org.eclipse.jetty.server.HttpChannel.handle(HttpChannel.java:308)
	at org.eclipse.jetty.server.HttpConnection.onFillable(HttpConnection.java:244)
	at org.eclipse.jetty.io.AbstractConnection$ReadCallback.succeeded(AbstractConnection.java:273)
	at org.eclipse.jetty.io.FillInterest.fillable(FillInterest.java:95)
	at org.eclipse.jetty.io.SelectChannelEndPoint$2.run(SelectChannelEndPoint.java:93)
	at org.eclipse.jetty.util.thread.strategy.ExecuteProduceConsume.produceAndRun(ExecuteProduceConsume.java:246)
	at org.eclipse.jetty.util.thread.strategy.ExecuteProduceConsume.run(ExecuteProduceConsume.java:156)
	at org.eclipse.jetty.util.thread.QueuedThreadPool.runJob(QueuedThreadPool.java:654)
	at org.eclipse.jetty.util.thread.QueuedThreadPool$3.run(QueuedThreadPool.java:572)
	at java.lang.Thread.run(Thread.java:745)

133123 INFO  (qtp12209492-20) [   ] o.a.s.s.HttpSolrCall [admin] webapp=null path=/admin/cores params={deleteInstanceDir=true&core=flash22_shard2_replica1&qt=/admin/cores&deleteDataDir=true&action=UNLOAD&wt=javabin&version=2} status=400 QTime=7
133745 INFO  (zkCallback-4-thread-10-processing-n:192.168.1.27:8985_solr) [   ] o.a.s.c.c.ZkStateReader A collections change: [WatchedEvent state:SyncConnected type:NodeChildrenChanged path:/collections], has occurred - updating...
142311 ERROR (qtp12209492-17) [   ] o.a.s.h.RequestHandlerBase org.apache.solr.common.SolrException: Cannot unload non-existent core [flash33_shard1_replica1]
	at org.apache.solr.core.CoreContainer.unload(CoreContainer.java:1000)
	at org.apache.solr.handler.admin.CoreAdminOperation.lambda$static$1(CoreAdminOperation.java:136)
	at org.apache.solr.handler.admin.CoreAdminOperation.execute(CoreAdminOperation.java:1056)
	at org.apache.solr.handler.admin.CoreAdminHandler$CallInfo.call(CoreAdminHandler.java:365)
	at org.apache.solr.handler.admin.CoreAdminHandler.handleRequestBody(CoreAdminHandler.java:156)
	at org.apache.solr.handler.RequestHandlerBase.handleRequest(RequestHandlerBase.java:154)
	at org.apache.solr.servlet.HttpSolrCall.handleAdminRequest(HttpSolrCall.java:658)
	at org.apache.solr.servlet.HttpSolrCall.call(HttpSolrCall.java:440)
	at org.apache.solr.servlet.SolrDispatchFilter.doFilter(SolrDispatchFilter.java:257)
	at org.apache.solr.servlet.SolrDispatchFilter.doFilter(SolrDispatchFilter.java:208)
	at org.eclipse.jetty.servlet.ServletHandler$CachedChain.doFilter(ServletHandler.java:1668)
	at org.eclipse.jetty.servlet.ServletHandler.doHandle(ServletHandler.java:581)
	at org.eclipse.jetty.server.handler.ScopedHandler.handle(ScopedHandler.java:143)
	at org.eclipse.jetty.security.SecurityHandler.handle(SecurityHandler.java:548)
	at org.eclipse.jetty.server.session.SessionHandler.doHandle(SessionHandler.java:226)
	at org.eclipse.jetty.server.handler.ContextHandler.doHandle(ContextHandler.java:1160)
	at org.eclipse.jetty.servlet.ServletHandler.doScope(ServletHandler.java:511)
	at org.eclipse.jetty.server.session.SessionHandler.doScope(SessionHandler.java:185)
	at org.eclipse.jetty.server.handler.ContextHandler.doScope(ContextHandler.java:1092)
	at org.eclipse.jetty.server.handler.ScopedHandler.handle(ScopedHandler.java:141)
	at org.eclipse.jetty.server.handler.ContextHandlerCollection.handle(ContextHandlerCollection.java:213)
	at org.eclipse.jetty.server.handler.HandlerCollection.handle(HandlerCollection.java:119)
	at org.eclipse.jetty.server.handler.HandlerWrapper.handle(HandlerWrapper.java:134)
	at org.eclipse.jetty.server.Server.handle(Server.java:518)
	at org.eclipse.jetty.server.HttpChannel.handle(HttpChannel.java:308)
	at org.eclipse.jetty.server.HttpConnection.onFillable(HttpConnection.java:244)
	at org.eclipse.jetty.io.AbstractConnection$ReadCallback.succeeded(AbstractConnection.java:273)
	at org.eclipse.jetty.io.FillInterest.fillable(FillInterest.java:95)
	at org.eclipse.jetty.io.SelectChannelEndPoint$2.run(SelectChannelEndPoint.java:93)
	at org.eclipse.jetty.util.thread.strategy.ExecuteProduceConsume.produceAndRun(ExecuteProduceConsume.java:246)
	at org.eclipse.jetty.util.thread.strategy.ExecuteProduceConsume.run(ExecuteProduceConsume.java:156)
	at org.eclipse.jetty.util.thread.QueuedThreadPool.runJob(QueuedThreadPool.java:654)
	at org.eclipse.jetty.util.thread.QueuedThreadPool$3.run(QueuedThreadPool.java:572)
	at java.lang.Thread.run(Thread.java:745)

142313 INFO  (qtp12209492-17) [   ] o.a.s.s.HttpSolrCall [admin] webapp=null path=/admin/cores params={deleteInstanceDir=true&core=flash33_shard1_replica1&qt=/admin/cores&deleteDataDir=true&action=UNLOAD&wt=javabin&version=2} status=400 QTime=2
142959 INFO  (zkCallback-4-thread-10-processing-n:192.168.1.27:8985_solr) [   ] o.a.s.c.c.ZkStateReader A collections change: [WatchedEvent state:SyncConnected type:NodeChildrenChanged path:/collections], has occurred - updating...
159590 ERROR (qtp12209492-14) [   ] o.a.s.h.RequestHandlerBase org.apache.solr.common.SolrException: Cannot unload non-existent core [flash44_shard2_replica2]
	at org.apache.solr.core.CoreContainer.unload(CoreContainer.java:1000)
	at org.apache.solr.handler.admin.CoreAdminOperation.lambda$static$1(CoreAdminOperation.java:136)
	at org.apache.solr.handler.admin.CoreAdminOperation.execute(CoreAdminOperation.java:1056)
	at org.apache.solr.handler.admin.CoreAdminHandler$CallInfo.call(CoreAdminHandler.java:365)
	at org.apache.solr.handler.admin.CoreAdminHandler.handleRequestBody(CoreAdminHandler.java:156)
	at org.apache.solr.handler.RequestHandlerBase.handleRequest(RequestHandlerBase.java:154)
	at org.apache.solr.servlet.HttpSolrCall.handleAdminRequest(HttpSolrCall.java:658)
	at org.apache.solr.servlet.HttpSolrCall.call(HttpSolrCall.java:440)
	at org.apache.solr.servlet.SolrDispatchFilter.doFilter(SolrDispatchFilter.java:257)
	at org.apache.solr.servlet.SolrDispatchFilter.doFilter(SolrDispatchFilter.java:208)
	at org.eclipse.jetty.servlet.ServletHandler$CachedChain.doFilter(ServletHandler.java:1668)
	at org.eclipse.jetty.servlet.ServletHandler.doHandle(ServletHandler.java:581)
	at org.eclipse.jetty.server.handler.ScopedHandler.handle(ScopedHandler.java:143)
	at org.eclipse.jetty.security.SecurityHandler.handle(SecurityHandler.java:548)
	at org.eclipse.jetty.server.session.SessionHandler.doHandle(SessionHandler.java:226)
	at org.eclipse.jetty.server.handler.ContextHandler.doHandle(ContextHandler.java:1160)
	at org.eclipse.jetty.servlet.ServletHandler.doScope(ServletHandler.java:511)
	at org.eclipse.jetty.server.session.SessionHandler.doScope(SessionHandler.java:185)
	at org.eclipse.jetty.server.handler.ContextHandler.doScope(ContextHandler.java:1092)
	at org.eclipse.jetty.server.handler.ScopedHandler.handle(ScopedHandler.java:141)
	at org.eclipse.jetty.server.handler.ContextHandlerCollection.handle(ContextHandlerCollection.java:213)
	at org.eclipse.jetty.server.handler.HandlerCollection.handle(HandlerCollection.java:119)
	at org.eclipse.jetty.server.handler.HandlerWrapper.handle(HandlerWrapper.java:134)
	at org.eclipse.jetty.server.Server.handle(Server.java:518)
	at org.eclipse.jetty.server.HttpChannel.handle(HttpChannel.java:308)
	at org.eclipse.jetty.server.HttpConnection.onFillable(HttpConnection.java:244)
	at org.eclipse.jetty.io.AbstractConnection$ReadCallback.succeeded(AbstractConnection.java:273)
	at org.eclipse.jetty.io.FillInterest.fillable(FillInterest.java:95)
	at org.eclipse.jetty.io.SelectChannelEndPoint$2.run(SelectChannelEndPoint.java:93)
	at org.eclipse.jetty.util.thread.strategy.ExecuteProduceConsume.produceAndRun(ExecuteProduceConsume.java:246)
	at org.eclipse.jetty.util.thread.strategy.ExecuteProduceConsume.run(ExecuteProduceConsume.java:156)
	at org.eclipse.jetty.util.thread.QueuedThreadPool.runJob(QueuedThreadPool.java:654)
	at org.eclipse.jetty.util.thread.QueuedThreadPool$3.run(QueuedThreadPool.java:572)
	at java.lang.Thread.run(Thread.java:745)

159590 INFO  (qtp12209492-14) [   ] o.a.s.s.HttpSolrCall [admin] webapp=null path=/admin/cores params={deleteInstanceDir=true&core=flash44_shard2_replica2&qt=/admin/cores&deleteDataDir=true&action=UNLOAD&wt=javabin&version=2} status=400 QTime=1
159603 ERROR (qtp12209492-17) [   ] o.a.s.h.RequestHandlerBase org.apache.solr.common.SolrException: Cannot unload non-existent core [flash44_shard4_replica2]
	at org.apache.solr.core.CoreContainer.unload(CoreContainer.java:1000)
	at org.apache.solr.handler.admin.CoreAdminOperation.lambda$static$1(CoreAdminOperation.java:136)
	at org.apache.solr.handler.admin.CoreAdminOperation.execute(CoreAdminOperation.java:1056)
	at org.apache.solr.handler.admin.CoreAdminHandler$CallInfo.call(CoreAdminHandler.java:365)
	at org.apache.solr.handler.admin.CoreAdminHandler.handleRequestBody(CoreAdminHandler.java:156)
	at org.apache.solr.handler.RequestHandlerBase.handleRequest(RequestHandlerBase.java:154)
	at org.apache.solr.servlet.HttpSolrCall.handleAdminRequest(HttpSolrCall.java:658)
	at org.apache.solr.servlet.HttpSolrCall.call(HttpSolrCall.java:440)
	at org.apache.solr.servlet.SolrDispatchFilter.doFilter(SolrDispatchFilter.java:257)
	at org.apache.solr.servlet.SolrDispatchFilter.doFilter(SolrDispatchFilter.java:208)
	at org.eclipse.jetty.servlet.ServletHandler$CachedChain.doFilter(ServletHandler.java:1668)
	at org.eclipse.jetty.servlet.ServletHandler.doHandle(ServletHandler.java:581)
	at org.eclipse.jetty.server.handler.ScopedHandler.handle(ScopedHandler.java:143)
	at org.eclipse.jetty.security.SecurityHandler.handle(SecurityHandler.java:548)
	at org.eclipse.jetty.server.session.SessionHandler.doHandle(SessionHandler.java:226)
	at org.eclipse.jetty.server.handler.ContextHandler.doHandle(ContextHandler.java:1160)
	at org.eclipse.jetty.servlet.ServletHandler.doScope(ServletHandler.java:511)
	at org.eclipse.jetty.server.session.SessionHandler.doScope(SessionHandler.java:185)
	at org.eclipse.jetty.server.handler.ContextHandler.doScope(ContextHandler.java:1092)
	at org.eclipse.jetty.server.handler.ScopedHandler.handle(ScopedHandler.java:141)
	at org.eclipse.jetty.server.handler.ContextHandlerCollection.handle(ContextHandlerCollection.java:213)
	at org.eclipse.jetty.server.handler.HandlerCollection.handle(HandlerCollection.java:119)
	at org.eclipse.jetty.server.handler.HandlerWrapper.handle(HandlerWrapper.java:134)
	at org.eclipse.jetty.server.Server.handle(Server.java:518)
	at org.eclipse.jetty.server.HttpChannel.handle(HttpChannel.java:308)
	at org.eclipse.jetty.server.HttpConnection.onFillable(HttpConnection.java:244)
	at org.eclipse.jetty.io.AbstractConnection$ReadCallback.succeeded(AbstractConnection.java:273)
	at org.eclipse.jetty.io.FillInterest.fillable(FillInterest.java:95)
	at org.eclipse.jetty.io.SelectChannelEndPoint$2.run(SelectChannelEndPoint.java:93)
	at org.eclipse.jetty.util.thread.strategy.ExecuteProduceConsume.produceAndRun(ExecuteProduceConsume.java:246)
	at org.eclipse.jetty.util.thread.strategy.ExecuteProduceConsume.run(ExecuteProduceConsume.java:156)
	at org.eclipse.jetty.util.thread.QueuedThreadPool.runJob(QueuedThreadPool.java:654)
	at org.eclipse.jetty.util.thread.QueuedThreadPool$3.run(QueuedThreadPool.java:572)
	at java.lang.Thread.run(Thread.java:745)

159603 INFO  (qtp12209492-17) [   ] o.a.s.s.HttpSolrCall [admin] webapp=null path=/admin/cores params={deleteInstanceDir=true&core=flash44_shard4_replica2&qt=/admin/cores&deleteDataDir=true&action=UNLOAD&wt=javabin&version=2} status=400 QTime=1
160151 INFO  (zkCallback-4-thread-10-processing-n:192.168.1.27:8985_solr) [   ] o.a.s.c.c.ZkStateReader A collections change: [WatchedEvent state:SyncConnected type:NodeChildrenChanged path:/collections], has occurred - updating...
170728 ERROR (qtp12209492-14) [   ] o.a.s.h.RequestHandlerBase org.apache.solr.common.SolrException: Cannot unload non-existent core [flash55_shard2_replica2]
	at org.apache.solr.core.CoreContainer.unload(CoreContainer.java:1000)
	at org.apache.solr.handler.admin.CoreAdminOperation.lambda$static$1(CoreAdminOperation.java:136)
	at org.apache.solr.handler.admin.CoreAdminOperation.execute(CoreAdminOperation.java:1056)
	at org.apache.solr.handler.admin.CoreAdminHandler$CallInfo.call(CoreAdminHandler.java:365)
	at org.apache.solr.handler.admin.CoreAdminHandler.handleRequestBody(CoreAdminHandler.java:156)
	at org.apache.solr.handler.RequestHandlerBase.handleRequest(RequestHandlerBase.java:154)
	at org.apache.solr.servlet.HttpSolrCall.handleAdminRequest(HttpSolrCall.java:658)
	at org.apache.solr.servlet.HttpSolrCall.call(HttpSolrCall.java:440)
	at org.apache.solr.servlet.SolrDispatchFilter.doFilter(SolrDispatchFilter.java:257)
	at org.apache.solr.servlet.SolrDispatchFilter.doFilter(SolrDispatchFilter.java:208)
	at org.eclipse.jetty.servlet.ServletHandler$CachedChain.doFilter(ServletHandler.java:1668)
	at org.eclipse.jetty.servlet.ServletHandler.doHandle(ServletHandler.java:581)
	at org.eclipse.jetty.server.handler.ScopedHandler.handle(ScopedHandler.java:143)
	at org.eclipse.jetty.security.SecurityHandler.handle(SecurityHandler.java:548)
	at org.eclipse.jetty.server.session.SessionHandler.doHandle(SessionHandler.java:226)
	at org.eclipse.jetty.server.handler.ContextHandler.doHandle(ContextHandler.java:1160)
	at org.eclipse.jetty.servlet.ServletHandler.doScope(ServletHandler.java:511)
	at org.eclipse.jetty.server.session.SessionHandler.doScope(SessionHandler.java:185)
	at org.eclipse.jetty.server.handler.ContextHandler.doScope(ContextHandler.java:1092)
	at org.eclipse.jetty.server.handler.ScopedHandler.handle(ScopedHandler.java:141)
	at org.eclipse.jetty.server.handler.ContextHandlerCollection.handle(ContextHandlerCollection.java:213)
	at org.eclipse.jetty.server.handler.HandlerCollection.handle(HandlerCollection.java:119)
	at org.eclipse.jetty.server.handler.HandlerWrapper.handle(HandlerWrapper.java:134)
	at org.eclipse.jetty.server.Server.handle(Server.java:518)
	at org.eclipse.jetty.server.HttpChannel.handle(HttpChannel.java:308)
	at org.eclipse.jetty.server.HttpConnection.onFillable(HttpConnection.java:244)
	at org.eclipse.jetty.io.AbstractConnection$ReadCallback.succeeded(AbstractConnection.java:273)
	at org.eclipse.jetty.io.FillInterest.fillable(FillInterest.java:95)
	at org.eclipse.jetty.io.SelectChannelEndPoint$2.run(SelectChannelEndPoint.java:93)
	at org.eclipse.jetty.util.thread.strategy.ExecuteProduceConsume.produceAndRun(ExecuteProduceConsume.java:246)
	at org.eclipse.jetty.util.thread.strategy.ExecuteProduceConsume.run(ExecuteProduceConsume.java:156)
	at org.eclipse.jetty.util.thread.QueuedThreadPool.runJob(QueuedThreadPool.java:654)
	at org.eclipse.jetty.util.thread.QueuedThreadPool$3.run(QueuedThreadPool.java:572)
	at java.lang.Thread.run(Thread.java:745)

170728 INFO  (qtp12209492-14) [   ] o.a.s.s.HttpSolrCall [admin] webapp=null path=/admin/cores params={deleteInstanceDir=true&core=flash55_shard2_replica2&qt=/admin/cores&deleteDataDir=true&action=UNLOAD&wt=javabin&version=2} status=400 QTime=1
170731 ERROR (qtp12209492-19) [   ] o.a.s.h.RequestHandlerBase org.apache.solr.common.SolrException: Cannot unload non-existent core [flash55_shard1_replica2]
	at org.apache.solr.core.CoreContainer.unload(CoreContainer.java:1000)
	at org.apache.solr.handler.admin.CoreAdminOperation.lambda$static$1(CoreAdminOperation.java:136)
	at org.apache.solr.handler.admin.CoreAdminOperation.execute(CoreAdminOperation.java:1056)
	at org.apache.solr.handler.admin.CoreAdminHandler$CallInfo.call(CoreAdminHandler.java:365)
	at org.apache.solr.handler.admin.CoreAdminHandler.handleRequestBody(CoreAdminHandler.java:156)
	at org.apache.solr.handler.RequestHandlerBase.handleRequest(RequestHandlerBase.java:154)
	at org.apache.solr.servlet.HttpSolrCall.handleAdminRequest(HttpSolrCall.java:658)
	at org.apache.solr.servlet.HttpSolrCall.call(HttpSolrCall.java:440)
	at org.apache.solr.servlet.SolrDispatchFilter.doFilter(SolrDispatchFilter.java:257)
	at org.apache.solr.servlet.SolrDispatchFilter.doFilter(SolrDispatchFilter.java:208)
	at org.eclipse.jetty.servlet.ServletHandler$CachedChain.doFilter(ServletHandler.java:1668)
	at org.eclipse.jetty.servlet.ServletHandler.doHandle(ServletHandler.java:581)
	at org.eclipse.jetty.server.handler.ScopedHandler.handle(ScopedHandler.java:143)
	at org.eclipse.jetty.security.SecurityHandler.handle(SecurityHandler.java:548)
	at org.eclipse.jetty.server.session.SessionHandler.doHandle(SessionHandler.java:226)
	at org.eclipse.jetty.server.handler.ContextHandler.doHandle(ContextHandler.java:1160)
	at org.eclipse.jetty.servlet.ServletHandler.doScope(ServletHandler.java:511)
	at org.eclipse.jetty.server.session.SessionHandler.doScope(SessionHandler.java:185)
	at org.eclipse.jetty.server.handler.ContextHandler.doScope(ContextHandler.java:1092)
	at org.eclipse.jetty.server.handler.ScopedHandler.handle(ScopedHandler.java:141)
	at org.eclipse.jetty.server.handler.ContextHandlerCollection.handle(ContextHandlerCollection.java:213)
	at org.eclipse.jetty.server.handler.HandlerCollection.handle(HandlerCollection.java:119)
	at org.eclipse.jetty.server.handler.HandlerWrapper.handle(HandlerWrapper.java:134)
	at org.eclipse.jetty.server.Server.handle(Server.java:518)
	at org.eclipse.jetty.server.HttpChannel.handle(HttpChannel.java:308)
	at org.eclipse.jetty.server.HttpConnection.onFillable(HttpConnection.java:244)
	at org.eclipse.jetty.io.AbstractConnection$ReadCallback.succeeded(AbstractConnection.java:273)
	at org.eclipse.jetty.io.FillInterest.fillable(FillInterest.java:95)
	at org.eclipse.jetty.io.SelectChannelEndPoint$2.run(SelectChannelEndPoint.java:93)
	at org.eclipse.jetty.util.thread.strategy.ExecuteProduceConsume.produceAndRun(ExecuteProduceConsume.java:246)
	at org.eclipse.jetty.util.thread.strategy.ExecuteProduceConsume.run(ExecuteProduceConsume.java:156)
	at org.eclipse.jetty.util.thread.QueuedThreadPool.runJob(QueuedThreadPool.java:654)
	at org.eclipse.jetty.util.thread.QueuedThreadPool$3.run(QueuedThreadPool.java:572)
	at java.lang.Thread.run(Thread.java:745)

170732 INFO  (qtp12209492-19) [   ] o.a.s.s.HttpSolrCall [admin] webapp=null path=/admin/cores params={deleteInstanceDir=true&core=flash55_shard1_replica2&qt=/admin/cores&deleteDataDir=true&action=UNLOAD&wt=javabin&version=2} status=400 QTime=2
170755 ERROR (qtp12209492-13) [   ] o.a.s.h.RequestHandlerBase org.apache.solr.common.SolrException: Cannot unload non-existent core [flash55_shard3_replica2]
	at org.apache.solr.core.CoreContainer.unload(CoreContainer.java:1000)
	at org.apache.solr.handler.admin.CoreAdminOperation.lambda$static$1(CoreAdminOperation.java:136)
	at org.apache.solr.handler.admin.CoreAdminOperation.execute(CoreAdminOperation.java:1056)
	at org.apache.solr.handler.admin.CoreAdminHandler$CallInfo.call(CoreAdminHandler.java:365)
	at org.apache.solr.handler.admin.CoreAdminHandler.handleRequestBody(CoreAdminHandler.java:156)
	at org.apache.solr.handler.RequestHandlerBase.handleRequest(RequestHandlerBase.java:154)
	at org.apache.solr.servlet.HttpSolrCall.handleAdminRequest(HttpSolrCall.java:658)
	at org.apache.solr.servlet.HttpSolrCall.call(HttpSolrCall.java:440)
	at org.apache.solr.servlet.SolrDispatchFilter.doFilter(SolrDispatchFilter.java:257)
	at org.apache.solr.servlet.SolrDispatchFilter.doFilter(SolrDispatchFilter.java:208)
	at org.eclipse.jetty.servlet.ServletHandler$CachedChain.doFilter(ServletHandler.java:1668)
	at org.eclipse.jetty.servlet.ServletHandler.doHandle(ServletHandler.java:581)
	at org.eclipse.jetty.server.handler.ScopedHandler.handle(ScopedHandler.java:143)
	at org.eclipse.jetty.security.SecurityHandler.handle(SecurityHandler.java:548)
	at org.eclipse.jetty.server.session.SessionHandler.doHandle(SessionHandler.java:226)
	at org.eclipse.jetty.server.handler.ContextHandler.doHandle(ContextHandler.java:1160)
	at org.eclipse.jetty.servlet.ServletHandler.doScope(ServletHandler.java:511)
	at org.eclipse.jetty.server.session.SessionHandler.doScope(SessionHandler.java:185)
	at org.eclipse.jetty.server.handler.ContextHandler.doScope(ContextHandler.java:1092)
	at org.eclipse.jetty.server.handler.ScopedHandler.handle(ScopedHandler.java:141)
	at org.eclipse.jetty.server.handler.ContextHandlerCollection.handle(ContextHandlerCollection.java:213)
	at org.eclipse.jetty.server.handler.HandlerCollection.handle(HandlerCollection.java:119)
	at org.eclipse.jetty.server.handler.HandlerWrapper.handle(HandlerWrapper.java:134)
	at org.eclipse.jetty.server.Server.handle(Server.java:518)
	at org.eclipse.jetty.server.HttpChannel.handle(HttpChannel.java:308)
	at org.eclipse.jetty.server.HttpConnection.onFillable(HttpConnection.java:244)
	at org.eclipse.jetty.io.AbstractConnection$ReadCallback.succeeded(AbstractConnection.java:273)
	at org.eclipse.jetty.io.FillInterest.fillable(FillInterest.java:95)
	at org.eclipse.jetty.io.SelectChannelEndPoint$2.run(SelectChannelEndPoint.java:93)
	at org.eclipse.jetty.util.thread.strategy.ExecuteProduceConsume.produceAndRun(ExecuteProduceConsume.java:246)
	at org.eclipse.jetty.util.thread.strategy.ExecuteProduceConsume.run(ExecuteProduceConsume.java:156)
	at org.eclipse.jetty.util.thread.QueuedThreadPool.runJob(QueuedThreadPool.java:654)
	at org.eclipse.jetty.util.thread.QueuedThreadPool$3.run(QueuedThreadPool.java:572)
	at java.lang.Thread.run(Thread.java:745)

170755 INFO  (qtp12209492-13) [   ] o.a.s.s.HttpSolrCall [admin] webapp=null path=/admin/cores params={deleteInstanceDir=true&core=flash55_shard3_replica2&qt=/admin/cores&deleteDataDir=true&action=UNLOAD&wt=javabin&version=2} status=400 QTime=1
170757 ERROR (qtp12209492-14) [   ] o.a.s.h.RequestHandlerBase org.apache.solr.common.SolrException: Cannot unload non-existent core [flash55_shard4_replica2]
	at org.apache.solr.core.CoreContainer.unload(CoreContainer.java:1000)
	at org.apache.solr.handler.admin.CoreAdminOperation.lambda$static$1(CoreAdminOperation.java:136)
	at org.apache.solr.handler.admin.CoreAdminOperation.execute(CoreAdminOperation.java:1056)
	at org.apache.solr.handler.admin.CoreAdminHandler$CallInfo.call(CoreAdminHandler.java:365)
	at org.apache.solr.handler.admin.CoreAdminHandler.handleRequestBody(CoreAdminHandler.java:156)
	at org.apache.solr.handler.RequestHandlerBase.handleRequest(RequestHandlerBase.java:154)
	at org.apache.solr.servlet.HttpSolrCall.handleAdminRequest(HttpSolrCall.java:658)
	at org.apache.solr.servlet.HttpSolrCall.call(HttpSolrCall.java:440)
	at org.apache.solr.servlet.SolrDispatchFilter.doFilter(SolrDispatchFilter.java:257)
	at org.apache.solr.servlet.SolrDispatchFilter.doFilter(SolrDispatchFilter.java:208)
	at org.eclipse.jetty.servlet.ServletHandler$CachedChain.doFilter(ServletHandler.java:1668)
	at org.eclipse.jetty.servlet.ServletHandler.doHandle(ServletHandler.java:581)
	at org.eclipse.jetty.server.handler.ScopedHandler.handle(ScopedHandler.java:143)
	at org.eclipse.jetty.security.SecurityHandler.handle(SecurityHandler.java:548)
	at org.eclipse.jetty.server.session.SessionHandler.doHandle(SessionHandler.java:226)
	at org.eclipse.jetty.server.handler.ContextHandler.doHandle(ContextHandler.java:1160)
	at org.eclipse.jetty.servlet.ServletHandler.doScope(ServletHandler.java:511)
	at org.eclipse.jetty.server.session.SessionHandler.doScope(SessionHandler.java:185)
	at org.eclipse.jetty.server.handler.ContextHandler.doScope(ContextHandler.java:1092)
	at org.eclipse.jetty.server.handler.ScopedHandler.handle(ScopedHandler.java:141)
	at org.eclipse.jetty.server.handler.ContextHandlerCollection.handle(ContextHandlerCollection.java:213)
	at org.eclipse.jetty.server.handler.HandlerCollection.handle(HandlerCollection.java:119)
	at org.eclipse.jetty.server.handler.HandlerWrapper.handle(HandlerWrapper.java:134)
	at org.eclipse.jetty.server.Server.handle(Server.java:518)
	at org.eclipse.jetty.server.HttpChannel.handle(HttpChannel.java:308)
	at org.eclipse.jetty.server.HttpConnection.onFillable(HttpConnection.java:244)
	at org.eclipse.jetty.io.AbstractConnection$ReadCallback.succeeded(AbstractConnection.java:273)
	at org.eclipse.jetty.io.FillInterest.fillable(FillInterest.java:95)
	at org.eclipse.jetty.io.SelectChannelEndPoint$2.run(SelectChannelEndPoint.java:93)
	at org.eclipse.jetty.util.thread.strategy.ExecuteProduceConsume.produceAndRun(ExecuteProduceConsume.java:246)
	at org.eclipse.jetty.util.thread.strategy.ExecuteProduceConsume.run(ExecuteProduceConsume.java:156)
	at org.eclipse.jetty.util.thread.QueuedThreadPool.runJob(QueuedThreadPool.java:654)
	at org.eclipse.jetty.util.thread.QueuedThreadPool$3.run(QueuedThreadPool.java:572)
	at java.lang.Thread.run(Thread.java:745)

170757 INFO  (qtp12209492-14) [   ] o.a.s.s.HttpSolrCall [admin] webapp=null path=/admin/cores params={deleteInstanceDir=true&core=flash55_shard4_replica2&qt=/admin/cores&deleteDataDir=true&action=UNLOAD&wt=javabin&version=2} status=400 QTime=1
171346 INFO  (zkCallback-4-thread-10-processing-n:192.168.1.27:8985_solr) [   ] o.a.s.c.c.ZkStateReader A collections change: [WatchedEvent state:SyncConnected type:NodeChildrenChanged path:/collections], has occurred - updating...
184753 ERROR (qtp12209492-12) [   ] o.a.s.h.RequestHandlerBase org.apache.solr.common.SolrException: Cannot unload non-existent core [flash_shard2_replica1]
	at org.apache.solr.core.CoreContainer.unload(CoreContainer.java:1000)
	at org.apache.solr.handler.admin.CoreAdminOperation.lambda$static$1(CoreAdminOperation.java:136)
	at org.apache.solr.handler.admin.CoreAdminOperation.execute(CoreAdminOperation.java:1056)
	at org.apache.solr.handler.admin.CoreAdminHandler$CallInfo.call(CoreAdminHandler.java:365)
	at org.apache.solr.handler.admin.CoreAdminHandler.handleRequestBody(CoreAdminHandler.java:156)
	at org.apache.solr.handler.RequestHandlerBase.handleRequest(RequestHandlerBase.java:154)
	at org.apache.solr.servlet.HttpSolrCall.handleAdminRequest(HttpSolrCall.java:658)
	at org.apache.solr.servlet.HttpSolrCall.call(HttpSolrCall.java:440)
	at org.apache.solr.servlet.SolrDispatchFilter.doFilter(SolrDispatchFilter.java:257)
	at org.apache.solr.servlet.SolrDispatchFilter.doFilter(SolrDispatchFilter.java:208)
	at org.eclipse.jetty.servlet.ServletHandler$CachedChain.doFilter(ServletHandler.java:1668)
	at org.eclipse.jetty.servlet.ServletHandler.doHandle(ServletHandler.java:581)
	at org.eclipse.jetty.server.handler.ScopedHandler.handle(ScopedHandler.java:143)
	at org.eclipse.jetty.security.SecurityHandler.handle(SecurityHandler.java:548)
	at org.eclipse.jetty.server.session.SessionHandler.doHandle(SessionHandler.java:226)
	at org.eclipse.jetty.server.handler.ContextHandler.doHandle(ContextHandler.java:1160)
	at org.eclipse.jetty.servlet.ServletHandler.doScope(ServletHandler.java:511)
	at org.eclipse.jetty.server.session.SessionHandler.doScope(SessionHandler.java:185)
	at org.eclipse.jetty.server.handler.ContextHandler.doScope(ContextHandler.java:1092)
	at org.eclipse.jetty.server.handler.ScopedHandler.handle(ScopedHandler.java:141)
	at org.eclipse.jetty.server.handler.ContextHandlerCollection.handle(ContextHandlerCollection.java:213)
	at org.eclipse.jetty.server.handler.HandlerCollection.handle(HandlerCollection.java:119)
	at org.eclipse.jetty.server.handler.HandlerWrapper.handle(HandlerWrapper.java:134)
	at org.eclipse.jetty.server.Server.handle(Server.java:518)
	at org.eclipse.jetty.server.HttpChannel.handle(HttpChannel.java:308)
	at org.eclipse.jetty.server.HttpConnection.onFillable(HttpConnection.java:244)
	at org.eclipse.jetty.io.AbstractConnection$ReadCallback.succeeded(AbstractConnection.java:273)
	at org.eclipse.jetty.io.FillInterest.fillable(FillInterest.java:95)
	at org.eclipse.jetty.io.SelectChannelEndPoint$2.run(SelectChannelEndPoint.java:93)
	at org.eclipse.jetty.util.thread.strategy.ExecuteProduceConsume.produceAndRun(ExecuteProduceConsume.java:246)
	at org.eclipse.jetty.util.thread.strategy.ExecuteProduceConsume.run(ExecuteProduceConsume.java:156)
	at org.eclipse.jetty.util.thread.QueuedThreadPool.runJob(QueuedThreadPool.java:654)
	at org.eclipse.jetty.util.thread.QueuedThreadPool$3.run(QueuedThreadPool.java:572)
	at java.lang.Thread.run(Thread.java:745)

184753 INFO  (qtp12209492-12) [   ] o.a.s.s.HttpSolrCall [admin] webapp=null path=/admin/cores params={deleteInstanceDir=true&core=flash_shard2_replica1&qt=/admin/cores&deleteDataDir=true&action=UNLOAD&wt=javabin&version=2} status=400 QTime=1
185159 INFO  (zkCallback-4-thread-10-processing-n:192.168.1.27:8985_solr) [   ] o.a.s.c.c.ZkStateReader A collections change: [WatchedEvent state:SyncConnected type:NodeChildrenChanged path:/collections], has occurred - updating...
200886 INFO  (zkCallback-4-thread-10-processing-n:192.168.1.27:8985_solr) [   ] o.a.s.c.c.ZkStateReader A live node change: [WatchedEvent state:SyncConnected type:NodeChildrenChanged path:/live_nodes], has occurred - updating... (live nodes size: [4])
200888 INFO  (zkCallback-4-thread-11-processing-n:192.168.1.27:8985_solr) [   ] o.a.s.c.c.ZkStateReader A live node change: [WatchedEvent state:SyncConnected type:NodeChildrenChanged path:/live_nodes], has occurred - updating... (live nodes size: [4])
200896 INFO  (zkCallback-4-thread-10-processing-n:192.168.1.27:8985_solr) [   ] o.a.s.c.c.ZkStateReader Updated live nodes from ZooKeeper... (4) -> (3)
200899 INFO  (zkCallback-4-thread-11-processing-n:192.168.1.27:8985_solr) [   ] o.a.s.c.c.ZkStateReader Updated live nodes from ZooKeeper... (3) -> (3)
206741 INFO  (zkCallback-4-thread-10-processing-n:192.168.1.27:8985_solr) [   ] o.a.s.c.c.ZkStateReader A live node change: [WatchedEvent state:SyncConnected type:NodeChildrenChanged path:/live_nodes], has occurred - updating... (live nodes size: [3])
206741 INFO  (zkCallback-4-thread-12-processing-n:192.168.1.27:8985_solr) [   ] o.a.s.c.c.ZkStateReader A live node change: [WatchedEvent state:SyncConnected type:NodeChildrenChanged path:/live_nodes], has occurred - updating... (live nodes size: [3])
206751 INFO  (zkCallback-4-thread-10-processing-n:192.168.1.27:8985_solr) [   ] o.a.s.c.c.ZkStateReader Updated live nodes from ZooKeeper... (3) -> (2)
206781 INFO  (zkCallback-4-thread-11-processing-n:192.168.1.27:8985_solr) [   ] o.a.s.c.LeaderElector Watching path /overseer_elect/election/241402837565112334-192.168.1.27:8986_solr-n_0000000051 to know if I could be the leader
206782 INFO  (zkCallback-4-thread-12-processing-n:192.168.1.27:8985_solr) [   ] o.a.s.c.c.ZkStateReader Updated live nodes from ZooKeeper... (2) -> (2)
212457 INFO  (ShutdownMonitor) [   ] o.e.j.s.ServerConnector Stopped ServerConnector@45ca843{HTTP/1.1,[http/1.1]}{0.0.0.0:8985}
212458 INFO  (ShutdownMonitor) [   ] o.a.s.c.CoreContainer Shutting down CoreContainer instance=688726285
212458 INFO  (ShutdownMonitor) [   ] o.a.s.c.ZkController Publish node=192.168.1.27:8985_solr as DOWN
212530 INFO  (zkCallback-4-thread-12-processing-n:192.168.1.27:8985_solr) [   ] o.a.s.c.c.ZkStateReader A live node change: [WatchedEvent state:SyncConnected type:NodeChildrenChanged path:/live_nodes], has occurred - updating... (live nodes size: [2])
212531 WARN  (zkCallback-4-thread-12-processing-n:192.168.1.27:8985_solr) [   ] o.a.s.c.c.ZkStateReader ZooKeeper watch triggered, but Solr cannot talk to ZK: [KeeperErrorCode = Session expired for /live_nodes]
212531 INFO  (zkCallback-4-thread-11-processing-n:192.168.1.27:8985_solr) [   ] o.a.s.c.c.ZkStateReader A live node change: [WatchedEvent state:SyncConnected type:NodeChildrenChanged path:/live_nodes], has occurred - updating... (live nodes size: [2])
212531 WARN  (zkCallback-4-thread-11-processing-n:192.168.1.27:8985_solr) [   ] o.a.s.c.c.ZkStateReader ZooKeeper watch triggered, but Solr cannot talk to ZK: [KeeperErrorCode = Session expired for /live_nodes]
212536 INFO  (ShutdownMonitor) [   ] o.e.j.s.h.ContextHandler Stopped o.e.j.w.WebAppContext@6fc6f14e{/solr,null,UNAVAILABLE}{/Users/mmarzougui/Documents/tools/solr-6.2.1/server/solr-webapp/webapp}
