Java HotSpot(TM) 64-Bit Server VM (25.111-b14) for bsd-amd64 JRE (1.8.0_111-b14), built on Sep 22 2016 15:31:41 by "java_re" with gcc 4.2.1 (Based on Apple Inc. build 5658) (LLVM build 2336.11.00)
Memory: 4k page, physical 16777216k(2103448k free)

/proc/meminfo:

CommandLine flags: -XX:CMSInitiatingOccupancyFraction=50 -XX:CMSMaxAbortablePrecleanTime=6000 -XX:+CMSParallelRemarkEnabled -XX:+CMSScavengeBeforeRemark -XX:ConcGCThreads=4 -XX:InitialHeapSize=536870912 -XX:MaxHeapSize=536870912 -XX:MaxTenuringThreshold=8 -XX:NewRatio=3 -XX:OldPLABSize=16 -XX:OnOutOfMemoryError=/Users/mmarzougui/Documents/tools/solr-6.2.1/bin/oom_solr.sh 8983 /Users/mmarzougui/Documents/tools/solr-6.2.1/example/techproducts/solr//../logs -XX:ParallelGCThreads=4 -XX:+ParallelRefProcEnabled -XX:PretenureSizeThreshold=67108864 -XX:+PrintGC -XX:+PrintGCApplicationStoppedTime -XX:+PrintGCDateStamps -XX:+PrintGCDetails -XX:+PrintGCTimeStamps -XX:+PrintHeapAtGC -XX:+PrintTenuringDistribution -XX:SurvivorRatio=4 -XX:TargetSurvivorRatio=90 -XX:ThreadStackSize=256 -XX:+UseCMSInitiatingOccupancyOnly -XX:+UseCompressedClassPointers -XX:+UseCompressedOops -XX:+UseConcMarkSweepGC -XX:+UseParNewGC 
2017-01-15T15:35:13.983-0100: 0.144: Total time for which application threads were stopped: 0.0000875 seconds, Stopping threads took: 0.0000107 seconds
2017-01-15T15:35:14.059-0100: 0.219: Total time for which application threads were stopped: 0.0001215 seconds, Stopping threads took: 0.0000152 seconds
2017-01-15T15:35:14.340-0100: 0.500: Total time for which application threads were stopped: 0.0001702 seconds, Stopping threads took: 0.0000126 seconds
2017-01-15T15:35:14.397-0100: 0.558: Total time for which application threads were stopped: 0.0001527 seconds, Stopping threads took: 0.0000137 seconds
2017-01-15T15:35:14.422-0100: 0.583: Total time for which application threads were stopped: 0.0002279 seconds, Stopping threads took: 0.0000205 seconds
2017-01-15T15:35:14.606-0100: 0.767: Total time for which application threads were stopped: 0.0001938 seconds, Stopping threads took: 0.0000173 seconds
2017-01-15T15:35:15.131-0100: 1.291: Total time for which application threads were stopped: 0.0002395 seconds, Stopping threads took: 0.0000158 seconds
2017-01-15T15:35:15.132-0100: 1.292: Total time for which application threads were stopped: 0.0001727 seconds, Stopping threads took: 0.0000100 seconds
2017-01-15T15:35:15.135-0100: 1.295: Total time for which application threads were stopped: 0.0001846 seconds, Stopping threads took: 0.0000126 seconds
2017-01-15T15:35:15.142-0100: 1.303: Total time for which application threads were stopped: 0.0001987 seconds, Stopping threads took: 0.0000124 seconds
{Heap before GC invocations=0 (full 0):
 par new generation   total 109248K, used 87424K [0x00000007a0000000, 0x00000007a8000000, 0x00000007a8000000)
  eden space 87424K, 100% used [0x00000007a0000000, 0x00000007a5560000, 0x00000007a5560000)
  from space 21824K,   0% used [0x00000007a5560000, 0x00000007a5560000, 0x00000007a6ab0000)
  to   space 21824K,   0% used [0x00000007a6ab0000, 0x00000007a6ab0000, 0x00000007a8000000)
 concurrent mark-sweep generation total 393216K, used 0K [0x00000007a8000000, 0x00000007c0000000, 0x00000007c0000000)
 Metaspace       used 17310K, capacity 17544K, committed 17792K, reserved 1064960K
  class space    used 2021K, capacity 2113K, committed 2176K, reserved 1048576K
2017-01-15T15:35:15.301-0100: 1.461: [GC (Allocation Failure) 2017-01-15T15:35:15.301-0100: 1.462: [ParNew
Desired survivor size 20112992 bytes, new threshold 8 (max 8)
- age   1:   10129232 bytes,   10129232 total
: 87424K->10002K(109248K), 0.0125144 secs] 87424K->10002K(502464K), 0.0131273 secs] [Times: user=0.04 sys=0.01, real=0.01 secs] 
Heap after GC invocations=1 (full 0):
 par new generation   total 109248K, used 10002K [0x00000007a0000000, 0x00000007a8000000, 0x00000007a8000000)
  eden space 87424K,   0% used [0x00000007a0000000, 0x00000007a0000000, 0x00000007a5560000)
  from space 21824K,  45% used [0x00000007a6ab0000, 0x00000007a7474b78, 0x00000007a8000000)
  to   space 21824K,   0% used [0x00000007a5560000, 0x00000007a5560000, 0x00000007a6ab0000)
 concurrent mark-sweep generation total 393216K, used 0K [0x00000007a8000000, 0x00000007c0000000, 0x00000007c0000000)
 Metaspace       used 17310K, capacity 17544K, committed 17792K, reserved 1064960K
  class space    used 2021K, capacity 2113K, committed 2176K, reserved 1048576K
}
2017-01-15T15:35:15.314-0100: 1.474: Total time for which application threads were stopped: 0.0133240 seconds, Stopping threads took: 0.0000174 seconds
2017-01-15T15:35:16.129-0100: 2.289: Total time for which application threads were stopped: 0.0004178 seconds, Stopping threads took: 0.0000708 seconds
2017-01-15T15:35:16.242-0100: 2.403: Total time for which application threads were stopped: 0.0002826 seconds, Stopping threads took: 0.0000180 seconds
2017-01-15T15:35:17.243-0100: 3.404: Total time for which application threads were stopped: 0.0001045 seconds, Stopping threads took: 0.0000264 seconds
2017-01-15T15:35:17.946-0100: 4.106: Total time for which application threads were stopped: 0.0004109 seconds, Stopping threads took: 0.0000302 seconds
2017-01-15T15:35:18.951-0100: 5.111: Total time for which application threads were stopped: 0.0001789 seconds, Stopping threads took: 0.0000439 seconds
2017-01-15T15:35:20.957-0100: 7.117: Total time for which application threads were stopped: 0.0001372 seconds, Stopping threads took: 0.0000346 seconds
2017-01-15T15:35:24.966-0100: 11.126: Total time for which application threads were stopped: 0.0002795 seconds, Stopping threads took: 0.0002202 seconds
2017-01-15T15:35:26.253-0100: 12.413: Total time for which application threads were stopped: 0.0003297 seconds, Stopping threads took: 0.0000600 seconds
2017-01-15T15:35:30.262-0100: 16.422: Total time for which application threads were stopped: 0.0001513 seconds, Stopping threads took: 0.0000403 seconds
2017-01-15T15:35:31.738-0100: 17.898: Total time for which application threads were stopped: 0.0000719 seconds, Stopping threads took: 0.0000184 seconds
2017-01-15T15:35:31.743-0100: 17.903: Total time for which application threads were stopped: 0.0000640 seconds, Stopping threads took: 0.0000171 seconds
2017-01-15T15:35:31.756-0100: 17.916: Total time for which application threads were stopped: 0.0002614 seconds, Stopping threads took: 0.0000163 seconds
2017-01-15T15:35:31.778-0100: 17.938: Total time for which application threads were stopped: 0.0000804 seconds, Stopping threads took: 0.0000173 seconds
2017-01-15T15:35:31.788-0100: 17.948: Total time for which application threads were stopped: 0.0000709 seconds, Stopping threads took: 0.0000171 seconds
2017-01-15T15:35:31.794-0100: 17.954: Total time for which application threads were stopped: 0.0002765 seconds, Stopping threads took: 0.0000183 seconds
2017-01-15T15:35:31.806-0100: 17.966: Total time for which application threads were stopped: 0.0001204 seconds, Stopping threads took: 0.0000259 seconds
2017-01-15T15:35:31.814-0100: 17.974: Total time for which application threads were stopped: 0.0001079 seconds, Stopping threads took: 0.0000275 seconds
2017-01-15T15:35:31.815-0100: 17.975: Total time for which application threads were stopped: 0.0001121 seconds, Stopping threads took: 0.0000247 seconds
2017-01-15T15:35:31.815-0100: 17.975: Total time for which application threads were stopped: 0.0001084 seconds, Stopping threads took: 0.0000265 seconds
2017-01-15T15:35:31.816-0100: 17.976: Total time for which application threads were stopped: 0.0000791 seconds, Stopping threads took: 0.0000142 seconds
2017-01-15T15:35:31.817-0100: 17.977: Total time for which application threads were stopped: 0.0001237 seconds, Stopping threads took: 0.0000379 seconds
2017-01-15T15:35:31.817-0100: 17.977: Total time for which application threads were stopped: 0.0001250 seconds, Stopping threads took: 0.0000263 seconds
2017-01-15T15:35:31.818-0100: 17.978: Total time for which application threads were stopped: 0.0000903 seconds, Stopping threads took: 0.0000181 seconds
2017-01-15T15:35:31.820-0100: 17.980: Total time for which application threads were stopped: 0.0001127 seconds, Stopping threads took: 0.0000415 seconds
2017-01-15T15:35:31.829-0100: 17.988: Total time for which application threads were stopped: 0.0001830 seconds, Stopping threads took: 0.0000721 seconds
2017-01-15T15:35:31.831-0100: 17.991: Total time for which application threads were stopped: 0.0001773 seconds, Stopping threads took: 0.0000511 seconds
2017-01-15T15:35:31.836-0100: 17.996: Total time for which application threads were stopped: 0.0001027 seconds, Stopping threads took: 0.0000445 seconds
2017-01-15T15:35:31.836-0100: 17.996: Total time for which application threads were stopped: 0.0000782 seconds, Stopping threads took: 0.0000296 seconds
2017-01-15T15:35:31.836-0100: 17.996: Total time for which application threads were stopped: 0.0000831 seconds, Stopping threads took: 0.0000333 seconds
2017-01-15T15:35:31.841-0100: 18.001: Total time for which application threads were stopped: 0.0002803 seconds, Stopping threads took: 0.0000542 seconds
2017-01-15T15:35:31.844-0100: 18.004: Total time for which application threads were stopped: 0.0002248 seconds, Stopping threads took: 0.0000529 seconds
2017-01-15T15:35:31.845-0100: 18.004: Total time for which application threads were stopped: 0.0001125 seconds, Stopping threads took: 0.0000268 seconds
2017-01-15T15:35:31.850-0100: 18.010: Total time for which application threads were stopped: 0.0001685 seconds, Stopping threads took: 0.0000443 seconds
2017-01-15T15:35:31.853-0100: 18.013: Total time for which application threads were stopped: 0.0002180 seconds, Stopping threads took: 0.0001275 seconds
2017-01-15T15:35:31.856-0100: 18.016: Total time for which application threads were stopped: 0.0003089 seconds, Stopping threads took: 0.0000289 seconds
2017-01-15T15:35:31.857-0100: 18.017: Total time for which application threads were stopped: 0.0001408 seconds, Stopping threads took: 0.0000395 seconds
2017-01-15T15:35:31.858-0100: 18.018: Total time for which application threads were stopped: 0.0001345 seconds, Stopping threads took: 0.0000254 seconds
2017-01-15T15:35:31.859-0100: 18.019: Total time for which application threads were stopped: 0.0001172 seconds, Stopping threads took: 0.0000235 seconds
2017-01-15T15:35:31.859-0100: 18.019: Total time for which application threads were stopped: 0.0001341 seconds, Stopping threads took: 0.0000423 seconds
2017-01-15T15:35:31.861-0100: 18.021: Total time for which application threads were stopped: 0.0001360 seconds, Stopping threads took: 0.0000467 seconds
2017-01-15T15:35:31.863-0100: 18.023: Total time for which application threads were stopped: 0.0001937 seconds, Stopping threads took: 0.0000552 seconds
2017-01-15T15:35:31.870-0100: 18.030: Total time for which application threads were stopped: 0.0001505 seconds, Stopping threads took: 0.0000491 seconds
2017-01-15T15:35:31.871-0100: 18.031: Total time for which application threads were stopped: 0.0001585 seconds, Stopping threads took: 0.0000527 seconds
2017-01-15T15:35:31.886-0100: 18.046: Total time for which application threads were stopped: 0.0003050 seconds, Stopping threads took: 0.0000263 seconds
2017-01-15T15:35:31.917-0100: 18.077: Total time for which application threads were stopped: 0.0004169 seconds, Stopping threads took: 0.0000513 seconds
2017-01-15T15:35:31.960-0100: 18.120: Total time for which application threads were stopped: 0.0001761 seconds, Stopping threads took: 0.0000305 seconds
2017-01-15T15:35:31.960-0100: 18.120: Total time for which application threads were stopped: 0.0002752 seconds, Stopping threads took: 0.0001683 seconds
2017-01-15T15:35:31.960-0100: 18.120: Total time for which application threads were stopped: 0.0000860 seconds, Stopping threads took: 0.0000173 seconds
2017-01-15T15:35:31.964-0100: 18.124: Total time for which application threads were stopped: 0.0002149 seconds, Stopping threads took: 0.0001067 seconds
2017-01-15T15:35:31.964-0100: 18.124: Total time for which application threads were stopped: 0.0001139 seconds, Stopping threads took: 0.0000232 seconds
2017-01-15T15:35:31.964-0100: 18.124: Total time for which application threads were stopped: 0.0001116 seconds, Stopping threads took: 0.0000338 seconds
2017-01-15T15:35:31.964-0100: 18.124: Total time for which application threads were stopped: 0.0000953 seconds, Stopping threads took: 0.0000200 seconds
2017-01-15T15:35:31.964-0100: 18.124: Total time for which application threads were stopped: 0.0001145 seconds, Stopping threads took: 0.0000452 seconds
2017-01-15T15:35:31.965-0100: 18.124: Total time for which application threads were stopped: 0.0000866 seconds, Stopping threads took: 0.0000171 seconds
2017-01-15T15:35:31.965-0100: 18.125: Total time for which application threads were stopped: 0.0000850 seconds, Stopping threads took: 0.0000147 seconds
2017-01-15T15:35:31.976-0100: 18.136: Total time for which application threads were stopped: 0.0001301 seconds, Stopping threads took: 0.0000448 seconds
2017-01-15T15:35:31.978-0100: 18.138: Total time for which application threads were stopped: 0.0003997 seconds, Stopping threads took: 0.0001041 seconds
2017-01-15T15:35:32.003-0100: 18.163: Total time for which application threads were stopped: 0.0001298 seconds, Stopping threads took: 0.0000444 seconds
2017-01-15T15:35:32.004-0100: 18.164: Total time for which application threads were stopped: 0.0001019 seconds, Stopping threads took: 0.0000221 seconds
2017-01-15T15:35:32.188-0100: 18.348: Total time for which application threads were stopped: 0.0001559 seconds, Stopping threads took: 0.0000461 seconds
2017-01-15T15:35:32.203-0100: 18.363: Total time for which application threads were stopped: 0.0001314 seconds, Stopping threads took: 0.0000452 seconds
2017-01-15T15:35:32.204-0100: 18.363: Total time for which application threads were stopped: 0.0002848 seconds, Stopping threads took: 0.0000463 seconds
2017-01-15T15:35:32.273-0100: 18.433: Total time for which application threads were stopped: 0.0001105 seconds, Stopping threads took: 0.0000260 seconds
2017-01-15T15:35:32.347-0100: 18.507: Total time for which application threads were stopped: 0.0004071 seconds, Stopping threads took: 0.0000493 seconds
2017-01-15T15:35:32.361-0100: 18.521: Total time for which application threads were stopped: 0.0001765 seconds, Stopping threads took: 0.0000680 seconds
2017-01-15T15:35:32.388-0100: 18.548: Total time for which application threads were stopped: 0.0001877 seconds, Stopping threads took: 0.0000703 seconds
2017-01-15T15:35:32.392-0100: 18.552: Total time for which application threads were stopped: 0.0001362 seconds, Stopping threads took: 0.0000294 seconds
2017-01-15T15:35:32.395-0100: 18.555: Total time for which application threads were stopped: 0.0001652 seconds, Stopping threads took: 0.0000421 seconds
2017-01-15T15:35:32.396-0100: 18.556: Total time for which application threads were stopped: 0.0001397 seconds, Stopping threads took: 0.0000289 seconds
2017-01-15T15:35:32.432-0100: 18.592: Total time for which application threads were stopped: 0.0004520 seconds, Stopping threads took: 0.0000275 seconds
2017-01-15T15:35:32.434-0100: 18.594: Total time for which application threads were stopped: 0.0001305 seconds, Stopping threads took: 0.0000424 seconds
2017-01-15T15:35:32.434-0100: 18.594: Total time for which application threads were stopped: 0.0000810 seconds, Stopping threads took: 0.0000297 seconds
2017-01-15T15:35:32.435-0100: 18.594: Total time for which application threads were stopped: 0.0000436 seconds, Stopping threads took: 0.0000159 seconds
2017-01-15T15:35:32.435-0100: 18.595: Total time for which application threads were stopped: 0.0000650 seconds, Stopping threads took: 0.0000255 seconds
2017-01-15T15:35:32.435-0100: 18.595: Total time for which application threads were stopped: 0.0000571 seconds, Stopping threads took: 0.0000065 seconds
2017-01-15T15:35:32.435-0100: 18.595: Total time for which application threads were stopped: 0.0000745 seconds, Stopping threads took: 0.0000190 seconds
2017-01-15T15:35:32.443-0100: 18.602: Total time for which application threads were stopped: 0.0001185 seconds, Stopping threads took: 0.0000250 seconds
2017-01-15T15:35:32.443-0100: 18.603: Total time for which application threads were stopped: 0.0000987 seconds, Stopping threads took: 0.0000158 seconds
2017-01-15T15:35:32.443-0100: 18.603: Total time for which application threads were stopped: 0.0000534 seconds, Stopping threads took: 0.0000089 seconds
2017-01-15T15:35:32.443-0100: 18.603: Total time for which application threads were stopped: 0.0000613 seconds, Stopping threads took: 0.0000289 seconds
2017-01-15T15:35:32.443-0100: 18.603: Total time for which application threads were stopped: 0.0000474 seconds, Stopping threads took: 0.0000169 seconds
2017-01-15T15:35:32.443-0100: 18.603: Total time for which application threads were stopped: 0.0000393 seconds, Stopping threads took: 0.0000066 seconds
2017-01-15T15:35:32.445-0100: 18.605: Total time for which application threads were stopped: 0.0000691 seconds, Stopping threads took: 0.0000146 seconds
2017-01-15T15:35:32.453-0100: 18.613: Total time for which application threads were stopped: 0.0001012 seconds, Stopping threads took: 0.0000378 seconds
2017-01-15T15:35:32.470-0100: 18.630: Total time for which application threads were stopped: 0.0001407 seconds, Stopping threads took: 0.0000258 seconds
2017-01-15T15:35:32.470-0100: 18.630: Total time for which application threads were stopped: 0.0000866 seconds, Stopping threads took: 0.0000179 seconds
2017-01-15T15:35:32.470-0100: 18.630: Total time for which application threads were stopped: 0.0000563 seconds, Stopping threads took: 0.0000086 seconds
2017-01-15T15:35:32.471-0100: 18.630: Total time for which application threads were stopped: 0.0001971 seconds, Stopping threads took: 0.0000108 seconds
2017-01-15T15:35:32.471-0100: 18.631: Total time for which application threads were stopped: 0.0000942 seconds, Stopping threads took: 0.0000229 seconds
2017-01-15T15:35:32.472-0100: 18.631: Total time for which application threads were stopped: 0.0000694 seconds, Stopping threads took: 0.0000120 seconds
2017-01-15T15:35:32.472-0100: 18.632: Total time for which application threads were stopped: 0.0000764 seconds, Stopping threads took: 0.0000219 seconds
2017-01-15T15:35:32.472-0100: 18.632: Total time for which application threads were stopped: 0.0000627 seconds, Stopping threads took: 0.0000101 seconds
2017-01-15T15:35:32.472-0100: 18.632: Total time for which application threads were stopped: 0.0000861 seconds, Stopping threads took: 0.0000315 seconds
2017-01-15T15:35:32.473-0100: 18.633: Total time for which application threads were stopped: 0.0001084 seconds, Stopping threads took: 0.0000249 seconds
2017-01-15T15:35:32.473-0100: 18.633: Total time for which application threads were stopped: 0.0000745 seconds, Stopping threads took: 0.0000152 seconds
2017-01-15T15:35:32.473-0100: 18.633: Total time for which application threads were stopped: 0.0000751 seconds, Stopping threads took: 0.0000136 seconds
2017-01-15T15:35:32.473-0100: 18.633: Total time for which application threads were stopped: 0.0000711 seconds, Stopping threads took: 0.0000141 seconds
2017-01-15T15:35:32.473-0100: 18.633: Total time for which application threads were stopped: 0.0000582 seconds, Stopping threads took: 0.0000112 seconds
2017-01-15T15:35:32.474-0100: 18.633: Total time for which application threads were stopped: 0.0000548 seconds, Stopping threads took: 0.0000092 seconds
2017-01-15T15:35:32.474-0100: 18.634: Total time for which application threads were stopped: 0.0001431 seconds, Stopping threads took: 0.0000874 seconds
2017-01-15T15:35:32.474-0100: 18.634: Total time for which application threads were stopped: 0.0000777 seconds, Stopping threads took: 0.0000134 seconds
2017-01-15T15:35:32.475-0100: 18.635: Total time for which application threads were stopped: 0.0001082 seconds, Stopping threads took: 0.0000407 seconds
2017-01-15T15:35:32.475-0100: 18.635: Total time for which application threads were stopped: 0.0001041 seconds, Stopping threads took: 0.0000477 seconds
2017-01-15T15:35:32.484-0100: 18.644: Total time for which application threads were stopped: 0.0001573 seconds, Stopping threads took: 0.0000532 seconds
2017-01-15T15:35:32.484-0100: 18.644: Total time for which application threads were stopped: 0.0001210 seconds, Stopping threads took: 0.0000408 seconds
2017-01-15T15:35:32.488-0100: 18.648: Total time for which application threads were stopped: 0.0001733 seconds, Stopping threads took: 0.0000380 seconds
2017-01-15T15:35:32.495-0100: 18.655: Total time for which application threads were stopped: 0.0001324 seconds, Stopping threads took: 0.0000365 seconds
2017-01-15T15:35:32.495-0100: 18.655: Total time for which application threads were stopped: 0.0000742 seconds, Stopping threads took: 0.0000143 seconds
2017-01-15T15:35:33.338-0100: 19.498: [GC (CMS Initial Mark) [1 CMS-initial-mark: 0K(393216K)] 56574K(502464K), 0.0083169 secs] [Times: user=0.03 sys=0.00, real=0.01 secs] 
2017-01-15T15:35:33.346-0100: 19.506: Total time for which application threads were stopped: 0.0085213 seconds, Stopping threads took: 0.0000579 seconds
2017-01-15T15:35:33.346-0100: 19.506: [CMS-concurrent-mark-start]
2017-01-15T15:35:33.346-0100: 19.506: [CMS-concurrent-mark: 0.000/0.000 secs] [Times: user=0.00 sys=0.00, real=0.00 secs] 
2017-01-15T15:35:33.346-0100: 19.506: [CMS-concurrent-preclean-start]
2017-01-15T15:35:33.347-0100: 19.507: [CMS-concurrent-preclean: 0.001/0.001 secs] [Times: user=0.00 sys=0.00, real=0.00 secs] 
2017-01-15T15:35:33.347-0100: 19.507: [CMS-concurrent-abortable-preclean-start]
2017-01-15T15:35:36.662-0100: 22.822: Total time for which application threads were stopped: 0.0001303 seconds, Stopping threads took: 0.0000257 seconds
2017-01-15T15:35:36.663-0100: 22.823: Total time for which application threads were stopped: 0.0001818 seconds, Stopping threads took: 0.0000647 seconds
2017-01-15T15:35:36.676-0100: 22.836: Total time for which application threads were stopped: 0.0001267 seconds, Stopping threads took: 0.0000282 seconds
2017-01-15T15:35:36.678-0100: 22.837: Total time for which application threads were stopped: 0.0001457 seconds, Stopping threads took: 0.0000433 seconds
2017-01-15T15:35:36.686-0100: 22.846: Total time for which application threads were stopped: 0.0001389 seconds, Stopping threads took: 0.0000425 seconds
2017-01-15T15:35:37.691-0100: 23.850: Total time for which application threads were stopped: 0.0001569 seconds, Stopping threads took: 0.0000377 seconds
2017-01-15T15:35:38.693-0100: 24.853: Total time for which application threads were stopped: 0.0001979 seconds, Stopping threads took: 0.0000405 seconds
 CMS: abort preclean due to time 2017-01-15T15:35:39.390-0100: 25.550: [CMS-concurrent-abortable-preclean: 1.408/6.042 secs] [Times: user=1.45 sys=0.02, real=6.05 secs] 
2017-01-15T15:35:39.390-0100: 25.550: [GC (CMS Final Remark) [YG occupancy: 57459 K (109248 K)]{Heap before GC invocations=1 (full 1):
 par new generation   total 109248K, used 57459K [0x00000007a0000000, 0x00000007a8000000, 0x00000007a8000000)
  eden space 87424K,  54% used [0x00000007a0000000, 0x00000007a2e581a8, 0x00000007a5560000)
  from space 21824K,  45% used [0x00000007a6ab0000, 0x00000007a7474b78, 0x00000007a8000000)
  to   space 21824K,   0% used [0x00000007a5560000, 0x00000007a5560000, 0x00000007a6ab0000)
 concurrent mark-sweep generation total 393216K, used 0K [0x00000007a8000000, 0x00000007c0000000, 0x00000007c0000000)
 Metaspace       used 22840K, capacity 23328K, committed 23620K, reserved 1071104K
  class space    used 2655K, capacity 2843K, committed 2912K, reserved 1048576K
2017-01-15T15:35:39.390-0100: 25.550: [GC (CMS Final Remark) 2017-01-15T15:35:39.390-0100: 25.550: [ParNew
Desired survivor size 20112992 bytes, new threshold 8 (max 8)
- age   1:    4744680 bytes,    4744680 total
- age   2:    4964368 bytes,    9709048 total
: 57459K->12657K(109248K), 0.0101615 secs] 57459K->12657K(502464K), 0.0102096 secs] [Times: user=0.03 sys=0.01, real=0.01 secs] 
Heap after GC invocations=2 (full 1):
 par new generation   total 109248K, used 12657K [0x00000007a0000000, 0x00000007a8000000, 0x00000007a8000000)
  eden space 87424K,   0% used [0x00000007a0000000, 0x00000007a0000000, 0x00000007a5560000)
  from space 21824K,  58% used [0x00000007a5560000, 0x00000007a61bc7c0, 0x00000007a6ab0000)
  to   space 21824K,   0% used [0x00000007a6ab0000, 0x00000007a6ab0000, 0x00000007a8000000)
 concurrent mark-sweep generation total 393216K, used 0K [0x00000007a8000000, 0x00000007c0000000, 0x00000007c0000000)
 Metaspace       used 22840K, capacity 23328K, committed 23620K, reserved 1071104K
  class space    used 2655K, capacity 2843K, committed 2912K, reserved 1048576K
}
2017-01-15T15:35:39.400-0100: 25.560: [Rescan (parallel) , 0.0025139 secs]2017-01-15T15:35:39.403-0100: 25.563: [weak refs processing, 0.0006232 secs]2017-01-15T15:35:39.404-0100: 25.563: [class unloading, 0.0029035 secs]2017-01-15T15:35:39.407-0100: 25.566: [scrub symbol table, 0.0028131 secs]2017-01-15T15:35:39.409-0100: 25.569: [scrub string table, 0.0002898 secs][1 CMS-remark: 0K(393216K)] 12657K(502464K), 0.0201462 secs] [Times: user=0.04 sys=0.01, real=0.02 secs] 
2017-01-15T15:35:39.410-0100: 25.570: Total time for which application threads were stopped: 0.0202540 seconds, Stopping threads took: 0.0000222 seconds
2017-01-15T15:35:39.410-0100: 25.570: [CMS-concurrent-sweep-start]
2017-01-15T15:35:39.410-0100: 25.570: [CMS-concurrent-sweep: 0.000/0.000 secs] [Times: user=0.00 sys=0.00, real=0.00 secs] 
2017-01-15T15:35:39.410-0100: 25.570: [CMS-concurrent-reset-start]
2017-01-15T15:35:39.413-0100: 25.573: [CMS-concurrent-reset: 0.003/0.003 secs] [Times: user=0.01 sys=0.00, real=0.00 secs] 
2017-01-15T15:35:40.415-0100: 26.575: Total time for which application threads were stopped: 0.0000811 seconds, Stopping threads took: 0.0000194 seconds
2017-01-15T15:36:02.473-0100: 48.632: Total time for which application threads were stopped: 0.0001545 seconds, Stopping threads took: 0.0000632 seconds
2017-01-15T15:36:04.479-0100: 50.638: Total time for which application threads were stopped: 0.0006722 seconds, Stopping threads took: 0.0000745 seconds
2017-01-15T15:36:06.246-0100: 52.405: Total time for which application threads were stopped: 0.0001527 seconds, Stopping threads took: 0.0000335 seconds
2017-01-15T15:36:06.247-0100: 52.406: Total time for which application threads were stopped: 0.0004076 seconds, Stopping threads took: 0.0001410 seconds
2017-01-15T15:36:06.247-0100: 52.406: Total time for which application threads were stopped: 0.0001807 seconds, Stopping threads took: 0.0000618 seconds
2017-01-15T15:36:06.248-0100: 52.407: Total time for which application threads were stopped: 0.0003090 seconds, Stopping threads took: 0.0001073 seconds
2017-01-15T15:36:06.249-0100: 52.408: Total time for which application threads were stopped: 0.0007071 seconds, Stopping threads took: 0.0001038 seconds
2017-01-15T15:36:06.259-0100: 52.418: Total time for which application threads were stopped: 0.0000995 seconds, Stopping threads took: 0.0000226 seconds
2017-01-15T15:36:06.259-0100: 52.418: Total time for which application threads were stopped: 0.0000588 seconds, Stopping threads took: 0.0000218 seconds
2017-01-15T15:36:06.269-0100: 52.428: Total time for which application threads were stopped: 0.0001000 seconds, Stopping threads took: 0.0000337 seconds
2017-01-15T15:36:06.269-0100: 52.428: Total time for which application threads were stopped: 0.0000593 seconds, Stopping threads took: 0.0000189 seconds
2017-01-15T15:36:06.277-0100: 52.436: Total time for which application threads were stopped: 0.0001182 seconds, Stopping threads took: 0.0000397 seconds
2017-01-15T15:36:06.281-0100: 52.439: Total time for which application threads were stopped: 0.0004275 seconds, Stopping threads took: 0.0001946 seconds
2017-01-15T15:36:06.281-0100: 52.440: Total time for which application threads were stopped: 0.0001366 seconds, Stopping threads took: 0.0000328 seconds
2017-01-15T15:36:06.281-0100: 52.440: Total time for which application threads were stopped: 0.0001130 seconds, Stopping threads took: 0.0000189 seconds
2017-01-15T15:36:06.281-0100: 52.440: Total time for which application threads were stopped: 0.0000832 seconds, Stopping threads took: 0.0000157 seconds
2017-01-15T15:36:06.282-0100: 52.441: Total time for which application threads were stopped: 0.0002468 seconds, Stopping threads took: 0.0000497 seconds
2017-01-15T15:36:06.282-0100: 52.441: Total time for which application threads were stopped: 0.0001650 seconds, Stopping threads took: 0.0000704 seconds
2017-01-15T15:36:06.283-0100: 52.441: Total time for which application threads were stopped: 0.0000722 seconds, Stopping threads took: 0.0000136 seconds
2017-01-15T15:36:06.283-0100: 52.442: Total time for which application threads were stopped: 0.0000612 seconds, Stopping threads took: 0.0000108 seconds
2017-01-15T15:36:06.284-0100: 52.443: Total time for which application threads were stopped: 0.0003949 seconds, Stopping threads took: 0.0001312 seconds
2017-01-15T15:36:06.285-0100: 52.443: Total time for which application threads were stopped: 0.0000810 seconds, Stopping threads took: 0.0000142 seconds
2017-01-15T15:36:06.298-0100: 52.457: Total time for which application threads were stopped: 0.0001531 seconds, Stopping threads took: 0.0000306 seconds
2017-01-15T15:36:06.299-0100: 52.458: Total time for which application threads were stopped: 0.0002656 seconds, Stopping threads took: 0.0001568 seconds
2017-01-15T15:36:06.308-0100: 52.467: Total time for which application threads were stopped: 0.0001305 seconds, Stopping threads took: 0.0000391 seconds
2017-01-15T15:36:06.308-0100: 52.467: Total time for which application threads were stopped: 0.0000786 seconds, Stopping threads took: 0.0000174 seconds
2017-01-15T15:36:09.122-0100: 55.280: Total time for which application threads were stopped: 0.0001485 seconds, Stopping threads took: 0.0000519 seconds
2017-01-15T15:36:09.122-0100: 55.281: Total time for which application threads were stopped: 0.0001063 seconds, Stopping threads took: 0.0000297 seconds
2017-01-15T15:36:09.123-0100: 55.281: Total time for which application threads were stopped: 0.0001372 seconds, Stopping threads took: 0.0000436 seconds
2017-01-15T15:36:09.123-0100: 55.281: Total time for which application threads were stopped: 0.0001046 seconds, Stopping threads took: 0.0000288 seconds
2017-01-15T15:36:09.134-0100: 55.293: Total time for which application threads were stopped: 0.0001423 seconds, Stopping threads took: 0.0000423 seconds
2017-01-15T15:36:09.135-0100: 55.293: Total time for which application threads were stopped: 0.0001121 seconds, Stopping threads took: 0.0000195 seconds
2017-01-15T15:36:09.145-0100: 55.304: Total time for which application threads were stopped: 0.0001475 seconds, Stopping threads took: 0.0000388 seconds
2017-01-15T15:36:09.145-0100: 55.304: Total time for which application threads were stopped: 0.0002309 seconds, Stopping threads took: 0.0001447 seconds
2017-01-15T15:36:11.148-0100: 57.307: Total time for which application threads were stopped: 0.0001417 seconds, Stopping threads took: 0.0000367 seconds
2017-01-15T15:36:11.253-0100: 57.411: Total time for which application threads were stopped: 0.0001179 seconds, Stopping threads took: 0.0000233 seconds
2017-01-15T15:36:11.254-0100: 57.413: Total time for which application threads were stopped: 0.0001650 seconds, Stopping threads took: 0.0000553 seconds
2017-01-15T15:36:11.277-0100: 57.436: Total time for which application threads were stopped: 0.0001822 seconds, Stopping threads took: 0.0000612 seconds
2017-01-15T15:36:11.279-0100: 57.438: Total time for which application threads were stopped: 0.0001501 seconds, Stopping threads took: 0.0000491 seconds
2017-01-15T15:36:12.279-0100: 58.438: Total time for which application threads were stopped: 0.0001735 seconds, Stopping threads took: 0.0000378 seconds
2017-01-15T15:36:20.305-0100: 66.463: Total time for which application threads were stopped: 0.0001885 seconds, Stopping threads took: 0.0000467 seconds
2017-01-15T15:36:21.310-0100: 67.469: Total time for which application threads were stopped: 0.0002035 seconds, Stopping threads took: 0.0000421 seconds
2017-01-15T15:36:23.315-0100: 69.473: Total time for which application threads were stopped: 0.0001869 seconds, Stopping threads took: 0.0000428 seconds
2017-01-15T15:36:31.336-0100: 77.494: Total time for which application threads were stopped: 0.0001932 seconds, Stopping threads took: 0.0000421 seconds
2017-01-15T15:36:33.730-0100: 79.888: Total time for which application threads were stopped: 0.0001337 seconds, Stopping threads took: 0.0000277 seconds
2017-01-15T15:36:33.730-0100: 79.888: Total time for which application threads were stopped: 0.0000920 seconds, Stopping threads took: 0.0000139 seconds
2017-01-15T15:36:33.745-0100: 79.903: Total time for which application threads were stopped: 0.0001233 seconds, Stopping threads took: 0.0000336 seconds
2017-01-15T15:36:33.745-0100: 79.903: Total time for which application threads were stopped: 0.0000831 seconds, Stopping threads took: 0.0000281 seconds
2017-01-15T15:36:34.745-0100: 80.903: Total time for which application threads were stopped: 0.0001351 seconds, Stopping threads took: 0.0000304 seconds
2017-01-15T15:36:37.850-0100: 84.008: Total time for which application threads were stopped: 0.0001464 seconds, Stopping threads took: 0.0000309 seconds
2017-01-15T15:36:37.850-0100: 84.008: Total time for which application threads were stopped: 0.0000969 seconds, Stopping threads took: 0.0000187 seconds
2017-01-15T15:36:37.860-0100: 84.018: Total time for which application threads were stopped: 0.0001175 seconds, Stopping threads took: 0.0000217 seconds
2017-01-15T15:36:37.860-0100: 84.018: Total time for which application threads were stopped: 0.0000823 seconds, Stopping threads took: 0.0000213 seconds
2017-01-15T15:36:37.860-0100: 84.018: Total time for which application threads were stopped: 0.0000389 seconds, Stopping threads took: 0.0000069 seconds
2017-01-15T15:36:37.873-0100: 84.031: Total time for which application threads were stopped: 0.0001476 seconds, Stopping threads took: 0.0000296 seconds
2017-01-15T15:36:41.064-0100: 87.222: Total time for which application threads were stopped: 0.0001560 seconds, Stopping threads took: 0.0000253 seconds
2017-01-15T15:36:41.064-0100: 87.222: Total time for which application threads were stopped: 0.0001186 seconds, Stopping threads took: 0.0000102 seconds
2017-01-15T15:36:41.076-0100: 87.234: Total time for which application threads were stopped: 0.0002808 seconds, Stopping threads took: 0.0000287 seconds
2017-01-15T15:36:41.077-0100: 87.234: Total time for which application threads were stopped: 0.0002601 seconds, Stopping threads took: 0.0000370 seconds
2017-01-15T15:36:41.078-0100: 87.236: Total time for which application threads were stopped: 0.0002330 seconds, Stopping threads took: 0.0000310 seconds
2017-01-15T15:36:41.087-0100: 87.245: Total time for which application threads were stopped: 0.0001272 seconds, Stopping threads took: 0.0000278 seconds
2017-01-15T15:36:42.051-0100: 88.208: Total time for which application threads were stopped: 0.0001437 seconds, Stopping threads took: 0.0000321 seconds
2017-01-15T15:36:42.052-0100: 88.210: Total time for which application threads were stopped: 0.0001174 seconds, Stopping threads took: 0.0000245 seconds
2017-01-15T15:36:42.053-0100: 88.210: Total time for which application threads were stopped: 0.0001096 seconds, Stopping threads took: 0.0000200 seconds
2017-01-15T15:36:42.061-0100: 88.219: Total time for which application threads were stopped: 0.0001363 seconds, Stopping threads took: 0.0000275 seconds
2017-01-15T15:36:42.062-0100: 88.219: Total time for which application threads were stopped: 0.0001068 seconds, Stopping threads took: 0.0000157 seconds
2017-01-15T15:36:44.287-0100: 90.445: Total time for which application threads were stopped: 0.0001193 seconds, Stopping threads took: 0.0000249 seconds
2017-01-15T15:36:44.288-0100: 90.445: Total time for which application threads were stopped: 0.0001072 seconds, Stopping threads took: 0.0000293 seconds
2017-01-15T15:36:44.295-0100: 90.453: Total time for which application threads were stopped: 0.0001300 seconds, Stopping threads took: 0.0000404 seconds
2017-01-15T15:36:44.295-0100: 90.453: Total time for which application threads were stopped: 0.0000724 seconds, Stopping threads took: 0.0000284 seconds
2017-01-15T15:36:44.295-0100: 90.453: Total time for which application threads were stopped: 0.0000648 seconds, Stopping threads took: 0.0000290 seconds
2017-01-15T15:36:44.295-0100: 90.453: Total time for which application threads were stopped: 0.0000613 seconds, Stopping threads took: 0.0000303 seconds
2017-01-15T15:36:44.295-0100: 90.453: Total time for which application threads were stopped: 0.0000539 seconds, Stopping threads took: 0.0000199 seconds
2017-01-15T15:36:44.308-0100: 90.465: Total time for which application threads were stopped: 0.0000821 seconds, Stopping threads took: 0.0000227 seconds
2017-01-15T15:36:55.122-0100: 101.279: Total time for which application threads were stopped: 0.0001485 seconds, Stopping threads took: 0.0000233 seconds
2017-01-15T15:36:55.122-0100: 101.279: Total time for which application threads were stopped: 0.0000830 seconds, Stopping threads took: 0.0000094 seconds
2017-01-15T15:36:55.132-0100: 101.289: Total time for which application threads were stopped: 0.0001317 seconds, Stopping threads took: 0.0000332 seconds
2017-01-15T15:36:55.132-0100: 101.289: Total time for which application threads were stopped: 0.0001009 seconds, Stopping threads took: 0.0000159 seconds
2017-01-15T15:36:56.135-0100: 102.292: Total time for which application threads were stopped: 0.0001446 seconds, Stopping threads took: 0.0000386 seconds
2017-01-15T15:37:13.179-0100: 119.335: Total time for which application threads were stopped: 0.0001424 seconds, Stopping threads took: 0.0000367 seconds
2017-01-15T15:37:15.187-0100: 121.344: Total time for which application threads were stopped: 0.0002737 seconds, Stopping threads took: 0.0000469 seconds
2017-01-15T15:37:19.873-0100: 126.029: Total time for which application threads were stopped: 0.0001023 seconds, Stopping threads took: 0.0000309 seconds
2017-01-15T15:37:19.873-0100: 126.029: Total time for which application threads were stopped: 0.0000445 seconds, Stopping threads took: 0.0000088 seconds
2017-01-15T15:37:19.883-0100: 126.039: Total time for which application threads were stopped: 0.0002588 seconds, Stopping threads took: 0.0001643 seconds
2017-01-15T15:37:19.884-0100: 126.040: Total time for which application threads were stopped: 0.0001524 seconds, Stopping threads took: 0.0000515 seconds
2017-01-15T15:37:19.903-0100: 126.060: Total time for which application threads were stopped: 0.0003674 seconds, Stopping threads took: 0.0000743 seconds
2017-01-15T15:37:19.904-0100: 126.061: Total time for which application threads were stopped: 0.0002487 seconds, Stopping threads took: 0.0000794 seconds
2017-01-15T15:37:19.914-0100: 126.070: Total time for which application threads were stopped: 0.0001106 seconds, Stopping threads took: 0.0000338 seconds
2017-01-15T15:37:19.914-0100: 126.070: Total time for which application threads were stopped: 0.0001360 seconds, Stopping threads took: 0.0000223 seconds
2017-01-15T15:37:20.915-0100: 127.072: Total time for which application threads were stopped: 0.0001345 seconds, Stopping threads took: 0.0000352 seconds
2017-01-15T15:37:22.920-0100: 129.076: Total time for which application threads were stopped: 0.0001685 seconds, Stopping threads took: 0.0000404 seconds
2017-01-15T15:37:22.987-0100: 129.144: Total time for which application threads were stopped: 0.0001814 seconds, Stopping threads took: 0.0000451 seconds
2017-01-15T15:37:22.988-0100: 129.144: Total time for which application threads were stopped: 0.0001292 seconds, Stopping threads took: 0.0000308 seconds
2017-01-15T15:37:23.005-0100: 129.161: Total time for which application threads were stopped: 0.0001402 seconds, Stopping threads took: 0.0000256 seconds
2017-01-15T15:37:23.005-0100: 129.162: Total time for which application threads were stopped: 0.0002113 seconds, Stopping threads took: 0.0000929 seconds
2017-01-15T15:37:24.006-0100: 130.163: Total time for which application threads were stopped: 0.0001668 seconds, Stopping threads took: 0.0000377 seconds
2017-01-15T15:37:27.015-0100: 133.171: Total time for which application threads were stopped: 0.0001578 seconds, Stopping threads took: 0.0000370 seconds
2017-01-15T15:37:41.038-0100: 147.194: Total time for which application threads were stopped: 0.0002258 seconds, Stopping threads took: 0.0000490 seconds
2017-01-15T15:37:43.039-0100: 149.195: Total time for which application threads were stopped: 0.0001394 seconds, Stopping threads took: 0.0000344 seconds
2017-01-15T15:37:47.045-0100: 153.201: Total time for which application threads were stopped: 0.0001895 seconds, Stopping threads took: 0.0000450 seconds
2017-01-15T15:37:53.064-0100: 159.219: Total time for which application threads were stopped: 0.0001527 seconds, Stopping threads took: 0.0000413 seconds
2017-01-15T15:38:01.086-0100: 167.241: Total time for which application threads were stopped: 0.0002596 seconds, Stopping threads took: 0.0000866 seconds
2017-01-15T15:38:13.102-0100: 179.257: Total time for which application threads were stopped: 0.0001420 seconds, Stopping threads took: 0.0000338 seconds
2017-01-15T15:38:23.008-0100: 189.163: Total time for which application threads were stopped: 0.0001967 seconds, Stopping threads took: 0.0000366 seconds
2017-01-15T15:38:39.035-0100: 205.189: Total time for which application threads were stopped: 0.0001421 seconds, Stopping threads took: 0.0000370 seconds
2017-01-15T15:38:43.044-0100: 209.198: Total time for which application threads were stopped: 0.0000975 seconds, Stopping threads took: