INFO  - 2017-01-15 14:35:14.156; [   ] org.eclipse.jetty.util.log.Log; Logging initialized @314ms
INFO  - 2017-01-15 14:35:14.331; [   ] org.eclipse.jetty.server.Server; jetty-9.3.8.v20160314
INFO  - 2017-01-15 14:35:14.347; [   ] org.eclipse.jetty.deploy.providers.ScanningAppProvider; Deployment monitor [file:///Users/mmarzougui/Documents/tools/solr-6.2.1/server/contexts/] at interval 0
INFO  - 2017-01-15 14:35:14.607; [   ] org.eclipse.jetty.webapp.StandardDescriptorProcessor; NO JSP Support for /solr, did not find org.apache.jasper.servlet.JspServlet
WARN  - 2017-01-15 14:35:14.617; [   ] org.eclipse.jetty.security.ConstraintSecurityHandler; ServletContext@o.e.j.w.WebAppContext@271053e1{/solr,file:///Users/mmarzougui/Documents/tools/solr-6.2.1/server/solr-webapp/webapp/,STARTING}{/Users/mmarzougui/Documents/tools/solr-6.2.1/server/solr-webapp/webapp} has uncovered http methods for path: /
INFO  - 2017-01-15 14:35:14.625; [   ] org.apache.solr.servlet.SolrDispatchFilter; SolrDispatchFilter.init(): WebAppClassLoader=1164371389@4566e5bd
INFO  - 2017-01-15 14:35:14.639; [   ] org.apache.solr.core.SolrResourceLoader; JNDI not configured for solr (NoInitialContextEx)
INFO  - 2017-01-15 14:35:14.640; [   ] org.apache.solr.core.SolrResourceLoader; using system property solr.solr.home: /Users/mmarzougui/Documents/tools/solr-6.2.1/example/techproducts/solr/
INFO  - 2017-01-15 14:35:14.640; [   ] org.apache.solr.core.SolrResourceLoader; new SolrResourceLoader for directory: '/Users/mmarzougui/Documents/tools/solr-6.2.1/example/techproducts/solr'
INFO  - 2017-01-15 14:35:14.641; [   ] org.apache.solr.core.SolrResourceLoader; JNDI not configured for solr (NoInitialContextEx)
INFO  - 2017-01-15 14:35:14.641; [   ] org.apache.solr.core.SolrResourceLoader; using system property solr.solr.home: /Users/mmarzougui/Documents/tools/solr-6.2.1/example/techproducts/solr/
INFO  - 2017-01-15 14:35:14.652; [   ] org.apache.solr.common.cloud.SolrZkClient; Using default ZkCredentialsProvider
INFO  - 2017-01-15 14:35:14.861; [   ] org.apache.solr.common.cloud.ConnectionManager; Waiting for client to connect to ZooKeeper
INFO  - 2017-01-15 14:35:14.965; [   ] org.apache.solr.common.cloud.ConnectionManager; Watcher org.apache.solr.common.cloud.ConnectionManager@658e1d75 name:ZooKeeperConnection Watcher:localhost:2181,localhost:2182,localhost:2183 got event WatchedEvent state:SyncConnected type:None path:null path:null type:None
INFO  - 2017-01-15 14:35:14.965; [   ] org.apache.solr.common.cloud.ConnectionManager; Client is connected to ZooKeeper
INFO  - 2017-01-15 14:35:14.966; [   ] org.apache.solr.common.cloud.SolrZkClient; Using default ZkACLProvider
INFO  - 2017-01-15 14:35:15.008; [   ] org.apache.solr.servlet.SolrDispatchFilter; Loading solr.xml from SolrHome (not found in ZooKeeper)
INFO  - 2017-01-15 14:35:15.013; [   ] org.apache.solr.core.SolrXmlConfig; Loading container configuration from /Users/mmarzougui/Documents/tools/solr-6.2.1/example/techproducts/solr/solr.xml
INFO  - 2017-01-15 14:35:15.083; [   ] org.apache.solr.core.CorePropertiesLocator; Config-defined core root directory: /Users/mmarzougui/Documents/tools/solr-6.2.1/example/techproducts/solr
INFO  - 2017-01-15 14:35:15.104; [   ] org.apache.solr.core.CoreContainer; New CoreContainer 1077199500
INFO  - 2017-01-15 14:35:15.105; [   ] org.apache.solr.core.CoreContainer; Loading cores into CoreContainer [instanceDir=/Users/mmarzougui/Documents/tools/solr-6.2.1/example/techproducts/solr]
WARN  - 2017-01-15 14:35:15.105; [   ] org.apache.solr.core.CoreContainer; Couldn't add files from /Users/mmarzougui/Documents/tools/solr-6.2.1/example/techproducts/solr/lib to classpath: /Users/mmarzougui/Documents/tools/solr-6.2.1/example/techproducts/solr/lib
INFO  - 2017-01-15 14:35:15.115; [   ] org.apache.solr.handler.component.HttpShardHandlerFactory; created with socketTimeout : 600000,connTimeout : 60000,maxConnectionsPerHost : 20,maxConnections : 10000,corePoolSize : 0,maximumPoolSize : 2147483647,maxThreadIdleTime : 5,sizeOfQueue : -1,fairnessPolicy : false,useRetries : false,connectionsEvictorSleepDelay : 5000,maxConnectionIdleTime : 40000,
INFO  - 2017-01-15 14:35:15.250; [   ] org.apache.solr.update.UpdateShardHandler; Creating UpdateShardHandler HTTP client with params: socketTimeout=600000&connTimeout=60000&retry=true
INFO  - 2017-01-15 14:35:15.252; [   ] org.apache.solr.logging.LogWatcher; SLF4J impl is org.slf4j.impl.Log4jLoggerFactory
INFO  - 2017-01-15 14:35:15.253; [   ] org.apache.solr.logging.LogWatcher; Registering Log Listener [Log4j (org.slf4j.impl.Log4jLoggerFactory)]
INFO  - 2017-01-15 14:35:15.254; [   ] org.apache.solr.core.ZkContainer; Zookeeper client=localhost:2181,localhost:2182,localhost:2183
INFO  - 2017-01-15 14:35:15.265; [   ] org.apache.solr.cloud.ZkController; Added new OnReconnect listener org.apache.solr.cloud.ZkController$$Lambda$4/959869407@6eda5c9
INFO  - 2017-01-15 14:35:15.267; [   ] org.apache.solr.common.cloud.ConnectionManager; Waiting for client to connect to ZooKeeper
INFO  - 2017-01-15 14:35:15.296; [   ] org.apache.solr.common.cloud.ConnectionManager; Watcher org.apache.solr.common.cloud.ConnectionManager@16305fa4 name:ZooKeeperConnection Watcher:localhost:2181,localhost:2182,localhost:2183 got event WatchedEvent state:SyncConnected type:None path:null path:null type:None
INFO  - 2017-01-15 14:35:15.296; [   ] org.apache.solr.common.cloud.ConnectionManager; Client is connected to ZooKeeper
INFO  - 2017-01-15 14:35:15.528; [   ] org.apache.solr.common.cloud.ZkStateReader; Updating cluster state from ZooKeeper... 
INFO  - 2017-01-15 14:35:15.537; [   ] org.apache.solr.common.cloud.ZkStateReader; Loaded empty cluster properties
INFO  - 2017-01-15 14:35:15.558; [   ] org.apache.solr.common.cloud.ZkStateReader; Updated live nodes from ZooKeeper... (0) -> (0)
INFO  - 2017-01-15 14:35:15.596; [   ] org.apache.solr.cloud.Overseer; Overseer (id=null) closing
INFO  - 2017-01-15 14:35:15.624; [   ] org.apache.solr.cloud.LeaderElector; Joined leadership election with path: /overseer_elect/election/241402628719640577-192.168.1.27:8983_solr-n_0000000001
INFO  - 2017-01-15 14:35:15.628; [   ] org.apache.solr.cloud.OverseerElectionContext; I am going to be the leader 192.168.1.27:8983_solr
INFO  - 2017-01-15 14:35:15.629; [   ] org.apache.solr.common.cloud.SolrZkClient; makePath: /overseer_elect/leader
INFO  - 2017-01-15 14:35:15.657; [   ] org.apache.solr.cloud.Overseer; Overseer (id=241402628719640577-192.168.1.27:8983_solr-n_0000000001) starting
INFO  - 2017-01-15 14:35:15.960; [   ] org.apache.solr.cloud.OverseerAutoReplicaFailoverThread; Starting OverseerAutoReplicaFailoverThread autoReplicaFailoverWorkLoopDelay=10000 autoReplicaFailoverWaitAfterExpiration=30000 autoReplicaFailoverBadNodeExpiration=60000
INFO  - 2017-01-15 14:35:15.978; [   ] org.apache.solr.cloud.OverseerTaskProcessor; Process current queue of overseer operations
INFO  - 2017-01-15 14:35:15.981; [   ] org.apache.solr.cloud.ZkController; Register node as live in ZooKeeper:/live_nodes/192.168.1.27:8983_solr
INFO  - 2017-01-15 14:35:15.982; [   ] org.apache.solr.common.cloud.SolrZkClient; makePath: /live_nodes/192.168.1.27:8983_solr
INFO  - 2017-01-15 14:35:16.017; [   ] org.apache.solr.common.cloud.ZkStateReader$LiveNodeWatcher; A live node change: [WatchedEvent state:SyncConnected type:NodeChildrenChanged path:/live_nodes], has occurred - updating... (live nodes size: [0])
INFO  - 2017-01-15 14:35:16.018; [   ] org.apache.solr.cloud.Overseer$ClusterStateUpdater; Starting to work on the main queue
INFO  - 2017-01-15 14:35:16.022; [   ] org.apache.solr.common.cloud.ZkStateReader; Updated live nodes from ZooKeeper... (0) -> (1)
INFO  - 2017-01-15 14:35:16.030; [   ] org.apache.solr.common.cloud.ZkStateReader; Updated live nodes from ZooKeeper... (1) -> (1)
INFO  - 2017-01-15 14:35:16.132; [   ] org.apache.solr.core.CoreContainer; Security conf doesn't exist. Skipping setup for authorization module.
INFO  - 2017-01-15 14:35:16.132; [   ] org.apache.solr.core.CoreContainer; No authentication plugin used.
INFO  - 2017-01-15 14:35:16.168; [   ] org.apache.solr.core.CorePropertiesLocator; Looking for core definitions underneath /Users/mmarzougui/Documents/tools/solr-6.2.1/example/techproducts/solr
INFO  - 2017-01-15 14:35:16.178; [   ] org.apache.solr.core.CoreDescriptor; Created CoreDescriptor: {name=techproducts, config=solrconfig.xml, loadOnStartup=true, schema=schema.xml, configSetProperties=configsetprops.json, transient=false, dataDir=data/}
INFO  - 2017-01-15 14:35:16.178; [   ] org.apache.solr.core.CorePropertiesLocator$1; Found core techproducts in /Users/mmarzougui/Documents/tools/solr-6.2.1/example/techproducts/solr/techproducts
INFO  - 2017-01-15 14:35:16.178; [   ] org.apache.solr.core.CorePropertiesLocator; Found 1 core definitions
INFO  - 2017-01-15 14:35:16.193; [c:techproducts   x:techproducts] org.apache.solr.cloud.ZkController; publishing state=down
INFO  - 2017-01-15 14:35:16.193; [c:techproducts   x:techproducts] org.apache.solr.cloud.ZkController; numShards not found on descriptor - reading it from system property
INFO  - 2017-01-15 14:35:16.218; [c:techproducts   x:techproducts] org.apache.solr.cloud.ZkController; Collection techproducts not visible yet, but flagging it so a watch is registered when it becomes visible
INFO  - 2017-01-15 14:35:16.218; [   ] org.apache.solr.servlet.SolrDispatchFilter; user.dir=/Users/mmarzougui/Documents/tools/solr-6.2.1/server
INFO  - 2017-01-15 14:35:16.219; [   ] org.apache.solr.servlet.SolrDispatchFilter; SolrDispatchFilter.init() done
INFO  - 2017-01-15 14:35:16.223; [   ] org.apache.solr.cloud.Overseer$ClusterStateUpdater; processMessage: queueSize: 1, message = {
  "core":"techproducts",
  "roles":null,
  "base_url":"http://192.168.1.27:8983/solr",
  "node_name":"192.168.1.27:8983_solr",
  "state":"down",
  "shard":null,
  "collection":"techproducts",
  "operation":"state"} current state version: 1
INFO  - 2017-01-15 14:35:16.228; [c:techproducts   x:techproducts] org.apache.solr.common.cloud.ZkStateReader; Deleting data for [techproducts]
INFO  - 2017-01-15 14:35:16.229; [c:techproducts   x:techproducts] org.apache.solr.cloud.ZkController; look for our core node name
INFO  - 2017-01-15 14:35:16.233; [   ] org.apache.solr.cloud.overseer.ReplicaMutator; Update state numShards=null message={
  "core":"techproducts",
  "roles":null,
  "base_url":"http://192.168.1.27:8983/solr",
  "node_name":"192.168.1.27:8983_solr",
  "state":"down",
  "shard":null,
  "collection":"techproducts",
  "operation":"state"}
INFO  - 2017-01-15 14:35:16.235; [   ] org.apache.solr.cloud.overseer.ReplicaMutator; Assigning new node to shard shard=shard1
INFO  - 2017-01-15 14:35:16.241; [   ] org.eclipse.jetty.server.handler.ContextHandler; Started o.e.j.w.WebAppContext@271053e1{/solr,file:///Users/mmarzougui/Documents/tools/solr-6.2.1/server/solr-webapp/webapp/,AVAILABLE}{/Users/mmarzougui/Documents/tools/solr-6.2.1/server/solr-webapp/webapp}
INFO  - 2017-01-15 14:35:16.247; [   ] org.eclipse.jetty.server.AbstractConnector; Started ServerConnector@15bbf42f{HTTP/1.1,[http/1.1]}{0.0.0.0:8983}
INFO  - 2017-01-15 14:35:16.249; [   ] org.eclipse.jetty.server.Server; Started @2409ms
INFO  - 2017-01-15 14:35:16.292; [   ] org.apache.solr.common.cloud.ZkStateReader$LegacyClusterStateWatcher; A cluster state change: [WatchedEvent state:SyncConnected type:NodeDataChanged path:/clusterstate.json], has occurred - updating... (live nodes size: [1])
INFO  - 2017-01-15 14:35:17.230; [c:techproducts   x:techproducts] org.apache.solr.cloud.ZkController; waiting to find shard id in clusterstate for techproducts
INFO  - 2017-01-15 14:35:17.230; [c:techproducts   x:techproducts] org.apache.solr.cloud.ZkController; Check for collection zkNode:techproducts
INFO  - 2017-01-15 14:35:17.232; [c:techproducts   x:techproducts] org.apache.solr.cloud.ZkController; Creating collection in ZooKeeper:techproducts
INFO  - 2017-01-15 14:35:17.232; [c:techproducts   x:techproducts] org.apache.solr.cloud.ZkController; Looking for collection configName
INFO  - 2017-01-15 14:35:17.234; [c:techproducts   x:techproducts] org.apache.solr.cloud.ZkController; Could not find collection configName - pausing for 3 seconds and trying again - try: 1
INFO  - 2017-01-15 14:35:20.241; [c:techproducts   x:techproducts] org.apache.solr.cloud.ZkController; Could not find collection configName - pausing for 3 seconds and trying again - try: 2
INFO  - 2017-01-15 14:35:23.251; [c:techproducts   x:techproducts] org.apache.solr.cloud.ZkController; Could not find collection configName - pausing for 3 seconds and trying again - try: 3
INFO  - 2017-01-15 14:35:26.257; [c:techproducts   x:techproducts] org.apache.solr.cloud.ZkController; Could not find collection configName - pausing for 3 seconds and trying again - try: 4
INFO  - 2017-01-15 14:35:29.267; [c:techproducts   x:techproducts] org.apache.solr.cloud.ZkController; Could not find collection configName - pausing for 3 seconds and trying again - try: 5
ERROR - 2017-01-15 14:35:32.268; [c:techproducts   x:techproducts] org.apache.solr.cloud.ZkController; Could not find configName for collection techproducts
ERROR - 2017-01-15 14:35:32.271; [c:techproducts   x:techproducts] org.apache.solr.core.CoreContainer; Error creating core [techproducts]: Could not find configName for collection techproducts found:null
org.apache.solr.common.cloud.ZooKeeperException: Could not find configName for collection techproducts found:null
	at org.apache.solr.cloud.ZkController.getConfName(ZkController.java:1396)
	at org.apache.solr.cloud.ZkController.createCollectionZkNode(ZkController.java:1323)
	at org.apache.solr.cloud.CloudConfigSetService.createCoreResourceLoader(CloudConfigSetService.java:35)
	at org.apache.solr.core.ConfigSetService.getConfig(ConfigSetService.java:74)
	at org.apache.solr.core.CoreContainer.create(CoreContainer.java:836)
	at org.apache.solr.core.CoreContainer.lambda$load$0(CoreContainer.java:494)
	at java.util.concurrent.FutureTask.run(FutureTask.java:266)
	at org.apache.solr.common.util.ExecutorUtil$MDCAwareThreadPoolExecutor.lambda$execute$0(ExecutorUtil.java:229)
	at java.util.concurrent.ThreadPoolExecutor.runWorker(ThreadPoolExecutor.java:1142)
	at java.util.concurrent.ThreadPoolExecutor$Worker.run(ThreadPoolExecutor.java:617)
	at java.lang.Thread.run(Thread.java:745)
ERROR - 2017-01-15 14:35:32.272; [   ] org.apache.solr.core.CoreContainer; Error waiting for SolrCore to be created
java.util.concurrent.ExecutionException: org.apache.solr.common.SolrException: Unable to create core [techproducts]
	at java.util.concurrent.FutureTask.report(FutureTask.java:122)
	at java.util.concurrent.FutureTask.get(FutureTask.java:192)
	at org.apache.solr.core.CoreContainer.lambda$load$1(CoreContainer.java:522)
	at java.util.concurrent.Executors$RunnableAdapter.call(Executors.java:511)
	at java.util.concurrent.FutureTask.run(FutureTask.java:266)
	at org.apache.solr.common.util.ExecutorUtil$MDCAwareThreadPoolExecutor.lambda$execute$0(ExecutorUtil.java:229)
	at java.util.concurrent.ThreadPoolExecutor.runWorker(ThreadPoolExecutor.java:1142)
	at java.util.concurrent.ThreadPoolExecutor$Worker.run(ThreadPoolExecutor.java:617)
	at java.lang.Thread.run(Thread.java:745)
Caused by: org.apache.solr.common.SolrException: Unable to create core [techproducts]
	at org.apache.solr.core.CoreContainer.create(CoreContainer.java:851)
	at org.apache.solr.core.CoreContainer.lambda$load$0(CoreContainer.java:494)
	... 5 more
Caused by: org.apache.solr.common.cloud.ZooKeeperException: Could not find configName for collection techproducts found:null
	at org.apache.solr.cloud.ZkController.getConfName(ZkController.java:1396)
	at org.apache.solr.cloud.ZkController.createCollectionZkNode(ZkController.java:1323)
	at org.apache.solr.cloud.CloudConfigSetService.createCoreResourceLoader(CloudConfigSetService.java:35)
	at org.apache.solr.core.ConfigSetService.getConfig(ConfigSetService.java:74)
	at org.apache.solr.core.CoreContainer.create(CoreContainer.java:836)
	... 6 more
INFO  - 2017-01-15 14:35:32.399; [   ] org.apache.solr.servlet.HttpSolrCall; [admin] webapp=null path=/admin/cores params={indexInfo=false&wt=json&_=1484490932147} status=0 QTime=54
INFO  - 2017-01-15 14:35:32.443; [   ] org.apache.solr.servlet.HttpSolrCall; [admin] webapp=null path=/admin/info/system params={wt=json&_=1484490932148} status=0 QTime=97
INFO  - 2017-01-15 14:35:32.492; [   ] org.apache.solr.handler.admin.CollectionsHandler; Invoked Collection Action :list with params action=LIST&wt=json&_=1484490932148 and sendToOCPQueue=true
INFO  - 2017-01-15 14:35:32.493; [   ] org.apache.solr.servlet.HttpSolrCall; [admin] webapp=null path=/admin/collections params={action=LIST&wt=json&_=1484490932148} status=0 QTime=16
INFO  - 2017-01-15 14:35:32.495; [   ] org.apache.solr.servlet.HttpSolrCall; [admin] webapp=null path=/admin/info/system params={wt=json&_=1484490932148} status=0 QTime=25
INFO  - 2017-01-15 14:35:36.636; [   ] org.apache.solr.servlet.HttpSolrCall; [admin] webapp=null path=/admin/cores params={indexInfo=false&wt=json&_=1484490932147} status=0 QTime=0
INFO  - 2017-01-15 14:35:36.648; [   ] org.apache.solr.handler.admin.CollectionsHandler; Invoked Collection Action :clusterstatus with params action=CLUSTERSTATUS&wt=json&_=1484490932148 and sendToOCPQueue=true
INFO  - 2017-01-15 14:35:36.655; [   ] org.apache.solr.common.cloud.ZkStateReader; Load collection config from: [/collections/flash]
ERROR - 2017-01-15 14:35:36.662; [   ] org.apache.solr.common.SolrException; org.apache.solr.common.SolrException: Error loading config name for collection flash
	at org.apache.solr.common.cloud.ZkStateReader.readConfigName(ZkStateReader.java:196)
	at org.apache.solr.handler.admin.ClusterStatus.getClusterStatus(ClusterStatus.java:141)
	at org.apache.solr.handler.admin.CollectionsHandler$CollectionOperation.lambda$static$19(CollectionsHandler.java:628)
	at org.apache.solr.handler.admin.CollectionsHandler$CollectionOperation.execute(CollectionsHandler.java:812)
	at org.apache.solr.handler.admin.CollectionsHandler.handleRequestBody(CollectionsHandler.java:206)
	at org.apache.solr.handler.RequestHandlerBase.handleRequest(RequestHandlerBase.java:154)
	at org.apache.solr.servlet.HttpSolrCall.handleAdminRequest(HttpSolrCall.java:658)
	at org.apache.solr.servlet.HttpSolrCall.call(HttpSolrCall.java:440)
	at org.apache.solr.servlet.SolrDispatchFilter.doFilter(SolrDispatchFilter.java:257)
	at org.apache.solr.servlet.SolrDispatchFilter.doFilter(SolrDispatchFilter.java:208)
	at org.eclipse.jetty.servlet.ServletHandler$CachedChain.doFilter(ServletHandler.java:1668)
	at org.eclipse.jetty.servlet.ServletHandler.doHandle(ServletHandler.java:581)
	at org.eclipse.jetty.server.handler.ScopedHandler.handle(ScopedHandler.java:143)
	at org.eclipse.jetty.security.SecurityHandler.handle(SecurityHandler.java:548)
	at org.eclipse.jetty.server.session.SessionHandler.doHandle(SessionHandler.java:226)
	at org.eclipse.jetty.server.handler.ContextHandler.doHandle(ContextHandler.java:1160)
	at org.eclipse.jetty.servlet.ServletHandler.doScope(ServletHandler.java:511)
	at org.eclipse.jetty.server.session.SessionHandler.doScope(SessionHandler.java:185)
	at org.eclipse.jetty.server.handler.ContextHandler.doScope(ContextHandler.java:1092)
	at org.eclipse.jetty.server.handler.ScopedHandler.handle(ScopedHandler.java:141)
	at org.eclipse.jetty.server.handler.ContextHandlerCollection.handle(ContextHandlerCollection.java:213)
	at org.eclipse.jetty.server.handler.HandlerCollection.handle(HandlerCollection.java:119)
	at org.eclipse.jetty.server.handler.HandlerWrapper.handle(HandlerWrapper.java:134)
	at org.eclipse.jetty.server.Server.handle(Server.java:518)
	at org.eclipse.jetty.server.HttpChannel.handle(HttpChannel.java:308)
	at org.eclipse.jetty.server.HttpConnection.onFillable(HttpConnection.java:244)
	at org.eclipse.jetty.io.AbstractConnection$ReadCallback.succeeded(AbstractConnection.java:273)
	at org.eclipse.jetty.io.FillInterest.fillable(FillInterest.java:95)
	at org.eclipse.jetty.io.SelectChannelEndPoint$2.run(SelectChannelEndPoint.java:93)
	at org.eclipse.jetty.util.thread.strategy.ExecuteProduceConsume.produceAndRun(ExecuteProduceConsume.java:246)
	at org.eclipse.jetty.util.thread.strategy.ExecuteProduceConsume.run(ExecuteProduceConsume.java:156)
	at org.eclipse.jetty.util.thread.QueuedThreadPool.runJob(QueuedThreadPool.java:654)
	at org.eclipse.jetty.util.thread.QueuedThreadPool$3.run(QueuedThreadPool.java:572)
	at java.lang.Thread.run(Thread.java:745)
Caused by: org.apache.zookeeper.KeeperException$NoNodeException: KeeperErrorCode = NoNode for /collections/flash
	at org.apache.zookeeper.KeeperException.create(KeeperException.java:111)
	at org.apache.zookeeper.KeeperException.create(KeeperException.java:51)
	at org.apache.zookeeper.ZooKeeper.getData(ZooKeeper.java:1155)
	at org.apache.solr.common.cloud.SolrZkClient$7.execute(SolrZkClient.java:348)
	at org.apache.solr.common.cloud.SolrZkClient$7.execute(SolrZkClient.java:345)
	at org.apache.solr.common.cloud.ZkCmdExecutor.retryOperation(ZkCmdExecutor.java:60)
	at org.apache.solr.common.cloud.SolrZkClient.getData(SolrZkClient.java:345)
	at org.apache.solr.common.cloud.ZkStateReader.readConfigName(ZkStateReader.java:178)
	... 33 more

INFO  - 2017-01-15 14:35:36.662; [   ] org.apache.solr.servlet.HttpSolrCall; [admin] webapp=null path=/admin/collections params={action=CLUSTERSTATUS&wt=json&_=1484490932148} status=500 QTime=14
ERROR - 2017-01-15 14:35:36.665; [   ] org.apache.solr.common.SolrException; null:org.apache.solr.common.SolrException: Error loading config name for collection flash
	at org.apache.solr.common.cloud.ZkStateReader.readConfigName(ZkStateReader.java:196)
	at org.apache.solr.handler.admin.ClusterStatus.getClusterStatus(ClusterStatus.java:141)
	at org.apache.solr.handler.admin.CollectionsHandler$CollectionOperation.lambda$static$19(CollectionsHandler.java:628)
	at org.apache.solr.handler.admin.CollectionsHandler$CollectionOperation.execute(CollectionsHandler.java:812)
	at org.apache.solr.handler.admin.CollectionsHandler.handleRequestBody(CollectionsHandler.java:206)
	at org.apache.solr.handler.RequestHandlerBase.handleRequest(RequestHandlerBase.java:154)
	at org.apache.solr.servlet.HttpSolrCall.handleAdminRequest(HttpSolrCall.java:658)
	at org.apache.solr.servlet.HttpSolrCall.call(HttpSolrCall.java:440)
	at org.apache.solr.servlet.SolrDispatchFilter.doFilter(SolrDispatchFilter.java:257)
	at org.apache.solr.servlet.SolrDispatchFilter.doFilter(SolrDispatchFilter.java:208)
	at org.eclipse.jetty.servlet.ServletHandler$CachedChain.doFilter(ServletHandler.java:1668)
	at org.eclipse.jetty.servlet.ServletHandler.doHandle(ServletHandler.java:581)
	at org.eclipse.jetty.server.handler.ScopedHandler.handle(ScopedHandler.java:143)
	at org.eclipse.jetty.security.SecurityHandler.handle(SecurityHandler.java:548)
	at org.eclipse.jetty.server.session.SessionHandler.doHandle(SessionHandler.java:226)
	at org.eclipse.jetty.server.handler.ContextHandler.doHandle(ContextHandler.java:1160)
	at org.eclipse.jetty.servlet.ServletHandler.doScope(ServletHandler.java:511)
	at org.eclipse.jetty.server.session.SessionHandler.doScope(SessionHandler.java:185)
	at org.eclipse.jetty.server.handler.ContextHandler.doScope(ContextHandler.java:1092)
	at org.eclipse.jetty.server.handler.ScopedHandler.handle(ScopedHandler.java:141)
	at org.eclipse.jetty.server.handler.ContextHandlerCollection.handle(ContextHandlerCollection.java:213)
	at org.eclipse.jetty.server.handler.HandlerCollection.handle(HandlerCollection.java:119)
	at org.eclipse.jetty.server.handler.HandlerWrapper.handle(HandlerWrapper.java:134)
	at org.eclipse.jetty.server.Server.handle(Server.java:518)
	at org.eclipse.jetty.server.HttpChannel.handle(HttpChannel.java:308)
	at org.eclipse.jetty.server.HttpConnection.onFillable(HttpConnection.java:244)
	at org.eclipse.jetty.io.AbstractConnection$ReadCallback.succeeded(AbstractConnection.java:273)
	at org.eclipse.jetty.io.FillInterest.fillable(FillInterest.java:95)
	at org.eclipse.jetty.io.SelectChannelEndPoint$2.run(SelectChannelEndPoint.java:93)
	at org.eclipse.jetty.util.thread.strategy.ExecuteProduceConsume.produceAndRun(ExecuteProduceConsume.java:246)
	at org.eclipse.jetty.util.thread.strategy.ExecuteProduceConsume.run(ExecuteProduceConsume.java:156)
	at org.eclipse.jetty.util.thread.QueuedThreadPool.runJob(QueuedThreadPool.java:654)
	at org.eclipse.jetty.util.thread.QueuedThreadPool$3.run(QueuedThreadPool.java:572)
	at java.lang.Thread.run(Thread.java:745)
Caused by: org.apache.zookeeper.KeeperException$NoNodeException: KeeperErrorCode = NoNode for /collections/flash
	at org.apache.zookeeper.KeeperException.create(KeeperException.java:111)
	at org.apache.zookeeper.KeeperException.create(KeeperException.java:51)
	at org.apache.zookeeper.ZooKeeper.getData(ZooKeeper.java:1155)
	at org.apache.solr.common.cloud.SolrZkClient$7.execute(SolrZkClient.java:348)
	at org.apache.solr.common.cloud.SolrZkClient$7.execute(SolrZkClient.java:345)
	at org.apache.solr.common.cloud.ZkCmdExecutor.retryOperation(ZkCmdExecutor.java:60)
	at org.apache.solr.common.cloud.SolrZkClient.getData(SolrZkClient.java:345)
	at org.apache.solr.common.cloud.ZkStateReader.readConfigName(ZkStateReader.java:178)
	... 33 more

INFO  - 2017-01-15 14:35:36.675; [   ] org.apache.solr.servlet.HttpSolrCall; [admin] webapp=null path=/admin/info/system params={wt=json&_=1484490932148} status=0 QTime=37
INFO  - 2017-01-15 14:35:36.686; [   ] org.apache.solr.handler.admin.CollectionsHandler; Invoked Collection Action :list with params action=LIST&wt=json&_=1484490932148 and sendToOCPQueue=true
INFO  - 2017-01-15 14:35:36.687; [   ] org.apache.solr.servlet.HttpSolrCall; [admin] webapp=null path=/admin/collections params={action=LIST&wt=json&_=1484490932148} status=0 QTime=1
INFO  - 2017-01-15 14:36:06.242; [   ] org.apache.solr.servlet.HttpSolrCall; [admin] webapp=null path=/admin/cores params={indexInfo=false&wt=json&_=1484490932147} status=0 QTime=0
INFO  - 2017-01-15 14:36:06.270; [   ] org.apache.solr.servlet.HttpSolrCall; [admin] webapp=null path=/admin/info/system params={wt=json&_=1484490932148} status=0 QTime=26
INFO  - 2017-01-15 14:36:06.289; [   ] org.apache.solr.handler.admin.CollectionsHandler; Invoked Collection Action :list with params action=LIST&wt=json&_=1484490932148 and sendToOCPQueue=true
INFO  - 2017-01-15 14:36:06.290; [   ] org.apache.solr.servlet.HttpSolrCall; [admin] webapp=null path=/admin/collections params={action=LIST&wt=json&_=1484490932148} status=0 QTime=0
INFO  - 2017-01-15 14:36:06.308; [   ] org.apache.solr.servlet.HttpSolrCall; [admin] webapp=null path=/admin/info/system params={wt=json&_=1484490932148} status=0 QTime=34
INFO  - 2017-01-15 14:36:09.118; [   ] org.apache.solr.servlet.HttpSolrCall; [admin] webapp=null path=/admin/cores params={indexInfo=false&wt=json&_=1484490932147} status=0 QTime=0
INFO  - 2017-01-15 14:36:09.124; [   ] org.apache.solr.cloud.ZkController; Added new OnReconnect listener org.apache.solr.handler.admin.ZookeeperInfoHandler$PagedCollectionSupport@5f1969e6
INFO  - 2017-01-15 14:36:09.133; [   ] org.apache.solr.servlet.HttpSolrCall; [admin] webapp=null path=/admin/zookeeper params={path=/live_nodes&wt=json&_=1484490969106} status=0 QTime=10
INFO  - 2017-01-15 14:36:09.144; [   ] org.apache.solr.servlet.HttpSolrCall; [admin] webapp=null path=/admin/info/system params={wt=json&_=1484490932148} status=0 QTime=25
INFO  - 2017-01-15 14:36:09.153; [   ] org.apache.solr.handler.admin.CollectionsHandler; Invoked Collection Action :list with params action=LIST&wt=json&_=1484490932148 and sendToOCPQueue=true
INFO  - 2017-01-15 14:36:09.153; [   ] org.apache.solr.servlet.HttpSolrCall; [admin] webapp=null path=/admin/collections params={action=LIST&wt=json&_=1484490932148} status=0 QTime=0
INFO  - 2017-01-15 14:36:09.153; [   ] org.apache.solr.servlet.HttpSolrCall; [admin] webapp=null path=/admin/zookeeper params={path=/clusterstate.json&view=graph&detail=true&wt=json&_=1484490969106} status=0 QTime=12
INFO  - 2017-01-15 14:36:11.238; [   ] org.apache.solr.servlet.HttpSolrCall; [admin] webapp=null path=/admin/cores params={indexInfo=false&wt=json&_=1484490932147} status=0 QTime=0
INFO  - 2017-01-15 14:36:11.277; [   ] org.apache.solr.servlet.HttpSolrCall; [admin] webapp=null path=/admin/info/system params={wt=json&_=1484490932148} status=0 QTime=37
INFO  - 2017-01-15 14:36:11.290; [   ] org.apache.solr.handler.admin.CollectionsHandler; Invoked Collection Action :list with params action=LIST&wt=json&_=1484490932148 and sendToOCPQueue=true
INFO  - 2017-01-15 14:36:11.291; [   ] org.apache.solr.servlet.HttpSolrCall; [admin] webapp=null path=/admin/collections params={action=LIST&wt=json&_=1484490932148} status=0 QTime=0
INFO  - 2017-01-15 14:36:11.346; [   ] org.apache.solr.servlet.HttpSolrCall; [admin] webapp=null path=/admin/zookeeper params={wt=json&_=1484490969106} status=0 QTime=102
INFO  - 2017-01-15 14:36:16.365; [   ] org.apache.solr.servlet.HttpSolrCall; [admin] webapp=null path=/admin/zookeeper params={path=/live_nodes&detail=true&wt=json&_=1484490969106} status=0 QTime=10
INFO  - 2017-01-15 14:36:19.914; [   ] org.apache.solr.servlet.HttpSolrCall; [admin] webapp=null path=/admin/zookeeper params={path=/overseer&detail=true&wt=json&_=1484490969106} status=0 QTime=17
INFO  - 2017-01-15 14:36:20.534; [   ] org.apache.solr.servlet.HttpSolrCall; [admin] webapp=null path=/admin/zookeeper params={path=/overseer_elect&detail=true&wt=json&_=1484490969106} status=0 QTime=18
INFO  - 2017-01-15 14:36:21.014; [   ] org.apache.solr.servlet.HttpSolrCall; [admin] webapp=null path=/admin/zookeeper params={path=/security.json&detail=true&wt=json&_=1484490969106} status=0 QTime=5
INFO  - 2017-01-15 14:36:22.500; [   ] org.apache.solr.servlet.HttpSolrCall; [admin] webapp=null path=/admin/zookeeper params={path=/clusterstate.json&detail=true&wt=json&_=1484490969106} status=0 QTime=4
INFO  - 2017-01-15 14:36:29.092; [   ] org.apache.solr.servlet.HttpSolrCall; [admin] webapp=null path=/admin/zookeeper params={path=/collections&detail=true&wt=json&_=1484490969106} status=0 QTime=4
INFO  - 2017-01-15 14:36:30.778; [   ] org.apache.solr.servlet.HttpSolrCall; [admin] webapp=null path=/admin/zookeeper params={path=/aliases.json&detail=true&wt=json&_=1484490969106} status=0 QTime=3
INFO  - 2017-01-15 14:36:33.717; [   ] org.apache.solr.servlet.HttpSolrCall; [admin] webapp=null path=/admin/cores params={indexInfo=false&wt=json&_=1484490932147} status=0 QTime=0
INFO  - 2017-01-15 14:36:33.723; [   ] org.apache.solr.servlet.HttpSolrCall; [admin] webapp=null path=/admin/cores params={wt=json&_=1484490932147} status=0 QTime=0
INFO  - 2017-01-15 14:36:33.745; [   ] org.apache.solr.servlet.HttpSolrCall; [admin] webapp=null path=/admin/info/system params={wt=json&_=1484490932148} status=0 QTime=27
INFO  - 2017-01-15 14:36:33.754; [   ] org.apache.solr.handler.admin.CollectionsHandler; Invoked Collection Action :list with params action=LIST&wt=json&_=1484490932148 and sendToOCPQueue=true
INFO  - 2017-01-15 14:36:33.755; [   ] org.apache.solr.servlet.HttpSolrCall; [admin] webapp=null path=/admin/collections params={action=LIST&wt=json&_=1484490932148} status=0 QTime=0
INFO  - 2017-01-15 14:36:37.826; [   ] org.apache.solr.servlet.HttpSolrCall; [admin] webapp=null path=/admin/cores params={indexInfo=false&wt=json&_=1484490932147} status=0 QTime=0
INFO  - 2017-01-15 14:36:37.830; [   ] org.apache.solr.handler.admin.CollectionsHandler; Invoked Collection Action :clusterstatus with params action=CLUSTERSTATUS&wt=json&_=1484490932148 and sendToOCPQueue=true
INFO  - 2017-01-15 14:36:37.840; [   ] org.apache.solr.common.cloud.ZkStateReader; Load collection config from: [/collections/flash]
WARN  - 2017-01-15 14:36:37.843; [   ] org.apache.solr.handler.admin.ZookeeperInfoHandler$ZKPrinter; Keeper Exception
org.apache.zookeeper.KeeperException$NoNodeException: KeeperErrorCode = NoNode for /configs
	at org.apache.zookeeper.KeeperException.create(KeeperException.java:111)
	at org.apache.zookeeper.KeeperException.create(KeeperException.java:51)
	at org.apache.zookeeper.ZooKeeper.getData(ZooKeeper.java:1155)
	at org.apache.solr.common.cloud.SolrZkClient$7.execute(SolrZkClient.java:348)
	at org.apache.solr.common.cloud.SolrZkClient$7.execute(SolrZkClient.java:345)
	at org.apache.solr.common.cloud.ZkCmdExecutor.retryOperation(ZkCmdExecutor.java:60)
	at org.apache.solr.common.cloud.SolrZkClient.getData(SolrZkClient.java:345)
	at org.apache.solr.handler.admin.ZookeeperInfoHandler$ZKPrinter.printTree(ZookeeperInfoHandler.java:584)
	at org.apache.solr.handler.admin.ZookeeperInfoHandler$ZKPrinter.print(ZookeeperInfoHandler.java:530)
	at org.apache.solr.handler.admin.ZookeeperInfoHandler.handleRequestBody(ZookeeperInfoHandler.java:409)
	at org.apache.solr.handler.RequestHandlerBase.handleRequest(RequestHandlerBase.java:154)
	at org.apache.solr.servlet.HttpSolrCall.handleAdminRequest(HttpSolrCall.java:658)
	at org.apache.solr.servlet.HttpSolrCall.call(HttpSolrCall.java:440)
	at org.apache.solr.servlet.SolrDispatchFilter.doFilter(SolrDispatchFilter.java:257)
	at org.apache.solr.servlet.SolrDispatchFilter.doFilter(SolrDispatchFilter.java:208)
	at org.eclipse.jetty.servlet.ServletHandler$CachedChain.doFilter(ServletHandler.java:1668)
	at org.eclipse.jetty.servlet.ServletHandler.doHandle(ServletHandler.java:581)
	at org.eclipse.jetty.server.handler.ScopedHandler.handle(ScopedHandler.java:143)
	at org.eclipse.jetty.security.SecurityHandler.handle(SecurityHandler.java:548)
	at org.eclipse.jetty.server.session.SessionHandler.doHandle(SessionHandler.java:226)
	at org.eclipse.jetty.server.handler.ContextHandler.doHandle(ContextHandler.java:1160)
	at org.eclipse.jetty.servlet.ServletHandler.doScope(ServletHandler.java:511)
	at org.eclipse.jetty.server.session.SessionHandler.doScope(SessionHandler.java:185)
	at org.eclipse.jetty.server.handler.ContextHandler.doScope(ContextHandler.java:1092)
	at org.eclipse.jetty.server.handler.ScopedHandler.handle(ScopedHandler.java:141)
	at org.eclipse.jetty.server.handler.ContextHandlerCollection.handle(ContextHandlerCollection.java:213)
	at org.eclipse.jetty.server.handler.HandlerCollection.handle(HandlerCollection.java:119)
	at org.eclipse.jetty.server.handler.HandlerWrapper.handle(HandlerWrapper.java:134)
	at org.eclipse.jetty.server.Server.handle(Server.java:518)
	at org.eclipse.jetty.server.HttpChannel.handle(HttpChannel.java:308)
	at org.eclipse.jetty.server.HttpConnection.onFillable(HttpConnection.java:244)
	at org.eclipse.jetty.io.AbstractConnection$ReadCallback.succeeded(AbstractConnection.java:273)
	at org.eclipse.jetty.io.FillInterest.fillable(FillInterest.java:95)
	at org.eclipse.jetty.io.SelectChannelEndPoint$2.run(SelectChannelEndPoint.java:93)
	at org.eclipse.jetty.util.thread.strategy.ExecuteProduceConsume.produceAndRun(ExecuteProduceConsume.java:246)
	at org.eclipse.jetty.util.thread.strategy.ExecuteProduceConsume.run(ExecuteProduceConsume.java:156)
	at org.eclipse.jetty.util.thread.QueuedThreadPool.runJob(QueuedThreadPool.java:654)
	at org.eclipse.jetty.util.thread.QueuedThreadPool$3.run(QueuedThreadPool.java:572)
	at java.lang.Thread.run(Thread.java:745)
INFO  - 2017-01-15 14:36:37.844; [   ] org.apache.solr.servlet.HttpSolrCall; [admin] webapp=null path=/admin/zookeeper params={path=/configs/&detail=false&wt=json&_=1484490969106} status=0 QTime=7
ERROR - 2017-01-15 14:36:37.847; [   ] org.apache.solr.common.SolrException; org.apache.solr.common.SolrException: Error loading config name for collection flash
	at org.apache.solr.common.cloud.ZkStateReader.readConfigName(ZkStateReader.java:196)
	at org.apache.solr.handler.admin.ClusterStatus.getClusterStatus(ClusterStatus.java:141)
	at org.apache.solr.handler.admin.CollectionsHandler$CollectionOperation.lambda$static$19(CollectionsHandler.java:628)
	at org.apache.solr.handler.admin.CollectionsHandler$CollectionOperation.execute(CollectionsHandler.java:812)
	at org.apache.solr.handler.admin.CollectionsHandler.handleRequestBody(CollectionsHandler.java:206)
	at org.apache.solr.handler.RequestHandlerBase.handleRequest(RequestHandlerBase.java:154)
	at org.apache.solr.servlet.HttpSolrCall.handleAdminRequest(HttpSolrCall.java:658)
	at org.apache.solr.servlet.HttpSolrCall.call(HttpSolrCall.java:440)
	at org.apache.solr.servlet.SolrDispatchFilter.doFilter(SolrDispatchFilter.java:257)
	at org.apache.solr.servlet.SolrDispatchFilter.doFilter(SolrDispatchFilter.java:208)
	at org.eclipse.jetty.servlet.ServletHandler$CachedChain.doFilter(ServletHandler.java:1668)
	at org.eclipse.jetty.servlet.ServletHandler.doHandle(ServletHandler.java:581)
	at org.eclipse.jetty.server.handler.ScopedHandler.handle(ScopedHandler.java:143)
	at org.eclipse.jetty.security.SecurityHandler.handle(SecurityHandler.java:548)
	at org.eclipse.jetty.server.session.SessionHandler.doHandle(SessionHandler.java:226)
	at org.eclipse.jetty.server.handler.ContextHandler.doHandle(ContextHandler.java:1160)
	at org.eclipse.jetty.servlet.ServletHandler.doScope(ServletHandler.java:511)
	at org.eclipse.jetty.server.session.SessionHandler.doScope(SessionHandler.java:185)
	at org.eclipse.jetty.server.handler.ContextHandler.doScope(ContextHandler.java:1092)
	at org.eclipse.jetty.server.handler.ScopedHandler.handle(ScopedHandler.java:141)
	at org.eclipse.jetty.server.handler.ContextHandlerCollection.handle(ContextHandlerCollection.java:213)
	at org.eclipse.jetty.server.handler.HandlerCollection.handle(HandlerCollection.java:119)
	at org.eclipse.jetty.server.handler.HandlerWrapper.handle(HandlerWrapper.java:134)
	at org.eclipse.jetty.server.Server.handle(Server.java:518)
	at org.eclipse.jetty.server.HttpChannel.handle(HttpChannel.java:308)
	at org.eclipse.jetty.server.HttpConnection.onFillable(HttpConnection.java:244)
	at org.eclipse.jetty.io.AbstractConnection$ReadCallback.succeeded(AbstractConnection.java:273)
	at org.eclipse.jetty.io.FillInterest.fillable(FillInterest.java:95)
	at org.eclipse.jetty.io.SelectChannelEndPoint$2.run(SelectChannelEndPoint.java:93)
	at org.eclipse.jetty.util.thread.strategy.ExecuteProduceConsume.produceAndRun(ExecuteProduceConsume.java:246)
	at org.eclipse.jetty.util.thread.strategy.ExecuteProduceConsume.run(ExecuteProduceConsume.java:156)
	at org.eclipse.jetty.util.thread.QueuedThreadPool.runJob(QueuedThreadPool.java:654)
	at org.eclipse.jetty.util.thread.QueuedThreadPool$3.run(QueuedThreadPool.java:572)
	at java.lang.Thread.run(Thread.java:745)
Caused by: org.apache.zookeeper.KeeperException$NoNodeException: KeeperErrorCode = NoNode for /collections/flash
	at org.apache.zookeeper.KeeperException.create(KeeperException.java:111)
	at org.apache.zookeeper.KeeperException.create(KeeperException.java:51)
	at org.apache.zookeeper.ZooKeeper.getData(ZooKeeper.java:1155)
	at org.apache.solr.common.cloud.SolrZkClient$7.execute(SolrZkClient.java:348)
	at org.apache.solr.common.cloud.SolrZkClient$7.execute(SolrZkClient.java:345)
	at org.apache.solr.common.cloud.ZkCmdExecutor.retryOperation(ZkCmdExecutor.java:60)
	at org.apache.solr.common.cloud.SolrZkClient.getData(SolrZkClient.java:345)
	at org.apache.solr.common.cloud.ZkStateReader.readConfigName(ZkStateReader.java:178)
	... 33 more

INFO  - 2017-01-15 14:36:37.848; [   ] org.apache.solr.servlet.HttpSolrCall; [admin] webapp=null path=/admin/collections params={action=CLUSTERSTATUS&wt=json&_=1484490932148} status=500 QTime=17
ERROR - 2017-01-15 14:36:37.849; [   ] org.apache.solr.common.SolrException; null:org.apache.solr.common.SolrException: Error loading config name for collection flash
	at org.apache.solr.common.cloud.ZkStateReader.readConfigName(ZkStateReader.java:196)
	at org.apache.solr.handler.admin.ClusterStatus.getClusterStatus(ClusterStatus.java:141)
	at org.apache.solr.handler.admin.CollectionsHandler$CollectionOperation.lambda$static$19(CollectionsHandler.java:628)
	at org.apache.solr.handler.admin.CollectionsHandler$CollectionOperation.execute(CollectionsHandler.java:812)
	at org.apache.solr.handler.admin.CollectionsHandler.handleRequestBody(CollectionsHandler.java:206)
	at org.apache.solr.handler.RequestHandlerBase.handleRequest(RequestHandlerBase.java:154)
	at org.apache.solr.servlet.HttpSolrCall.handleAdminRequest(HttpSolrCall.java:658)
	at org.apache.solr.servlet.HttpSolrCall.call(HttpSolrCall.java:440)
	at org.apache.solr.servlet.SolrDispatchFilter.doFilter(SolrDispatchFilter.java:257)
	at org.apache.solr.servlet.SolrDispatchFilter.doFilter(SolrDispatchFilter.java:208)
	at org.eclipse.jetty.servlet.ServletHandler$CachedChain.doFilter(ServletHandler.java:1668)
	at org.eclipse.jetty.servlet.ServletHandler.doHandle(ServletHandler.java:581)
	at org.eclipse.jetty.server.handler.ScopedHandler.handle(ScopedHandler.java:143)
	at org.eclipse.jetty.security.SecurityHandler.handle(SecurityHandler.java:548)
	at org.eclipse.jetty.server.session.SessionHandler.doHandle(SessionHandler.java:226)
	at org.eclipse.jetty.server.handler.ContextHandler.doHandle(ContextHandler.java:1160)
	at org.eclipse.jetty.servlet.ServletHandler.doScope(ServletHandler.java:511)
	at org.eclipse.jetty.server.session.SessionHandler.doScope(SessionHandler.java:185)
	at org.eclipse.jetty.server.handler.ContextHandler.doScope(ContextHandler.java:1092)
	at org.eclipse.jetty.server.handler.ScopedHandler.handle(ScopedHandler.java:141)
	at org.eclipse.jetty.server.handler.ContextHandlerCollection.handle(ContextHandlerCollection.java:213)
	at org.eclipse.jetty.server.handler.HandlerCollection.handle(HandlerCollection.java:119)
	at org.eclipse.jetty.server.handler.HandlerWrapper.handle(HandlerWrapper.java:134)
	at org.eclipse.jetty.server.Server.handle(Server.java:518)
	at org.eclipse.jetty.server.HttpChannel.handle(HttpChannel.java:308)
	at org.eclipse.jetty.server.HttpConnection.onFillable(HttpConnection.java:244)
	at org.eclipse.jetty.io.AbstractConnection$ReadCallback.succeeded(AbstractConnection.java:273)
	at org.eclipse.jetty.io.FillInterest.fillable(FillInterest.java:95)
	at org.eclipse.jetty.io.SelectChannelEndPoint$2.run(SelectChannelEndPoint.java:93)
	at org.eclipse.jetty.util.thread.strategy.ExecuteProduceConsume.produceAndRun(ExecuteProduceConsume.java:246)
	at org.eclipse.jetty.util.thread.strategy.ExecuteProduceConsume.run(ExecuteProduceConsume.java:156)
	at org.eclipse.jetty.util.thread.QueuedThreadPool.runJob(QueuedThreadPool.java:654)
	at org.eclipse.jetty.util.thread.QueuedThreadPool$3.run(QueuedThreadPool.java:572)
	at java.lang.Thread.run(Thread.java:745)
Caused by: org.apache.zookeeper.KeeperException$NoNodeException: KeeperErrorCode = NoNode for /collections/flash
	at org.apache.zookeeper.KeeperException.create(KeeperException.java:111)
	at org.apache.zookeeper.KeeperException.create(KeeperException.java:51)
	at org.apache.zookeeper.ZooKeeper.getData(ZooKeeper.java:1155)
	at org.apache.solr.common.cloud.SolrZkClient$7.execute(SolrZkClient.java:348)
	at org.apache.solr.common.cloud.SolrZkClient$7.execute(SolrZkClient.java:345)
	at org.apache.solr.common.cloud.ZkCmdExecutor.retryOperation(ZkCmdExecutor.java:60)
	at org.apache.solr.common.cloud.SolrZkClient.getData(SolrZkClient.java:345)
	at org.apache.solr.common.cloud.ZkStateReader.readConfigName(ZkStateReader.java:178)
	... 33 more

INFO  - 2017-01-15 14:36:37.860; [   ] org.apache.solr.servlet.HttpSolrCall; [admin] webapp=null path=/admin/info/system params={wt=json&_=1484490932148} status=0 QTime=33
INFO  - 2017-01-15 14:36:37.873; [   ] org.apache.solr.handler.admin.CollectionsHandler; Invoked Collection Action :list with params action=LIST&wt=json&_=1484490932148 and sendToOCPQueue=true
INFO  - 2017-01-15 14:36:37.874; [   ] org.apache.solr.servlet.HttpSolrCall; [admin] webapp=null path=/admin/collections params={action=LIST&wt=json&_=1484490932148} status=0 QTime=1
INFO  - 2017-01-15 14:36:41.045; [   ] org.apache.solr.servlet.HttpSolrCall; [admin] webapp=null path=/admin/cores params={indexInfo=false&wt=json&_=1484490932147} status=0 QTime=0
INFO  - 2017-01-15 14:36:41.048; [   ] org.apache.solr.handler.admin.CollectionsHandler; Invoked Collection Action :clusterstatus with params action=CLUSTERSTATUS&wt=json&_=1484490932148 and sendToOCPQueue=true
INFO  - 2017-01-15 14:36:41.054; [   ] org.apache.solr.common.cloud.ZkStateReader; Load collection config from: [/collections/flash]
WARN  - 2017-01-15 14:36:41.057; [   ] org.apache.solr.handler.admin.ZookeeperInfoHandler$ZKPrinter; Keeper Exception
org.apache.zookeeper.KeeperException$NoNodeException: KeeperErrorCode = NoNode for /configs
	at org.apache.zookeeper.KeeperException.create(KeeperException.java:111)
	at org.apache.zookeeper.KeeperException.create(KeeperException.java:51)
	at org.apache.zookeeper.ZooKeeper.getData(ZooKeeper.java:1155)
	at org.apache.solr.common.cloud.SolrZkClient$7.execute(SolrZkClient.java:348)
	at org.apache.solr.common.cloud.SolrZkClient$7.execute(SolrZkClient.java:345)
	at org.apache.solr.common.cloud.ZkCmdExecutor.retryOperation(ZkCmdExecutor.java:60)
	at org.apache.solr.common.cloud.SolrZkClient.getData(SolrZkClient.java:345)
	at org.apache.solr.handler.admin.ZookeeperInfoHandler$ZKPrinter.printTree(ZookeeperInfoHandler.java:584)
	at org.apache.solr.handler.admin.ZookeeperInfoHandler$ZKPrinter.print(ZookeeperInfoHandler.java:530)
	at org.apache.solr.handler.admin.ZookeeperInfoHandler.handleRequestBody(ZookeeperInfoHandler.java:409)
	at org.apache.solr.handler.RequestHandlerBase.handleRequest(RequestHandlerBase.java:154)
	at org.apache.solr.servlet.HttpSolrCall.handleAdminRequest(HttpSolrCall.java:658)
	at org.apache.solr.servlet.HttpSolrCall.call(HttpSolrCall.java:440)
	at org.apache.solr.servlet.SolrDispatchFilter.doFilter(SolrDispatchFilter.java:257)
	at org.apache.solr.servlet.SolrDispatchFilter.doFilter(SolrDispatchFilter.java:208)
	at org.eclipse.jetty.servlet.ServletHandler$CachedChain.doFilter(ServletHandler.java:1668)
	at org.eclipse.jetty.servlet.ServletHandler.doHandle(ServletHandler.java:581)
	at org.eclipse.jetty.server.handler.ScopedHandler.handle(ScopedHandler.java:143)
	at org.eclipse.jetty.security.SecurityHandler.handle(SecurityHandler.java:548)
	at org.eclipse.jetty.server.session.SessionHandler.doHandle(SessionHandler.java:226)
	at org.eclipse.jetty.server.handler.ContextHandler.doHandle(ContextHandler.java:1160)
	at org.eclipse.jetty.servlet.ServletHandler.doScope(ServletHandler.java:511)
	at org.eclipse.jetty.server.session.SessionHandler.doScope(SessionHandler.java:185)
	at org.eclipse.jetty.server.handler.ContextHandler.doScope(ContextHandler.java:1092)
	at org.eclipse.jetty.server.handler.ScopedHandler.handle(ScopedHandler.java:141)
	at org.eclipse.jetty.server.handler.ContextHandlerCollection.handle(ContextHandlerCollection.java:213)
	at org.eclipse.jetty.server.handler.HandlerCollection.handle(HandlerCollection.java:119)
	at org.eclipse.jetty.server.handler.HandlerWrapper.handle(HandlerWrapper.java:134)
	at org.eclipse.jetty.server.Server.handle(Server.java:518)
	at org.eclipse.jetty.server.HttpChannel.handle(HttpChannel.java:308)
	at org.eclipse.jetty.server.HttpConnection.onFillable(HttpConnection.java:244)
	at org.eclipse.jetty.io.AbstractConnection$ReadCallback.succeeded(AbstractConnection.java:273)
	at org.eclipse.jetty.io.FillInterest.fillable(FillInterest.java:95)
	at org.eclipse.jetty.io.SelectChannelEndPoint$2.run(SelectChannelEndPoint.java:93)
	at org.eclipse.jetty.util.thread.strategy.ExecuteProduceConsume.produceAndRun(ExecuteProduceConsume.java:246)
	at org.eclipse.jetty.util.thread.strategy.ExecuteProduceConsume.run(ExecuteProduceConsume.java:156)
	at org.eclipse.jetty.util.thread.QueuedThreadPool.runJob(QueuedThreadPool.java:654)
	at org.eclipse.jetty.util.thread.QueuedThreadPool$3.run(QueuedThreadPool.java:572)
	at java.lang.Thread.run(Thread.java:745)
INFO  - 2017-01-15 14:36:41.060; [   ] org.apache.solr.servlet.HttpSolrCall; [admin] webapp=null path=/admin/zookeeper params={path=/configs/&detail=false&wt=json&_=1484490969106} status=0 QTime=8
ERROR - 2017-01-15 14:36:41.059; [   ] org.apache.solr.common.SolrException; org.apache.solr.common.SolrException: Error loading config name for collection flash
	at org.apache.solr.common.cloud.ZkStateReader.readConfigName(ZkStateReader.java:196)
	at org.apache.solr.handler.admin.ClusterStatus.getClusterStatus(ClusterStatus.java:141)
	at org.apache.solr.handler.admin.CollectionsHandler$CollectionOperation.lambda$static$19(CollectionsHandler.java:628)
	at org.apache.solr.handler.admin.CollectionsHandler$CollectionOperation.execute(CollectionsHandler.java:812)
	at org.apache.solr.handler.admin.CollectionsHandler.handleRequestBody(CollectionsHandler.java:206)
	at org.apache.solr.handler.RequestHandlerBase.handleRequest(RequestHandlerBase.java:154)
	at org.apache.solr.servlet.HttpSolrCall.handleAdminRequest(HttpSolrCall.java:658)
	at org.apache.solr.servlet.HttpSolrCall.call(HttpSolrCall.java:440)
	at org.apache.solr.servlet.SolrDispatchFilter.doFilter(SolrDispatchFilter.java:257)
	at org.apache.solr.servlet.SolrDispatchFilter.doFilter(SolrDispatchFilter.java:208)
	at org.eclipse.jetty.servlet.ServletHandler$CachedChain.doFilter(ServletHandler.java:1668)
	at org.eclipse.jetty.servlet.ServletHandler.doHandle(ServletHandler.java:581)
	at org.eclipse.jetty.server.handler.ScopedHandler.handle(ScopedHandler.java:143)
	at org.eclipse.jetty.security.SecurityHandler.handle(SecurityHandler.java:548)
	at org.eclipse.jetty.server.session.SessionHandler.doHandle(SessionHandler.java:226)
	at org.eclipse.jetty.server.handler.ContextHandler.doHandle(ContextHandler.java:1160)
	at org.eclipse.jetty.servlet.ServletHandler.doScope(ServletHandler.java:511)
	at org.eclipse.jetty.server.session.SessionHandler.doScope(SessionHandler.java:185)
	at org.eclipse.jetty.server.handler.ContextHandler.doScope(ContextHandler.java:1092)
	at org.eclipse.jetty.server.handler.ScopedHandler.handle(ScopedHandler.java:141)
	at org.eclipse.jetty.server.handler.ContextHandlerCollection.handle(ContextHandlerCollection.java:213)
	at org.eclipse.jetty.server.handler.HandlerCollection.handle(HandlerCollection.java:119)
	at org.eclipse.jetty.server.handler.HandlerWrapper.handle(HandlerWrapper.java:134)
	at org.eclipse.jetty.server.Server.handle(Server.java:518)
	at org.eclipse.jetty.server.HttpChannel.handle(HttpChannel.java:308)
	at org.eclipse.jetty.server.HttpConnection.onFillable(HttpConnection.java:244)
	at org.eclipse.jetty.io.AbstractConnection$ReadCallback.succeeded(AbstractConnection.java:273)
	at org.eclipse.jetty.io.FillInterest.fillable(FillInterest.java:95)
	at org.eclipse.jetty.io.SelectChannelEndPoint$2.run(SelectChannelEndPoint.java:93)
	at org.eclipse.jetty.util.thread.strategy.ExecuteProduceConsume.produceAndRun(ExecuteProduceConsume.java:246)
	at org.eclipse.jetty.util.thread.strategy.ExecuteProduceConsume.run(ExecuteProduceConsume.java:156)
	at org.eclipse.jetty.util.thread.QueuedThreadPool.runJob(QueuedThreadPool.java:654)
	at org.eclipse.jetty.util.thread.QueuedThreadPool$3.run(QueuedThreadPool.java:572)
	at java.lang.Thread.run(Thread.java:745)
Caused by: org.apache.zookeeper.KeeperException$NoNodeException: KeeperErrorCode = NoNode for /collections/flash
	at org.apache.zookeeper.KeeperException.create(KeeperException.java:111)
	at org.apache.zookeeper.KeeperException.create(KeeperException.java:51)
	at org.apache.zookeeper.ZooKeeper.getData(ZooKeeper.java:1155)
	at org.apache.solr.common.cloud.SolrZkClient$7.execute(SolrZkClient.java:348)
	at org.apache.solr.common.cloud.SolrZkClient$7.execute(SolrZkClient.java:345)
	at org.apache.solr.common.cloud.ZkCmdExecutor.retryOperation(ZkCmdExecutor.java:60)
	at org.apache.solr.common.cloud.SolrZkClient.getData(SolrZkClient.java:345)
	at org.apache.solr.common.cloud.ZkStateReader.readConfigName(ZkStateReader.java:178)
	... 33 more

INFO  - 2017-01-15 14:36:41.061; [   ] org.apache.solr.servlet.HttpSolrCall; [admin] webapp=null path=/admin/collections params={action=CLUSTERSTATUS&wt=json&_=1484490932148} status=500 QTime=12
ERROR - 2017-01-15 14:36:41.062; [   ] org.apache.solr.common.SolrException; null:org.apache.solr.common.SolrException: Error loading config name for collection flash
	at org.apache.solr.common.cloud.ZkStateReader.readConfigName(ZkStateReader.java:196)
	at org.apache.solr.handler.admin.ClusterStatus.getClusterStatus(ClusterStatus.java:141)
	at org.apache.solr.handler.admin.CollectionsHandler$CollectionOperation.lambda$static$19(CollectionsHandler.java:628)
	at org.apache.solr.handler.admin.CollectionsHandler$CollectionOperation.execute(CollectionsHandler.java:812)
	at org.apache.solr.handler.admin.CollectionsHandler.handleRequestBody(CollectionsHandler.java:206)
	at org.apache.solr.handler.RequestHandlerBase.handleRequest(RequestHandlerBase.java:154)
	at org.apache.solr.servlet.HttpSolrCall.handleAdminRequest(HttpSolrCall.java:658)
	at org.apache.solr.servlet.HttpSolrCall.call(HttpSolrCall.java:440)
	at org.apache.solr.servlet.SolrDispatchFilter.doFilter(SolrDispatchFilter.java:257)
	at org.apache.solr.servlet.SolrDispatchFilter.doFilter(SolrDispatchFilter.java:208)
	at org.eclipse.jetty.servlet.ServletHandler$CachedChain.doFilter(ServletHandler.java:1668)
	at org.eclipse.jetty.servlet.ServletHandler.doHandle(ServletHandler.java:581)
	at org.eclipse.jetty.server.handler.ScopedHandler.handle(ScopedHandler.java:143)
	at org.eclipse.jetty.security.SecurityHandler.handle(SecurityHandler.java:548)
	at org.eclipse.jetty.server.session.SessionHandler.doHandle(SessionHandler.java:226)
	at org.eclipse.jetty.server.handler.ContextHandler.doHandle(ContextHandler.java:1160)
	at org.eclipse.jetty.servlet.ServletHandler.doScope(ServletHandler.java:511)
	at org.eclipse.jetty.server.session.SessionHandler.doScope(SessionHandler.java:185)
	at org.eclipse.jetty.server.handler.ContextHandler.doScope(ContextHandler.java:1092)
	at org.eclipse.jetty.server.handler.ScopedHandler.handle(ScopedHandler.java:141)
	at org.eclipse.jetty.server.handler.ContextHandlerCollection.handle(ContextHandlerCollection.java:213)
	at org.eclipse.jetty.server.handler.HandlerCollection.handle(HandlerCollection.java:119)
	at org.eclipse.jetty.server.handler.HandlerWrapper.handle(HandlerWrapper.java:134)
	at org.eclipse.jetty.server.Server.handle(Server.java:518)
	at org.eclipse.jetty.server.HttpChannel.handle(HttpChannel.java:308)
	at org.eclipse.jetty.server.HttpConnection.onFillable(HttpConnection.java:244)
	at org.eclipse.jetty.io.AbstractConnection$ReadCallback.succeeded(AbstractConnection.java:273)
	at org.eclipse.jetty.io.FillInterest.fillable(FillInterest.java:95)
	at org.eclipse.jetty.io.SelectChannelEndPoint$2.run(SelectChannelEndPoint.java:93)
	at org.eclipse.jetty.util.thread.strategy.ExecuteProduceConsume.produceAndRun(ExecuteProduceConsume.java:246)
	at org.eclipse.jetty.util.thread.strategy.ExecuteProduceConsume.run(ExecuteProduceConsume.java:156)
	at org.eclipse.jetty.util.thread.QueuedThreadPool.runJob(QueuedThreadPool.java:654)
	at org.eclipse.jetty.util.thread.QueuedThreadPool$3.run(QueuedThreadPool.java:572)
	at java.lang.Thread.run(Thread.java:745)
Caused by: org.apache.zookeeper.KeeperException$NoNodeException: KeeperErrorCode = NoNode for /collections/flash
	at org.apache.zookeeper.KeeperException.create(KeeperException.java:111)
	at org.apache.zookeeper.KeeperException.create(KeeperException.java:51)
	at org.apache.zookeeper.ZooKeeper.getData(ZooKeeper.java:1155)
	at org.apache.solr.common.cloud.SolrZkClient$7.execute(SolrZkClient.java:348)
	at org.apache.solr.common.cloud.SolrZkClient$7.execute(SolrZkClient.java:345)
	at org.apache.solr.common.cloud.ZkCmdExecutor.retryOperation(ZkCmdExecutor.java:60)
	at org.apache.solr.common.cloud.SolrZkClient.getData(SolrZkClient.java:345)
	at org.apache.solr.common.cloud.ZkStateReader.readConfigName(ZkStateReader.java:178)
	... 33 more

INFO  - 2017-01-15 14:36:41.076; [   ] org.apache.solr.servlet.HttpSolrCall; [admin] webapp=null path=/admin/info/system params={wt=json&_=1484490932148} status=0 QTime=28
INFO  - 2017-01-15 14:36:41.087; [   ] org.apache.solr.handler.admin.CollectionsHandler; Invoked Collection Action :list with params action=LIST&wt=json&_=1484490932148 and sendToOCPQueue=true
INFO  - 2017-01-15 14:36:41.088; [   ] org.apache.solr.servlet.HttpSolrCall; [admin] webapp=null path=/admin/collections params={action=LIST&wt=json&_=1484490932148} status=0 QTime=0
INFO  - 2017-01-15 14:36:42.036; [   ] org.apache.solr.servlet.HttpSolrCall; [admin] webapp=null path=/admin/cores params={indexInfo=false&wt=json&_=1484490932147} status=0 QTime=0
INFO  - 2017-01-15 14:36:42.040; [   ] org.apache.solr.handler.admin.CollectionsHandler; Invoked Collection Action :clusterstatus with params action=CLUSTERSTATUS&wt=json&_=1484490932148 and sendToOCPQueue=true
INFO  - 2017-01-15 14:36:42.042; [   ] org.apache.solr.common.cloud.ZkStateReader; Load collection config from: [/collections/flash]
WARN  - 2017-01-15 14:36:42.044; [   ] org.apache.solr.handler.admin.ZookeeperInfoHandler$ZKPrinter; Keeper Exception
org.apache.zookeeper.KeeperException$NoNodeException: KeeperErrorCode = NoNode for /configs
	at org.apache.zookeeper.KeeperException.create(KeeperException.java:111)
	at org.apache.zookeeper.KeeperException.create(KeeperException.java:51)
	at org.apache.zookeeper.ZooKeeper.getData(ZooKeeper.java:1155)
	at org.apache.solr.common.cloud.SolrZkClient$7.execute(SolrZkClient.java:348)
	at org.apache.solr.common.cloud.SolrZkClient$7.execute(SolrZkClient.java:345)
	at org.apache.solr.common.cloud.ZkCmdExecutor.retryOperation(ZkCmdExecutor.java:60)
	at org.apache.solr.common.cloud.SolrZkClient.getData(SolrZkClient.java:345)
	at org.apache.solr.handler.admin.ZookeeperInfoHandler$ZKPrinter.printTree(ZookeeperInfoHandler.java:584)
	at org.apache.solr.handler.admin.ZookeeperInfoHandler$ZKPrinter.print(ZookeeperInfoHandler.java:530)
	at org.apache.solr.handler.admin.ZookeeperInfoHandler.handleRequestBody(ZookeeperInfoHandler.java:409)
	at org.apache.solr.handler.RequestHandlerBase.handleRequest(RequestHandlerBase.java:154)
	at org.apache.solr.servlet.HttpSolrCall.handleAdminRequest(HttpSolrCall.java:658)
	at org.apache.solr.servlet.HttpSolrCall.call(HttpSolrCall.java:440)
	at org.apache.solr.servlet.SolrDispatchFilter.doFilter(SolrDispatchFilter.java:257)
	at org.apache.solr.servlet.SolrDispatchFilter.doFilter(SolrDispatchFilter.java:208)
	at org.eclipse.jetty.servlet.ServletHandler$CachedChain.doFilter(ServletHandler.java:1668)
	at org.eclipse.jetty.servlet.ServletHandler.doHandle(ServletHandler.java:581)
	at org.eclipse.jetty.server.handler.ScopedHandler.handle(ScopedHandler.java:143)
	at org.eclipse.jetty.security.SecurityHandler.handle(SecurityHandler.java:548)
	at org.eclipse.jetty.server.session.SessionHandler.doHandle(SessionHandler.java:226)
	at org.eclipse.jetty.server.handler.ContextHandler.doHandle(ContextHandler.java:1160)
	at org.eclipse.jetty.servlet.ServletHandler.doScope(ServletHandler.java:511)
	at org.eclipse.jetty.server.session.SessionHandler.doScope(SessionHandler.java:185)
	at org.eclipse.jetty.server.handler.ContextHandler.doScope(ContextHandler.java:1092)
	at org.eclipse.jetty.server.handler.ScopedHandler.handle(ScopedHandler.java:141)
	at org.eclipse.jetty.server.handler.ContextHandlerCollection.handle(ContextHandlerCollection.java:213)
	at org.eclipse.jetty.server.handler.HandlerCollection.handle(HandlerCollection.java:119)
	at org.eclipse.jetty.server.handler.HandlerWrapper.handle(HandlerWrapper.java:134)
	at org.eclipse.jetty.server.Server.handle(Server.java:518)
	at org.eclipse.jetty.server.HttpChannel.handle(HttpChannel.java:308)
	at org.eclipse.jetty.server.HttpConnection.onFillable(HttpConnection.java:244)
	at org.eclipse.jetty.io.AbstractConnection$ReadCallback.succeeded(AbstractConnection.java:273)
	at org.eclipse.jetty.io.FillInterest.fillable(FillInterest.java:95)
	at org.eclipse.jetty.io.SelectChannelEndPoint$2.run(SelectChannelEndPoint.java:93)
	at org.eclipse.jetty.util.thread.strategy.ExecuteProduceConsume.produceAndRun(ExecuteProduceConsume.java:246)
	at org.eclipse.jetty.util.thread.strategy.ExecuteProduceConsume.run(ExecuteProduceConsume.java:156)
	at org.eclipse.jetty.util.thread.QueuedThreadPool.runJob(QueuedThreadPool.java:654)
	at org.eclipse.jetty.util.thread.QueuedThreadPool$3.run(QueuedThreadPool.java:572)
	at java.lang.Thread.run(Thread.java:745)
ERROR - 2017-01-15 14:36:42.046; [   ] org.apache.solr.common.SolrException; org.apache.solr.common.SolrException: Error loading config name for collection flash
	at org.apache.solr.common.cloud.ZkStateReader.readConfigName(ZkStateReader.java:196)
	at org.apache.solr.handler.admin.ClusterStatus.getClusterStatus(ClusterStatus.java:141)
	at org.apache.solr.handler.admin.CollectionsHandler$CollectionOperation.lambda$static$19(CollectionsHandler.java:628)
	at org.apache.solr.handler.admin.CollectionsHandler$CollectionOperation.execute(CollectionsHandler.java:812)
	at org.apache.solr.handler.admin.CollectionsHandler.handleRequestBody(CollectionsHandler.java:206)
	at org.apache.solr.handler.RequestHandlerBase.handleRequest(RequestHandlerBase.java:154)
	at org.apache.solr.servlet.HttpSolrCall.handleAdminRequest(HttpSolrCall.java:658)
	at org.apache.solr.servlet.HttpSolrCall.call(HttpSolrCall.java:440)
	at org.apache.solr.servlet.SolrDispatchFilter.doFilter(SolrDispatchFilter.java:257)
	at org.apache.solr.servlet.SolrDispatchFilter.doFilter(SolrDispatchFilter.java:208)
	at org.eclipse.jetty.servlet.ServletHandler$CachedChain.doFilter(ServletHandler.java:1668)
	at org.eclipse.jetty.servlet.ServletHandler.doHandle(ServletHandler.java:581)
	at org.eclipse.jetty.server.handler.ScopedHandler.handle(ScopedHandler.java:143)
	at org.eclipse.jetty.security.SecurityHandler.handle(SecurityHandler.java:548)
	at org.eclipse.jetty.server.session.SessionHandler.doHandle(SessionHandler.java:226)
	at org.eclipse.jetty.server.handler.ContextHandler.doHandle(ContextHandler.java:1160)
	at org.eclipse.jetty.servlet.ServletHandler.doScope(ServletHandler.java:511)
	at org.eclipse.jetty.server.session.SessionHandler.doScope(SessionHandler.java:185)
	at org.eclipse.jetty.server.handler.ContextHandler.doScope(ContextHandler.java:1092)
	at org.eclipse.jetty.server.handler.ScopedHandler.handle(ScopedHandler.java:141)
	at org.eclipse.jetty.server.handler.ContextHandlerCollection.handle(ContextHandlerCollection.java:213)
	at org.eclipse.jetty.server.handler.HandlerCollection.handle(HandlerCollection.java:119)
	at org.eclipse.jetty.server.handler.HandlerWrapper.handle(HandlerWrapper.java:134)
	at org.eclipse.jetty.server.Server.handle(Server.java:518)
	at org.eclipse.jetty.server.HttpChannel.handle(HttpChannel.java:308)
	at org.eclipse.jetty.server.HttpConnection.onFillable(HttpConnection.java:244)
	at org.eclipse.jetty.io.AbstractConnection$ReadCallback.succeeded(AbstractConnection.java:273)
	at org.eclipse.jetty.io.FillInterest.fillable(FillInterest.java:95)
	at org.eclipse.jetty.io.SelectChannelEndPoint$2.run(SelectChannelEndPoint.java:93)
	at org.eclipse.jetty.util.thread.strategy.ExecuteProduceConsume.produceAndRun(ExecuteProduceConsume.java:246)
	at org.eclipse.jetty.util.thread.strategy.ExecuteProduceConsume.run(ExecuteProduceConsume.java:156)
	at org.eclipse.jetty.util.thread.QueuedThreadPool.runJob(QueuedThreadPool.java:654)
	at org.eclipse.jetty.util.thread.QueuedThreadPool$3.run(QueuedThreadPool.java:572)
	at java.lang.Thread.run(Thread.java:745)
Caused by: org.apache.zookeeper.KeeperException$NoNodeException: KeeperErrorCode = NoNode for /collections/flash
	at org.apache.zookeeper.KeeperException.create(KeeperException.java:111)
	at org.apache.zookeeper.KeeperException.create(KeeperException.java:51)
	at org.apache.zookeeper.ZooKeeper.getData(ZooKeeper.java:1155)
	at org.apache.solr.common.cloud.SolrZkClient$7.execute(SolrZkClient.java:348)
	at org.apache.solr.common.cloud.SolrZkClient$7.execute(SolrZkClient.java:345)
	at org.apache.solr.common.cloud.ZkCmdExecutor.retryOperation(ZkCmdExecutor.java:60)
	at org.apache.solr.common.cloud.SolrZkClient.getData(SolrZkClient.java:345)
	at org.apache.solr.common.cloud.ZkStateReader.readConfigName(ZkStateReader.java:178)
	... 33 more

INFO  - 2017-01-15 14:36:42.048; [   ] org.apache.solr.servlet.HttpSolrCall; [admin] webapp=null path=/admin/collections params={action=CLUSTERSTATUS&wt=json&_=1484490932148} status=500 QTime=8
ERROR - 2017-01-15 14:36:42.048; [   ] org.apache.solr.common.SolrException; null:org.apache.solr.common.SolrException: Error loading config name for collection flash
	at org.apache.solr.common.cloud.ZkStateReader.readConfigName(ZkStateReader.java:196)
	at org.apache.solr.handler.admin.ClusterStatus.getClusterStatus(ClusterStatus.java:141)
	at org.apache.solr.handler.admin.CollectionsHandler$CollectionOperation.lambda$static$19(CollectionsHandler.java:628)
	at org.apache.solr.handler.admin.CollectionsHandler$CollectionOperation.execute(CollectionsHandler.java:812)
	at org.apache.solr.handler.admin.CollectionsHandler.handleRequestBody(CollectionsHandler.java:206)
	at org.apache.solr.handler.RequestHandlerBase.handleRequest(RequestHandlerBase.java:154)
	at org.apache.solr.servlet.HttpSolrCall.handleAdminRequest(HttpSolrCall.java:658)
	at org.apache.solr.servlet.HttpSolrCall.call(HttpSolrCall.java:440)
	at org.apache.solr.servlet.SolrDispatchFilter.doFilter(SolrDispatchFilter.java:257)
	at org.apache.solr.servlet.SolrDispatchFilter.doFilter(SolrDispatchFilter.java:208)
	at org.eclipse.jetty.servlet.ServletHandler$CachedChain.doFilter(ServletHandler.java:1668)
	at org.eclipse.jetty.servlet.ServletHandler.doHandle(ServletHandler.java:581)
	at org.eclipse.jetty.server.handler.ScopedHandler.handle(ScopedHandler.java:143)
	at org.eclipse.jetty.security.SecurityHandler.handle(SecurityHandler.java:548)
	at org.eclipse.jetty.server.session.SessionHandler.doHandle(SessionHandler.java:226)
	at org.eclipse.jetty.server.handler.ContextHandler.doHandle(ContextHandler.java:1160)
	at org.eclipse.jetty.servlet.ServletHandler.doScope(ServletHandler.java:511)
	at org.eclipse.jetty.server.session.SessionHandler.doScope(SessionHandler.java:185)
	at org.eclipse.jetty.server.handler.ContextHandler.doScope(ContextHandler.java:1092)
	at org.eclipse.jetty.server.handler.ScopedHandler.handle(ScopedHandler.java:141)
	at org.eclipse.jetty.server.handler.ContextHandlerCollection.handle(ContextHandlerCollection.java:213)
	at org.eclipse.jetty.server.handler.HandlerCollection.handle(HandlerCollection.java:119)
	at org.eclipse.jetty.server.handler.HandlerWrapper.handle(HandlerWrapper.java:134)
	at org.eclipse.jetty.server.Server.handle(Server.java:518)
	at org.eclipse.jetty.server.HttpChannel.handle(HttpChannel.java:308)
	at org.eclipse.jetty.server.HttpConnection.onFillable(HttpConnection.java:244)
	at org.eclipse.jetty.io.AbstractConnection$ReadCallback.succeeded(AbstractConnection.java:273)
	at org.eclipse.jetty.io.FillInterest.fillable(FillInterest.java:95)
	at org.eclipse.jetty.io.SelectChannelEndPoint$2.run(SelectChannelEndPoint.java:93)
	at org.eclipse.jetty.util.thread.strategy.ExecuteProduceConsume.produceAndRun(ExecuteProduceConsume.java:246)
	at org.eclipse.jetty.util.thread.strategy.ExecuteProduceConsume.run(ExecuteProduceConsume.java:156)
	at org.eclipse.jetty.util.thread.QueuedThreadPool.runJob(QueuedThreadPool.java:654)
	at org.eclipse.jetty.util.thread.QueuedThreadPool$3.run(QueuedThreadPool.java:572)
	at java.lang.Thread.run(Thread.java:745)
Caused by: org.apache.zookeeper.KeeperException$NoNodeException: KeeperErrorCode = NoNode for /collections/flash
	at org.apache.zookeeper.KeeperException.create(KeeperException.java:111)
	at org.apache.zookeeper.KeeperException.create(KeeperException.java:51)
	at org.apache.zookeeper.ZooKeeper.getData(ZooKeeper.java:1155)
	at org.apache.solr.common.cloud.SolrZkClient$7.execute(SolrZkClient.java:348)
	at org.apache.solr.common.cloud.SolrZkClient$7.execute(SolrZkClient.java:345)
	at org.apache.solr.common.cloud.ZkCmdExecutor.retryOperation(ZkCmdExecutor.java:60)
	at org.apache.solr.common.cloud.SolrZkClient.getData(SolrZkClient.java:345)
	at org.apache.solr.common.cloud.ZkStateReader.readConfigName(ZkStateReader.java:178)
	... 33 more

INFO  - 2017-01-15 14:36:42.048; [   ] org.apache.solr.servlet.HttpSolrCall; [admin] webapp=null path=/admin/zookeeper params={path=/configs/&detail=false&wt=json&_=1484490969106} status=0 QTime=6
INFO  - 2017-01-15 14:36:42.061; [   ] org.apache.solr.servlet.HttpSolrCall; [admin] webapp=null path=/admin/info/system params={wt=json&_=1484490932148} status=0 QTime=23
INFO  - 2017-01-15 14:36:42.072; [   ] org.apache.solr.handler.admin.CollectionsHandler; Invoked Collection Action :list with params action=LIST&wt=json&_=1484490932148 and sendToOCPQueue=true
INFO  - 2017-01-15 14:36:42.073; [   ] org.apache.solr.servlet.HttpSolrCall; [admin] webapp=null path=/admin/collections params={action=LIST&wt=json&_=1484490932148} status=0 QTime=0
INFO  - 2017-01-15 14:36:44.273; [   ] org.apache.solr.servlet.HttpSolrCall; [admin] webapp=null path=/admin/cores params={indexInfo=false&wt=json&_=1484490932147} status=0 QTime=0
INFO  - 2017-01-15 14:36:44.276; [   ] org.apache.solr.handler.admin.CollectionsHandler; Invoked Collection Action :clusterstatus with params action=CLUSTERSTATUS&wt=json&_=1484490932148 and sendToOCPQueue=true
INFO  - 2017-01-15 14:36:44.280; [   ] org.apache.solr.common.cloud.ZkStateReader; Load collection config from: [/collections/flash]
WARN  - 2017-01-15 14:36:44.280; [   ] org.apache.solr.handler.admin.ZookeeperInfoHandler$ZKPrinter; Keeper Exception
org.apache.zookeeper.KeeperException$NoNodeException: KeeperErrorCode = NoNode for /configs
	at org.apache.zookeeper.KeeperException.create(KeeperException.java:111)
	at org.apache.zookeeper.KeeperException.create(KeeperException.java:51)
	at org.apache.zookeeper.ZooKeeper.getData(ZooKeeper.java:1155)
	at org.apache.solr.common.cloud.SolrZkClient$7.execute(SolrZkClient.java:348)
	at org.apache.solr.common.cloud.SolrZkClient$7.execute(SolrZkClient.java:345)
	at org.apache.solr.common.cloud.ZkCmdExecutor.retryOperation(ZkCmdExecutor.java:60)
	at org.apache.solr.common.cloud.SolrZkClient.getData(SolrZkClient.java:345)
	at org.apache.solr.handler.admin.ZookeeperInfoHandler$ZKPrinter.printTree(ZookeeperInfoHandler.java:584)
	at org.apache.solr.handler.admin.ZookeeperInfoHandler$ZKPrinter.print(ZookeeperInfoHandler.java:530)
	at org.apache.solr.handler.admin.ZookeeperInfoHandler.handleRequestBody(ZookeeperInfoHandler.java:409)
	at org.apache.solr.handler.RequestHandlerBase.handleRequest(RequestHandlerBase.java:154)
	at org.apache.solr.servlet.HttpSolrCall.handleAdminRequest(HttpSolrCall.java:658)
	at org.apache.solr.servlet.HttpSolrCall.call(HttpSolrCall.java:440)
	at org.apache.solr.servlet.SolrDispatchFilter.doFilter(SolrDispatchFilter.java:257)
	at org.apache.solr.servlet.SolrDispatchFilter.doFilter(SolrDispatchFilter.java:208)
	at org.eclipse.jetty.servlet.ServletHandler$CachedChain.doFilter(ServletHandler.java:1668)
	at org.eclipse.jetty.servlet.ServletHandler.doHandle(ServletHandler.java:581)
	at org.eclipse.jetty.server.handler.ScopedHandler.handle(ScopedHandler.java:143)
	at org.eclipse.jetty.security.SecurityHandler.handle(SecurityHandler.java:548)
	at org.eclipse.jetty.server.session.SessionHandler.doHandle(SessionHandler.java:226)
	at org.eclipse.jetty.server.handler.ContextHandler.doHandle(ContextHandler.java:1160)
	at org.eclipse.jetty.servlet.ServletHandler.doScope(ServletHandler.java:511)
	at org.eclipse.jetty.server.session.SessionHandler.doScope(SessionHandler.java:185)
	at org.eclipse.jetty.server.handler.ContextHandler.doScope(ContextHandler.java:1092)
	at org.eclipse.jetty.server.handler.ScopedHandler.handle(ScopedHandler.java:141)
	at org.eclipse.jetty.server.handler.ContextHandlerCollection.handle(ContextHandlerCollection.java:213)
	at org.eclipse.jetty.server.handler.HandlerCollection.handle(HandlerCollection.java:119)
	at org.eclipse.jetty.server.handler.HandlerWrapper.handle(HandlerWrapper.java:134)
	at org.eclipse.jetty.server.Server.handle(Server.java:518)
	at org.eclipse.jetty.server.HttpChannel.handle(HttpChannel.java:308)
	at org.eclipse.jetty.server.HttpConnection.onFillable(HttpConnection.java:244)
	at org.eclipse.jetty.io.AbstractConnection$ReadCallback.succeeded(AbstractConnection.java:273)
	at org.eclipse.jetty.io.FillInterest.fillable(FillInterest.java:95)
	at org.eclipse.jetty.io.SelectChannelEndPoint$2.run(SelectChannelEndPoint.java:93)
	at org.eclipse.jetty.util.thread.strategy.ExecuteProduceConsume.produceAndRun(ExecuteProduceConsume.java:246)
	at org.eclipse.jetty.util.thread.strategy.ExecuteProduceConsume.run(ExecuteProduceConsume.java:156)
	at org.eclipse.jetty.util.thread.QueuedThreadPool.runJob(QueuedThreadPool.java:654)
	at org.eclipse.jetty.util.thread.QueuedThreadPool$3.run(QueuedThreadPool.java:572)
	at java.lang.Thread.run(Thread.java:745)
INFO  - 2017-01-15 14:36:44.281; [   ] org.apache.solr.servlet.HttpSolrCall; [admin] webapp=null path=/admin/zookeeper params={path=/configs/&detail=false&wt=json&_=1484490969106} status=0 QTime=3
ERROR - 2017-01-15 14:36:44.284; [   ] org.apache.solr.common.SolrException; org.apache.solr.common.SolrException: Error loading config name for collection flash
	at org.apache.solr.common.cloud.ZkStateReader.readConfigName(ZkStateReader.java:196)
	at org.apache.solr.handler.admin.ClusterStatus.getClusterStatus(ClusterStatus.java:141)
	at org.apache.solr.handler.admin.CollectionsHandler$CollectionOperation.lambda$static$19(CollectionsHandler.java:628)
	at org.apache.solr.handler.admin.CollectionsHandler$CollectionOperation.execute(CollectionsHandler.java:812)
	at org.apache.solr.handler.admin.CollectionsHandler.handleRequestBody(CollectionsHandler.java:206)
	at org.apache.solr.handler.RequestHandlerBase.handleRequest(RequestHandlerBase.java:154)
	at org.apache.solr.servlet.HttpSolrCall.handleAdminRequest(HttpSolrCall.java:658)
	at org.apache.solr.servlet.HttpSolrCall.call(HttpSolrCall.java:440)
	at org.apache.solr.servlet.SolrDispatchFilter.doFilter(SolrDispatchFilter.java:257)
	at org.apache.solr.servlet.SolrDispatchFilter.doFilter(SolrDispatchFilter.java:208)
	at org.eclipse.jetty.servlet.ServletHandler$CachedChain.doFilter(ServletHandler.java:1668)
	at org.eclipse.jetty.servlet.ServletHandler.doHandle(ServletHandler.java:581)
	at org.eclipse.jetty.server.handler.ScopedHandler.handle(ScopedHandler.java:143)
	at org.eclipse.jetty.security.SecurityHandler.handle(SecurityHandler.java:548)
	at org.eclipse.jetty.server.session.SessionHandler.doHandle(SessionHandler.java:226)
	at org.eclipse.jetty.server.handler.ContextHandler.doHandle(ContextHandler.java:1160)
	at org.eclipse.jetty.servlet.ServletHandler.doScope(ServletHandler.java:511)
	at org.eclipse.jetty.server.session.SessionHandler.doScope(SessionHandler.java:185)
	at org.eclipse.jetty.server.handler.ContextHandler.doScope(ContextHandler.java:1092)
	at org.eclipse.jetty.server.handler.ScopedHandler.handle(ScopedHandler.java:141)
	at org.eclipse.jetty.server.handler.ContextHandlerCollection.handle(ContextHandlerCollection.java:213)
	at org.eclipse.jetty.server.handler.HandlerCollection.handle(HandlerCollection.java:119)
	at org.eclipse.jetty.server.handler.HandlerWrapper.handle(HandlerWrapper.java:134)
	at org.eclipse.jetty.server.Server.handle(Server.java:518)
	at org.eclipse.jetty.server.HttpChannel.handle(HttpChannel.java:308)
	at org.eclipse.jetty.server.HttpConnection.onFillable(HttpConnection.java:244)
	at org.eclipse.jetty.io.AbstractConnection$ReadCallback.succeeded(AbstractConnection.java:273)
	at org.eclipse.jetty.io.FillInterest.fillable(FillInterest.java:95)
	at org.eclipse.jetty.io.SelectChannelEndPoint$2.run(SelectChannelEndPoint.java:93)
	at org.eclipse.jetty.util.thread.strategy.ExecuteProduceConsume.produceAndRun(ExecuteProduceConsume.java:246)
	at org.eclipse.jetty.util.thread.strategy.ExecuteProduceConsume.run(ExecuteProduceConsume.java:156)
	at org.eclipse.jetty.util.thread.QueuedThreadPool.runJob(QueuedThreadPool.java:654)
	at org.eclipse.jetty.util.thread.QueuedThreadPool$3.run(QueuedThreadPool.java:572)
	at java.lang.Thread.run(Thread.java:745)
Caused by: org.apache.zookeeper.KeeperException$NoNodeException: KeeperErrorCode = NoNode for /collections/flash
	at org.apache.zookeeper.KeeperException.create(KeeperException.java:111)
	at org.apache.zookeeper.KeeperException.create(KeeperException.java:51)
	at org.apache.zookeeper.ZooKeeper.getData(ZooKeeper.java:1155)
	at org.apache.solr.common.cloud.SolrZkClient$7.execute(SolrZkClient.java:348)
	at org.apache.solr.common.cloud.SolrZkClient$7.execute(SolrZkClient.java:345)
	at org.apache.solr.common.cloud.ZkCmdExecutor.retryOperation(ZkCmdExecutor.java:60)
	at org.apache.solr.common.cloud.SolrZkClient.getData(SolrZkClient.java:345)
	at org.apache.solr.common.cloud.ZkStateReader.readConfigName(ZkStateReader.java:178)
	... 33 more

INFO  - 2017-01-15 14:36:44.284; [   ] org.apache.solr.servlet.HttpSolrCall; [admin] webapp=null path=/admin/collections params={action=CLUSTERSTATUS&wt=json&_=1484490932148} status=500 QTime=9
ERROR - 2017-01-15 14:36:44.285; [   ] org.apache.solr.common.SolrException; null:org.apache.solr.common.SolrException: Error loading config name for collection flash
	at org.apache.solr.common.cloud.ZkStateReader.readConfigName(ZkStateReader.java:196)
	at org.apache.solr.handler.admin.ClusterStatus.getClusterStatus(ClusterStatus.java:141)
	at org.apache.solr.handler.admin.CollectionsHandler$CollectionOperation.lambda$static$19(CollectionsHandler.java:628)
	at org.apache.solr.handler.admin.CollectionsHandler$CollectionOperation.execute(CollectionsHandler.java:812)
	at org.apache.solr.handler.admin.CollectionsHandler.handleRequestBody(CollectionsHandler.java:206)
	at org.apache.solr.handler.RequestHandlerBase.handleRequest(RequestHandlerBase.java:154)
	at org.apache.solr.servlet.HttpSolrCall.handleAdminRequest(HttpSolrCall.java:658)
	at org.apache.solr.servlet.HttpSolrCall.call(HttpSolrCall.java:440)
	at org.apache.solr.servlet.SolrDispatchFilter.doFilter(SolrDispatchFilter.java:257)
	at org.apache.solr.servlet.SolrDispatchFilter.doFilter(SolrDispatchFilter.java:208)
	at org.eclipse.jetty.servlet.ServletHandler$CachedChain.doFilter(ServletHandler.java:1668)
	at org.eclipse.jetty.servlet.ServletHandler.doHandle(ServletHandler.java:581)
	at org.eclipse.jetty.server.handler.ScopedHandler.handle(ScopedHandler.java:143)
	at org.eclipse.jetty.security.SecurityHandler.handle(SecurityHandler.java:548)
	at org.eclipse.jetty.server.session.SessionHandler.doHandle(SessionHandler.java:226)
	at org.eclipse.jetty.server.handler.ContextHandler.doHandle(ContextHandler.java:1160)
	at org.eclipse.jetty.servlet.ServletHandler.doScope(ServletHandler.java:511)
	at org.eclipse.jetty.server.session.SessionHandler.doScope(SessionHandler.java:185)
	at org.eclipse.jetty.server.handler.ContextHandler.doScope(ContextHandler.java:1092)
	at org.eclipse.jetty.server.handler.ScopedHandler.handle(ScopedHandler.java:141)
	at org.eclipse.jetty.server.handler.ContextHandlerCollection.handle(ContextHandlerCollection.java:213)
	at org.eclipse.jetty.server.handler.HandlerCollection.handle(HandlerCollection.java:119)
	at org.eclipse.jetty.server.handler.HandlerWrapper.handle(HandlerWrapper.java:134)
	at org.eclipse.jetty.server.Server.handle(Server.java:518)
	at org.eclipse.jetty.server.HttpChannel.handle(HttpChannel.java:308)
	at org.eclipse.jetty.server.HttpConnection.onFillable(HttpConnection.java:244)
	at org.eclipse.jetty.io.AbstractConnection$ReadCallback.succeeded(AbstractConnection.java:273)
	at org.eclipse.jetty.io.FillInterest.fillable(FillInterest.java:95)
	at org.eclipse.jetty.io.SelectChannelEndPoint$2.run(SelectChannelEndPoint.java:93)
	at org.eclipse.jetty.util.thread.strategy.ExecuteProduceConsume.produceAndRun(ExecuteProduceConsume.java:246)
	at org.eclipse.jetty.util.thread.strategy.ExecuteProduceConsume.run(ExecuteProduceConsume.java:156)
	at org.eclipse.jetty.util.thread.QueuedThreadPool.runJob(QueuedThreadPool.java:654)
	at org.eclipse.jetty.util.thread.QueuedThreadPool$3.run(QueuedThreadPool.java:572)
	at java.lang.Thread.run(Thread.java:745)
Caused by: org.apache.zookeeper.KeeperException$NoNodeException: KeeperErrorCode = NoNode for /collections/flash
	at org.apache.zookeeper.KeeperException.create(KeeperException.java:111)
	at org.apache.zookeeper.KeeperException.create(KeeperException.java:51)
	at org.apache.zookeeper.ZooKeeper.getData(ZooKeeper.java:1155)
	at org.apache.solr.common.cloud.SolrZkClient$7.execute(SolrZkClient.java:348)
	at org.apache.solr.common.cloud.SolrZkClient$7.execute(SolrZkClient.java:345)
	at org.apache.solr.common.cloud.ZkCmdExecutor.retryOperation(ZkCmdExecutor.java:60)
	at org.apache.solr.common.cloud.SolrZkClient.getData(SolrZkClient.java:345)
	at org.apache.solr.common.cloud.ZkStateReader.readConfigName(ZkStateReader.java:178)
	... 33 more

INFO  - 2017-01-15 14:36:44.295; [   ] org.apache.solr.servlet.HttpSolrCall; [admin] webapp=null path=/admin/info/system params={wt=json&_=1484490932148} status=0 QTime=21
INFO  - 2017-01-15 14:36:44.307; [   ] org.apache.solr.handler.admin.CollectionsHandler; Invoked Collection Action :list with params action=LIST&wt=json&_=1484490932148 and sendToOCPQueue=true
INFO  - 2017-01-15 14:36:44.308; [   ] org.apache.solr.servlet.HttpSolrCall; [admin] webapp=null path=/admin/collections params={action=LIST&wt=json&_=1484490932148} status=0 QTime=0
INFO  - 2017-01-15 14:36:55.090; [   ] org.apache.solr.servlet.HttpSolrCall; [admin] webapp=null path=/admin/cores params={indexInfo=false&wt=json&_=1484490932147} status=0 QTime=0
INFO  - 2017-01-15 14:36:55.131; [   ] org.apache.solr.servlet.HttpSolrCall; [admin] webapp=null path=/admin/info/system params={wt=json&_=1484490932148} status=0 QTime=40
INFO  - 2017-01-15 14:36:55.141; [   ] org.apache.solr.handler.admin.CollectionsHandler; Invoked Collection Action :list with params action=LIST&wt=json&_=1484490932148 and sendToOCPQueue=true
INFO  - 2017-01-15 14:36:55.141; [   ] org.apache.solr.servlet.HttpSolrCall; [admin] webapp=null path=/admin/collections params={action=LIST&wt=json&_=1484490932148} status=0 QTime=0
INFO  - 2017-01-15 14:37:19.858; [   ] org.apache.solr.servlet.HttpSolrCall; [admin] webapp=null path=/admin/cores params={indexInfo=false&wt=json&_=1484490932147} status=0 QTime=0
INFO  - 2017-01-15 14:37:19.882; [   ] org.apache.solr.servlet.HttpSolrCall; [admin] webapp=null path=/admin/info/system params={wt=json&_=1484490932148} status=0 QTime=22
INFO  - 2017-01-15 14:37:19.891; [   ] org.apache.solr.handler.admin.CollectionsHandler; Invoked Collection Action :list with params action=LIST&wt=json&_=1484490932148 and sendToOCPQueue=true
INFO  - 2017-01-15 14:37:19.892; [   ] org.apache.solr.servlet.HttpSolrCall; [admin] webapp=null path=/admin/collections params={action=LIST&wt=json&_=1484490932148} status=0 QTime=1
INFO  - 2017-01-15 14:37:19.914; [   ] org.apache.solr.servlet.HttpSolrCall; [admin] webapp=null path=/admin/info/system params={wt=json&_=1484490932148} status=0 QTime=28
INFO  - 2017-01-15 14:37:22.928; [   ] org.apache.solr.servlet.HttpSolrCall; [admin] webapp=null path=/admin/cores params={indexInfo=false&wt=json&_=1484491042925} status=0 QTime=0
INFO  - 2017-01-15 14:37:23.005; [   ] org.apache.solr.servlet.HttpSolrCall; [admin] webapp=null path=/admin/info/system params={wt=json&_=1484491042961} status=0 QTime=43
INFO  - 2017-01-15 14:37:42.860; [   ] org.apache.solr.servlet.HttpSolrCall; [admin] webapp=null path=/admin/info/logging params={wt=json&since=0&_=1484491062855} status=0 QTime=3
INFO  - 2017-01-15 14:37:52.888; [   ] org.apache.solr.servlet.HttpSolrCall; [admin] webapp=null path=/admin/info/logging params={wt=json&since=1484491004285&_=1484491072886} status=0 QTime=0
INFO  - 2017-01-15 14:38:02.896; [   ] org.apache.solr.servlet.HttpSolrCall; [admin] webapp=null path=/admin/info/logging params={wt=json&since=1484491004285&_=1484491082893} status=0 QTime=0
INFO  - 2017-01-15 14:38:12.903; [   ] org.apache.solr.servlet.HttpSolrCall; [admin] webapp=null path=/admin/info/logging params={wt=json&since=1484491004285&_=1484491092901} status=0 QTime=0
INFO  - 2017-01-15 14:38:22.908; [   ] org.apache.solr.servlet.HttpSolrCall; [admin] webapp=null path=/admin/info/logging params={wt=json&since=1484491004285&_=1484491102906} status=0 QTime=0
INFO  - 2017-01-15 14:38:32.915; [   ] org.apache.solr.servlet.HttpSolrCall; [admin] webapp=null path=/admin/info/logging params={wt=json&since=1484491004285&_=1484491112912} status=0 QTime=0
INFO  - 2017-01-15 14:38:42.920; [   ] org.apache.solr.servlet.HttpSolrCall; [admin] webapp=null path=/admin/info/logging params={wt=json&since=1484491004285&_=1484491122918} status=0 QTime=0
INFO  - 2017-01-15 14:38:52.926; [   ] org.apache.solr.servlet.HttpSolrCall; [admin] webapp=null path=/admin/info/logging params={wt=json&since=1484491004285&_=1484491132924} status=0 QTime=0
INFO  - 2017-01-15 14:39:02.934; [   ] org.apache.solr.servlet.HttpSolrCall; [admin] webapp=null path=/admin/info/logging params={wt=json&since=1484491004285&_=1484491142931} status=0 QTime=0
INFO  - 2017-01-15 14:39:12.940; [   ] org.apache.solr.servlet.HttpSolrCall; [admin] webapp=null path=/admin/info/logging params={wt=json&since=1484491004285&_=1484491152938} status=0 QTime=0
INFO  - 2017-01-15 14:39:22.948; [   ] org.apache.solr.servlet.HttpSolrCall; [admin] webapp=null path=/admin/info/logging params={wt=json&since=1484491004285&_=1484491162945} status=0 QTime=0
INFO  - 2017-01-15 14:39:32.956; [   ] org.apache.solr.servlet.HttpSolrCall; [admin] webapp=null path=/admin/info/logging params={wt=json&since=1484491004285&_=1484491172954} status=0 QTime=0
